Mplus VERSION 8.9
MUTHEN & MUTHEN
10/21/2024  12:11 PM

INPUT INSTRUCTIONS

  TITLE: RI-CLPM for LCID Social Media and EATQ-EC Scale (delay discounting logk)

  DATA:
      FILE = "C:\Users\lg05\ownCloud - Lukas Gunschera@cloud.mrc-cbu.cam.ac.uk\
      dmh_lukas\projects\2024_cognitive_phenotype\data\lcid\mplus\dd_delaydiscount\
      lcid_logk_eatq.dat";

  VARIABLE:
      !variable names included in dataset
      NAMES ARE logk2 logk3 logk4 logk5 logk6 !delay discounting parameter
                smt5 smt6 smt7         !social media use total
                smp5 smp6 smp7         !social media use posting and scrolling
                smm5 smm6 smm7         !social media use messaging
                smv5 smv6 smv7         !social media use video watching
                eat5 eat6 eat7         !eatq-ec total
                bis5 bis6 bis7         !bis/bas behavioural inhibition
                bas5 bas6 bas7         !bis/bas behavioural activation
                bbt5 bbt6 bbt7         !bis/bas total
                hsc5 hsc6 hsc7         !highly sensitive child scale total
                sdq5 sdq6 sdq7         !strengths and difficulties total
                sdqi5 sdqi6 sdqi7      !strengths and difficulties internalising
                sdqe5 sdqe6 sdqe7      !strengths and difficulties externalising

                csm5 csm6              !compulsive social media use [aux]
                sex ses edu1           !demographics [aux]
                bsi6 bsi7              !brief symptom inventory total [aux]
                bsid6 bsid7            !brief symptom inventory depression [aux]
                bsia6 bsia7            !brief symptom inventory anxiety [aux]
                pdsi2 pds5 pds6 pds7;  !pubertal development score [aux]

      !variables used in analyses
      USEVARIABLES ARE logk5 logk6
                       smp5 smp6 smp7
                       eat5 eat6 eat7;

      !missingness marker in dataset
      MISSING ARE ALL (-999);

      !auxiliary variables to establish MAR
      AUXILIARY ARE csm5 csm6 sex ses edu1
                    bsi6 bsi7 bsid6 bsid7 bsia6 bsia7
                    pdsi2 pds5 pds6 pds7;

  ANALYSIS:
      Estimator = BAYES;
      Type = random;          !required when including interaction effects
      model = nocovariances;  !covariances should not be estimated per default
      processors = 2;         !multiple processors used to increase computing speed
      chains = 2;             !number of MCMC chains
      thin = 10;              !save every 10th iteration

      fbiter = 100000;        !PSR < 1.1 at 44,800 iterations (2x to 100,000)

  MODEL:
      !Create between components (random intercepts)
      RIsm BY smp5@1 smp6@1 smp7@1;
      RImh BY eat5@1 eat6@1 eat7@1;

      !Create within-person centred variables
      wsm_5 BY smp5@1;
      wsm_6 BY smp6@1;
      wsm_7 BY smp7@1;

      wmh_5 BY eat5@1;
      wmh_6 BY eat6@1;
      wmh_7 BY eat7@1;

      FLK6 BY logk6@1;
      FLK5 BY logk5@1;

      !Constrain measurement error variances to zero
      !or close to zero to allow for reasonable imputation times
      smp5-eat7@0.2;
      logk6@0; logk5@0;

      !Estimate the lagged effects between the within-person centred variables
      wsm_7 ON wsm_6 wmh_6;
      wmh_7 ON wsm_6 wmh_6;

      wsm_6 ON wsm_5 wmh_5;
      wmh_6 ON wsm_5 wmh_5;

      !Create interaction term interacting within-person centred bisbas score
      !with time-invariant delay discounting parameter k
      mod_dd6 | wsm_6 XWITH FLK6;
      mod_dd5 | wsm_5 XWITH FLK5;

      !predict within-person centred emotional problems with interaction
  	wmh_7 ON mod_dd6 (a);
      wmh_6 ON mod_dd5 (a);

      !Estimate covariance between random intercepts
      RIsm WITH RImh;

      !Estimate the covariance between the within-person
      !components at the first wave
      wmh_5 WITH wsm_5;

      !Estimate the covariances between the residuals of
      !the within-person components
      wmh_6 WITH wsm_6;
      wmh_7 WITH wsm_7;

  OUTPUT:
      TECH8;    !get PSR values
      STDYX;    !get standardised output



INPUT READING TERMINATED NORMALLY



RI-CLPM for LCID Social Media and EATQ-EC Scale (delay discounting logk)

SUMMARY OF ANALYSIS

Number of groups                                                 1
Number of observations                                         300

Number of dependent variables                                    8
Number of independent variables                                  0
Number of continuous latent variables                           12

Observed dependent variables

  Continuous
   LOGK5       LOGK6       SMP5        SMP6        SMP7        EAT5
   EAT6        EAT7

Observed auxiliary variables
   CSM5        CSM6        SEX         SES         EDU1        BSI6
   BSI7        BSID6       BSID7       BSIA6       BSIA7       PDSI2
   PDS5        PDS6        PDS7

Continuous latent variables
   RISM        RIMH        WSM_5       WSM_6       WSM_7       WMH_5
   WMH_6       WMH_7       FLK6        FLK5        MOD_DD6     MOD_DD5


Estimator                                                    BAYES
Specifications for Bayesian Estimation
  Point estimate                                            MEDIAN
  Number of Markov chain Monte Carlo (MCMC) chains               2
  Random seed for the first chain                                0
  Starting value information                           UNPERTURBED
  Algorithm used for Markov chain Monte Carlo           GIBBS(PX1)
  Fixed number of iterations                                100000
  K-th iteration used for thinning                              10

Input data file(s)
  C:\Users\lg05\ownCloud - Lukas Gunschera@cloud.mrc-cbu.cam.ac.uk\dmh_lukas\pro
Input data format  FREE


SUMMARY OF DATA



COVARIANCE COVERAGE OF DATA

Minimum covariance coverage value   0.100

     Number of missing data patterns            22


     PROPORTION OF DATA PRESENT


           Covariance Coverage
              LOGK5         LOGK6         SMP5          SMP6          SMP7
              ________      ________      ________      ________      ________
 LOGK5          0.787
 LOGK6          0.203         0.227
 SMP5           0.777         0.217         0.867
 SMP6           0.630         0.227         0.697         0.757
 SMP7           0.380         0.097         0.437         0.383         0.543
 EAT5           0.780         0.217         0.867         0.700         0.440
 EAT6           0.633         0.227         0.703         0.757         0.390
 EAT7           0.380         0.097         0.437         0.383         0.543


           Covariance Coverage
              EAT5          EAT6          EAT7
              ________      ________      ________
 EAT5           0.870
 EAT6           0.707         0.763
 EAT7           0.440         0.390         0.543



UNIVARIATE SAMPLE STATISTICS


     UNIVARIATE HIGHER-ORDER MOMENT DESCRIPTIVE STATISTICS

         Variable/         Mean/     Skewness/   Minimum/ % with                Percentiles
        Sample Size      Variance    Kurtosis    Maximum  Min/Max      20%/60%    40%/80%    Median

     LOGK5                 4.211       0.461       0.184    0.42%       1.992      3.249      3.881
             236.000       5.763      -0.443      10.192    0.42%       4.638      6.307
     LOGK6                 4.987       0.093       0.312    1.47%       2.434      4.315      5.145
              68.000       6.163      -0.768      10.295    1.47%       5.603      6.959
     SMP5                  1.369       1.000       0.000   27.31%       0.000      1.000      1.000
             260.000       1.594       0.602       5.000    3.08%       1.000      2.000
     SMP6                  1.511       0.837       0.000   20.26%       0.000      1.000      1.000
             227.000       1.492       0.387       5.000    3.08%       2.000      3.000
     SMP7                  2.006       0.563       0.000   14.11%       1.000      1.000      2.000
             163.000       2.117      -0.499       5.000    9.20%       2.000      3.000
     EAT5                 64.314       0.049      48.000    0.38%      61.000     63.000     64.000
             261.000      27.357       0.086      78.000    0.77%      66.000     68.000
     EAT6                 54.441      -0.695      35.000    0.44%      52.000     54.000     55.000
             229.000      12.474       3.097      63.000    0.44%      55.000     57.000
     EAT7                 53.141      -0.497      39.000    0.61%      51.000     52.000     53.000
             163.000      13.888       1.067      62.000    1.23%      54.000     56.000


THE MODEL ESTIMATION TERMINATED NORMALLY

     USE THE FBITERATIONS OPTION TO INCREASE THE NUMBER OF ITERATIONS BY A FACTOR
     OF AT LEAST TWO TO CHECK CONVERGENCE AND THAT THE PSR VALUE DOES NOT INCREASE.



MODEL FIT INFORMATION

Number of Free Parameters                              31



MODEL RESULTS

                                Posterior  One-Tailed         95% C.I.
                    Estimate       S.D.      P-Value   Lower 2.5%  Upper 2.5%  Significance

 RISM     BY
    SMP5               1.000       0.000      0.000       1.000       1.000
    SMP6               1.000       0.000      0.000       1.000       1.000
    SMP7               1.000       0.000      0.000       1.000       1.000

 RIMH     BY
    EAT5               1.000       0.000      0.000       1.000       1.000
    EAT6               1.000       0.000      0.000       1.000       1.000
    EAT7               1.000       0.000      0.000       1.000       1.000

 WSM_5    BY
    SMP5               1.000       0.000      0.000       1.000       1.000

 WSM_6    BY
    SMP6               1.000       0.000      0.000       1.000       1.000

 WSM_7    BY
    SMP7               1.000       0.000      0.000       1.000       1.000

 WMH_5    BY
    EAT5               1.000       0.000      0.000       1.000       1.000

 WMH_6    BY
    EAT6               1.000       0.000      0.000       1.000       1.000

 WMH_7    BY
    EAT7               1.000       0.000      0.000       1.000       1.000

 FLK6     BY
    LOGK6              1.000       0.000      0.000       1.000       1.000

 FLK5     BY
    LOGK5              1.000       0.000      0.000       1.000       1.000

 WSM_7      ON
    WSM_6             -0.353       0.391      0.149      -1.279       0.256
    WMH_6              0.047       0.095      0.290      -0.108       0.265

 WMH_7      ON
    WSM_6              0.261       0.877      0.376      -1.254       2.200
    WMH_6             -0.176       0.256      0.224      -0.772       0.246
    MOD_DD6           -0.233       0.143      0.048      -0.522       0.041

 WSM_6      ON
    WSM_5              0.270       0.138      0.030      -0.011       0.525
    WMH_5              0.005       0.018      0.395      -0.030       0.039

 WMH_6      ON
    WSM_5              0.339       0.414      0.210      -0.502       1.124
    WMH_5              0.018       0.065      0.393      -0.106       0.150
    MOD_DD5           -0.233       0.143      0.048      -0.522       0.041

 RISM     WITH
    RIMH              -0.569       0.320      0.047      -1.154       0.112

 WMH_5    WITH
    WSM_5              0.018       0.455      0.484      -0.899       0.895

 WMH_6    WITH
    WSM_6              0.844       0.341      0.007       0.170       1.505      *

 WMH_7    WITH
    WSM_7              0.037       0.665      0.478      -1.180       1.445

 Intercepts
    LOGK5              4.223       0.160      0.000       3.901       4.533      *
    LOGK6              4.880       0.308      0.000       4.275       5.446      *
    SMP5               1.376       0.079      0.000       1.222       1.532      *
    SMP6               1.522       0.080      0.000       1.365       1.680      *
    SMP7               1.983       0.119      0.000       1.751       2.218      *
    EAT5              64.318       0.331      0.000      63.663      64.964      *
    EAT6              54.423       0.238      0.000      53.956      54.893      *
    EAT7              53.115       0.298      0.000      52.528      53.703      *

 Variances
    RISM               0.561       0.152      0.000       0.234       0.839      *
    RIMH               3.821       1.343      0.000       1.041       6.331      *
    WSM_5              0.911       0.172      0.000       0.624       1.301      *
    WMH_5             24.376       2.607      0.000      19.847      30.052      *
    FLK6               6.738       1.179      0.000       4.749       9.366      *
    FLK5               5.869       0.552      0.000       4.919       7.085      *

 Residual Variances
    LOGK5              0.001       0.000      0.000       0.001       0.001
    LOGK6              0.001       0.000      0.000       0.001       0.001
    SMP5               0.200       0.000      0.000       0.200       0.200
    SMP6               0.200       0.000      0.000       0.200       0.200
    SMP7               0.200       0.000      0.000       0.200       0.200
    EAT5               0.200       0.000      0.000       0.200       0.200
    EAT6               0.200       0.000      0.000       0.200       0.200
    EAT7               0.200       0.000      0.000       0.200       0.200
    WSM_6              0.697       0.142      0.000       0.431       0.987      *
    WSM_7              1.421       0.362      0.000       0.637       2.085      *
    WMH_6              8.506       1.704      0.000       5.491      12.133      *
    WMH_7              9.984       2.358      0.000       5.167      14.479      *


STANDARDIZED MODEL RESULTS


STDYX Standardization

                                Posterior  One-Tailed         95% C.I.
                    Estimate       S.D.      P-Value   Lower 2.5%  Upper 2.5%  Significance
 RISM     BY
    SMP5               0.581       0.079      0.000       0.378       0.692      *
    SMP6               0.603       0.089      0.000       0.387       0.736      *
    SMP7               0.489       0.069      0.000       0.320       0.593      *

 RIMH     BY
    EAT5               0.367       0.069      0.000       0.193       0.467      *
    EAT6               0.536       0.103      0.000       0.279       0.693      *
    EAT7               0.502       0.094      0.000       0.265       0.639      *

 WSM_5    BY
    SMP5               0.737       0.057      0.000       0.632       0.858      *

 WSM_6    BY
    SMP6               0.712       0.072      0.000       0.567       0.852      *

 WSM_7    BY
    SMP7               0.822       0.039      0.000       0.745       0.902      *

 WMH_5    BY
    EAT5               0.926       0.025      0.000       0.880       0.978      *

 WMH_6    BY
    EAT6               0.835       0.062      0.000       0.710       0.952      *

 WMH_7    BY
    EAT7               0.858       0.050      0.000       0.760       0.957      *

 FLK6     BY
    LOGK6              1.000       0.000      0.000       1.000       1.000      *

 FLK5     BY
    LOGK5              1.000       0.000      0.000       1.000       1.000      *

 WSM_7      ON
    WSM_6             -0.250       0.254      0.149      -0.805       0.186
    WMH_6              0.114       0.225      0.290      -0.249       0.628

 WMH_7      ON
    WSM_6              0.070       0.224      0.376      -0.315       0.564
    WMH_6             -0.161       0.226      0.224      -0.664       0.223
    MOD_DD6           -0.159       0.098      0.048      -0.360       0.028

 WSM_6      ON
    WSM_5              0.292       0.139      0.030      -0.013       0.527
    WMH_5              0.026       0.099      0.395      -0.167       0.222

 WMH_6      ON
    WSM_5              0.107       0.129      0.210      -0.155       0.347
    WMH_5              0.029       0.105      0.393      -0.181       0.227
    MOD_DD5           -0.180       0.104      0.048      -0.375       0.031

 RISM     WITH
    RIMH              -0.402       0.251      0.047      -0.908       0.098

 WMH_5    WITH
    WSM_5              0.004       0.095      0.484      -0.184       0.188

 WMH_6    WITH
    WSM_6              0.354       0.149      0.007       0.067       0.646      *

 WMH_7    WITH
    WSM_7              0.010       0.209      0.478      -0.306       0.551

 Intercepts
    LOGK5              1.741       0.105      0.000       1.540       1.950      *
    LOGK6              1.865       0.206      0.000       1.540       2.363      *
    SMP5               1.065       0.077      0.000       0.915       1.217      *
    SMP6               1.225       0.086      0.000       1.058       1.393      *
    SMP7               1.297       0.109      0.000       1.087       1.512      *
    EAT5              12.080       0.539      0.000      11.037      13.148      *
    EAT6              14.959       0.728      0.000      13.544      16.397      *
    EAT7              13.641       0.799      0.000      12.093      15.223      *

 Variances
    RISM               1.000       0.000      0.000       1.000       1.000
    RIMH               1.000       0.000      0.000       1.000       1.000
    WSM_5              1.000       0.000      0.000       1.000       1.000
    WMH_5              1.000       0.000      0.000       1.000       1.000
    FLK6               1.000       0.000      0.000       1.000       1.000
    FLK5               1.000       0.000      0.000       1.000       1.000

 Residual Variances
    LOGK5              0.000       0.000      0.000       0.000       0.000      *
    LOGK6              0.000       0.000      0.000       0.000       0.000      *
    SMP5               0.120       0.011      0.000       0.100       0.142      *
    SMP6               0.130       0.012      0.000       0.107       0.155      *
    SMP7               0.086       0.010      0.000       0.067       0.106      *
    EAT5               0.007       0.001      0.000       0.006       0.008      *
    EAT6               0.015       0.001      0.000       0.012       0.018      *
    EAT7               0.013       0.002      0.000       0.010       0.016      *
    WSM_6              0.902       0.076      0.000       0.712       0.994      *
    WSM_7              0.918       0.141      0.000       0.474       0.997      *
    WMH_6              0.928       0.053      0.000       0.792       0.991      *
    WMH_7              0.902       0.112      0.000       0.570       0.988      *


R-SQUARE

                                Posterior  One-Tailed         95% C.I.
    Variable        Estimate       S.D.      P-Value   Lower 2.5%  Upper 2.5%

    LOGK5              1.000       0.000      0.000       1.000       1.000
    LOGK6              1.000       0.000      0.000       1.000       1.000
    SMP5               0.880       0.011      0.000       0.858       0.900
    SMP6               0.870       0.012      0.000       0.845       0.893
    SMP7               0.914       0.010      0.000       0.894       0.933
    EAT5               0.993       0.001      0.000       0.992       0.994
    EAT6               0.985       0.001      0.000       0.982       0.988
    EAT7               0.987       0.002      0.000       0.984       0.990

                                Posterior  One-Tailed         95% C.I.
    Variable        Estimate       S.D.      P-Value   Lower 2.5%  Upper 2.5%

    WSM_6              0.098       0.076      0.000       0.006       0.288
    WSM_7              0.082       0.141      0.000       0.003       0.526
    WMH_6              0.072       0.053      0.000       0.009       0.208
    WMH_7              0.098       0.112      0.000       0.012       0.430


TECHNICAL 1 OUTPUT


     PARAMETER SPECIFICATION


           NU
              LOGK5         LOGK6         SMP5          SMP6          SMP7
              ________      ________      ________      ________      ________
                    1             2             3             4             5


           NU
              EAT5          EAT6          EAT7
              ________      ________      ________
                    6             7             8


           LAMBDA
              RISM          RIMH          WSM_5         WSM_6         WSM_7
              ________      ________      ________      ________      ________
 LOGK5              0             0             0             0             0
 LOGK6              0             0             0             0             0
 SMP5               0             0             0             0             0
 SMP6               0             0             0             0             0
 SMP7               0             0             0             0             0
 EAT5               0             0             0             0             0
 EAT6               0             0             0             0             0
 EAT7               0             0             0             0             0


           LAMBDA
              WMH_5         WMH_6         WMH_7         FLK6          FLK5
              ________      ________      ________      ________      ________
 LOGK5              0             0             0             0             0
 LOGK6              0             0             0             0             0
 SMP5               0             0             0             0             0
 SMP6               0             0             0             0             0
 SMP7               0             0             0             0             0
 EAT5               0             0             0             0             0
 EAT6               0             0             0             0             0
 EAT7               0             0             0             0             0


           LAMBDA
              MOD_DD6       MOD_DD5
              ________      ________
 LOGK5              0             0
 LOGK6              0             0
 SMP5               0             0
 SMP6               0             0
 SMP7               0             0
 EAT5               0             0
 EAT6               0             0
 EAT7               0             0


           THETA
              LOGK5         LOGK6         SMP5          SMP6          SMP7
              ________      ________      ________      ________      ________
 LOGK5              0
 LOGK6              0             0
 SMP5               0             0             0
 SMP6               0             0             0             0
 SMP7               0             0             0             0             0
 EAT5               0             0             0             0             0
 EAT6               0             0             0             0             0
 EAT7               0             0             0             0             0


           THETA
              EAT5          EAT6          EAT7
              ________      ________      ________
 EAT5               0
 EAT6               0             0
 EAT7               0             0             0


           ALPHA
              RISM          RIMH          WSM_5         WSM_6         WSM_7
              ________      ________      ________      ________      ________
                    0             0             0             0             0


           ALPHA
              WMH_5         WMH_6         WMH_7         FLK6          FLK5
              ________      ________      ________      ________      ________
                    0             0             0             0             0


           ALPHA
              MOD_DD6       MOD_DD5
              ________      ________
                    0             0


           BETA
              RISM          RIMH          WSM_5         WSM_6         WSM_7
              ________      ________      ________      ________      ________
 RISM               0             0             0             0             0
 RIMH               0             0             0             0             0
 WSM_5              0             0             0             0             0
 WSM_6              0             0             9             0             0
 WSM_7              0             0             0            11             0
 WMH_5              0             0             0             0             0
 WMH_6              0             0            13             0             0
 WMH_7              0             0             0            16             0
 FLK6               0             0             0             0             0
 FLK5               0             0             0             0             0
 MOD_DD6            0             0             0             0             0
 MOD_DD5            0             0             0             0             0


           BETA
              WMH_5         WMH_6         WMH_7         FLK6          FLK5
              ________      ________      ________      ________      ________
 RISM               0             0             0             0             0
 RIMH               0             0             0             0             0
 WSM_5              0             0             0             0             0
 WSM_6             10             0             0             0             0
 WSM_7              0            12             0             0             0
 WMH_5              0             0             0             0             0
 WMH_6             14             0             0             0             0
 WMH_7              0            17             0             0             0
 FLK6               0             0             0             0             0
 FLK5               0             0             0             0             0
 MOD_DD6            0             0             0             0             0
 MOD_DD5            0             0             0             0             0


           BETA
              MOD_DD6       MOD_DD5
              ________      ________
 RISM               0             0
 RIMH               0             0
 WSM_5              0             0
 WSM_6              0             0
 WSM_7              0             0
 WMH_5              0             0
 WMH_6              0            15
 WMH_7             15             0
 FLK6               0             0
 FLK5               0             0
 MOD_DD6            0             0
 MOD_DD5            0             0


           PSI
              RISM          RIMH          WSM_5         WSM_6         WSM_7
              ________      ________      ________      ________      ________
 RISM              18
 RIMH              19            20
 WSM_5              0             0            21
 WSM_6              0             0             0            22
 WSM_7              0             0             0             0            23
 WMH_5              0             0            24             0             0
 WMH_6              0             0             0            26             0
 WMH_7              0             0             0             0            28
 FLK6               0             0             0             0             0
 FLK5               0             0             0             0             0
 MOD_DD6            0             0             0             0             0
 MOD_DD5            0             0             0             0             0


           PSI
              WMH_5         WMH_6         WMH_7         FLK6          FLK5
              ________      ________      ________      ________      ________
 WMH_5             25
 WMH_6              0            27
 WMH_7              0             0            29
 FLK6               0             0             0            30
 FLK5               0             0             0             0            31
 MOD_DD6            0             0             0             0             0
 MOD_DD5            0             0             0             0             0


           PSI
              MOD_DD6       MOD_DD5
              ________      ________
 MOD_DD6            0
 MOD_DD5            0             0


     STARTING VALUES


           NU
              LOGK5         LOGK6         SMP5          SMP6          SMP7
              ________      ________      ________      ________      ________
                4.211         4.987         1.369         1.511         2.006


           NU
              EAT5          EAT6          EAT7
              ________      ________      ________
               64.314        54.441        53.141


           LAMBDA
              RISM          RIMH          WSM_5         WSM_6         WSM_7
              ________      ________      ________      ________      ________
 LOGK5          0.000         0.000         0.000         0.000         0.000
 LOGK6          0.000         0.000         0.000         0.000         0.000
 SMP5           1.000         0.000         1.000         0.000         0.000
 SMP6           1.000         0.000         0.000         1.000         0.000
 SMP7           1.000         0.000         0.000         0.000         1.000
 EAT5           0.000         1.000         0.000         0.000         0.000
 EAT6           0.000         1.000         0.000         0.000         0.000
 EAT7           0.000         1.000         0.000         0.000         0.000


           LAMBDA
              WMH_5         WMH_6         WMH_7         FLK6          FLK5
              ________      ________      ________      ________      ________
 LOGK5          0.000         0.000         0.000         0.000         1.000
 LOGK6          0.000         0.000         0.000         1.000         0.000
 SMP5           0.000         0.000         0.000         0.000         0.000
 SMP6           0.000         0.000         0.000         0.000         0.000
 SMP7           0.000         0.000         0.000         0.000         0.000
 EAT5           1.000         0.000         0.000         0.000         0.000
 EAT6           0.000         1.000         0.000         0.000         0.000
 EAT7           0.000         0.000         1.000         0.000         0.000


           LAMBDA
              MOD_DD6       MOD_DD5
              ________      ________
 LOGK5          0.000         0.000
 LOGK6          0.000         0.000
 SMP5           0.000         0.000
 SMP6           0.000         0.000
 SMP7           0.000         0.000
 EAT5           0.000         0.000
 EAT6           0.000         0.000
 EAT7           0.000         0.000


           THETA
              LOGK5         LOGK6         SMP5          SMP6          SMP7
              ________      ________      ________      ________      ________
 LOGK5          0.000
 LOGK6          0.000         0.000
 SMP5           0.000         0.000         0.200
 SMP6           0.000         0.000         0.000         0.200
 SMP7           0.000         0.000         0.000         0.000         0.200
 EAT5           0.000         0.000         0.000         0.000         0.000
 EAT6           0.000         0.000         0.000         0.000         0.000
 EAT7           0.000         0.000         0.000         0.000         0.000


           THETA
              EAT5          EAT6          EAT7
              ________      ________      ________
 EAT5           0.200
 EAT6           0.000         0.200
 EAT7           0.000         0.000         0.200


           ALPHA
              RISM          RIMH          WSM_5         WSM_6         WSM_7
              ________      ________      ________      ________      ________
                0.000         0.000         0.000         0.000         0.000


           ALPHA
              WMH_5         WMH_6         WMH_7         FLK6          FLK5
              ________      ________      ________      ________      ________
                0.000         0.000         0.000         0.000         0.000


           ALPHA
              MOD_DD6       MOD_DD5
              ________      ________
                0.000         0.000


           BETA
              RISM          RIMH          WSM_5         WSM_6         WSM_7
              ________      ________      ________      ________      ________
 RISM           0.000         0.000         0.000         0.000         0.000
 RIMH           0.000         0.000         0.000         0.000         0.000
 WSM_5          0.000         0.000         0.000         0.000         0.000
 WSM_6          0.000         0.000         0.000         0.000         0.000
 WSM_7          0.000         0.000         0.000         0.000         0.000
 WMH_5          0.000         0.000         0.000         0.000         0.000
 WMH_6          0.000         0.000         0.000         0.000         0.000
 WMH_7          0.000         0.000         0.000         0.000         0.000
 FLK6           0.000         0.000         0.000         0.000         0.000
 FLK5           0.000         0.000         0.000         0.000         0.000
 MOD_DD6        0.000         0.000         0.000         0.000         0.000
 MOD_DD5        0.000         0.000         0.000         0.000         0.000


           BETA
              WMH_5         WMH_6         WMH_7         FLK6          FLK5
              ________      ________      ________      ________      ________
 RISM           0.000         0.000         0.000         0.000         0.000
 RIMH           0.000         0.000         0.000         0.000         0.000
 WSM_5          0.000         0.000         0.000         0.000         0.000
 WSM_6          0.000         0.000         0.000         0.000         0.000
 WSM_7          0.000         0.000         0.000         0.000         0.000
 WMH_5          0.000         0.000         0.000         0.000         0.000
 WMH_6          0.000         0.000         0.000         0.000         0.000
 WMH_7          0.000         0.000         0.000         0.000         0.000
 FLK6           0.000         0.000         0.000         0.000         0.000
 FLK5           0.000         0.000         0.000         0.000         0.000
 MOD_DD6        0.000         0.000         0.000         0.000         0.000
 MOD_DD5        0.000         0.000         0.000         0.000         0.000


           BETA
              MOD_DD6       MOD_DD5
              ________      ________
 RISM           0.000         0.000
 RIMH           0.000         0.000
 WSM_5          0.000         0.000
 WSM_6          0.000         0.000
 WSM_7          0.000         0.000
 WMH_5          0.000         0.000
 WMH_6          0.000         0.000
 WMH_7          0.000         0.000
 FLK6           0.000         0.000
 FLK5           0.000         0.000
 MOD_DD6        0.000         0.000
 MOD_DD5        0.000         0.000


           PSI
              RISM          RIMH          WSM_5         WSM_6         WSM_7
              ________      ________      ________      ________      ________
 RISM           1.000
 RIMH           0.000         1.000
 WSM_5          0.000         0.000         1.000
 WSM_6          0.000         0.000         0.000         1.000
 WSM_7          0.000         0.000         0.000         0.000         1.000
 WMH_5          0.000         0.000         0.000         0.000         0.000
 WMH_6          0.000         0.000         0.000         0.000         0.000
 WMH_7          0.000         0.000         0.000         0.000         0.000
 FLK6           0.000         0.000         0.000         0.000         0.000
 FLK5           0.000         0.000         0.000         0.000         0.000
 MOD_DD6        0.000         0.000         0.000         0.000         0.000
 MOD_DD5        0.000         0.000         0.000         0.000         0.000


           PSI
              WMH_5         WMH_6         WMH_7         FLK6          FLK5
              ________      ________      ________      ________      ________
 WMH_5          1.000
 WMH_6          0.000         1.000
 WMH_7          0.000         0.000         1.000
 FLK6           0.000         0.000         0.000         1.000
 FLK5           0.000         0.000         0.000         0.000         1.000
 MOD_DD6        0.000         0.000         0.000         0.000         0.000
 MOD_DD5        0.000         0.000         0.000         0.000         0.000


           PSI
              MOD_DD6       MOD_DD5
              ________      ________
 MOD_DD6        0.000
 MOD_DD5        0.000         0.000



     PRIORS FOR ALL PARAMETERS            PRIOR MEAN      PRIOR VARIANCE     PRIOR STD. DEV.

     Parameter 1~N(0.000,infinity)           0.0000            infinity            infinity
     Parameter 2~N(0.000,infinity)           0.0000            infinity            infinity
     Parameter 3~N(0.000,infinity)           0.0000            infinity            infinity
     Parameter 4~N(0.000,infinity)           0.0000            infinity            infinity
     Parameter 5~N(0.000,infinity)           0.0000            infinity            infinity
     Parameter 6~N(0.000,infinity)           0.0000            infinity            infinity
     Parameter 7~N(0.000,infinity)           0.0000            infinity            infinity
     Parameter 8~N(0.000,infinity)           0.0000            infinity            infinity
     Parameter 9~N(0.000,infinity)           0.0000            infinity            infinity
     Parameter 10~N(0.000,infinity)          0.0000            infinity            infinity
     Parameter 11~N(0.000,infinity)          0.0000            infinity            infinity
     Parameter 12~N(0.000,infinity)          0.0000            infinity            infinity
     Parameter 13~N(0.000,infinity)          0.0000            infinity            infinity
     Parameter 14~N(0.000,infinity)          0.0000            infinity            infinity
     Parameter 15~N(0.000,infinity)          0.0000            infinity            infinity
     Parameter 16~N(0.000,infinity)          0.0000            infinity            infinity
     Parameter 17~N(0.000,infinity)          0.0000            infinity            infinity
     Parameter 18~IW(0.000,-3)             infinity            infinity            infinity
     Parameter 19~IW(0.000,-3)             infinity            infinity            infinity
     Parameter 20~IW(0.000,-3)             infinity            infinity            infinity
     Parameter 21~IW(0.000,-3)             infinity            infinity            infinity
     Parameter 22~IW(0.000,-3)             infinity            infinity            infinity
     Parameter 23~IW(0.000,-3)             infinity            infinity            infinity
     Parameter 24~IW(0.000,-3)             infinity            infinity            infinity
     Parameter 25~IW(0.000,-3)             infinity            infinity            infinity
     Parameter 26~IW(0.000,-3)             infinity            infinity            infinity
     Parameter 27~IW(0.000,-3)             infinity            infinity            infinity
     Parameter 28~IW(0.000,-3)             infinity            infinity            infinity
     Parameter 29~IW(0.000,-3)             infinity            infinity            infinity
     Parameter 30~IG(-1.000,0.000)         infinity            infinity            infinity
     Parameter 31~IG(-1.000,0.000)         infinity            infinity            infinity


TECHNICAL 8 OUTPUT


   TECHNICAL 8 OUTPUT FOR BAYES ESTIMATION

     CHAIN    BSEED
     1        0
     2        285380

                     POTENTIAL       PARAMETER WITH
     ITERATION    SCALE REDUCTION      HIGHEST PSR
     100              3.689               1
     200              4.389               2
     300              3.516               2
     400              4.150               2
     500              3.101               2
     600              3.509               1
     700              4.244               1
     800              4.150               1
     900              4.375               1
     1000             4.008               1
     1100             4.359               1
     1200             4.762               1
     1300             4.668               1
     1400             4.488               1
     1500             3.166               1
     1600             2.587               1
     1700             2.141               1
     1800             2.249               2
     1900             2.497               2
     2000             3.071               2
     2100             3.491               2
     2200             3.462               2
     2300             3.547               2
     2400             3.499               2
     2500             3.601               2
     2600             3.568               2
     2700             3.188               2
     2800             2.837               2
     2900             2.587               2
     3000             2.320               2
     3100             2.120               2
     3200             1.893               2
     3300             1.695               2
     3400             1.586               2
     3500             1.502               2
     3600             1.482               2
     3700             1.490               2
     3800             1.501               2
     3900             1.539               2
     4000             1.557               2
     4100             1.575               2
     4200             1.608               2
     4300             1.641               2
     4400             1.659               2
     4500             1.662               2
     4600             1.682               2
     4700             1.714               2
     4800             1.734               2
     4900             1.781               2
     5000             1.831               2
     5100             1.854               2
     5200             1.862               2
     5300             1.840               2
     5400             1.821               2
     5500             1.837               2
     5600             1.879               2
     5700             1.923               2
     5800             1.965               2
     5900             1.991               2
     6000             2.065               2
     6100             2.152               2
     6200             2.233               2
     6300             2.311               2
     6400             2.399               2
     6500             2.510               2
     6600             2.609               2
     6700             2.688               2
     6800             2.774               2
     6900             2.890               2
     7000             2.977               2
     7100             3.058               2
     7200             3.119               2
     7300             3.164               2
     7400             3.179               2
     7500             3.205               2
     7600             3.226               2
     7700             3.244               2
     7800             3.281               2
     7900             3.318               2
     8000             3.337               2
     8100             3.361               2
     8200             3.378               2
     8300             3.357               2
     8400             3.308               2
     8500             3.248               2
     8600             3.158               2
     8700             3.022               2
     8800             3.009               2
     8900             2.973               2
     9000             2.911               2
     9100             2.873               2
     9200             2.782               2
     9300             2.687               2
     9400             2.560               2
     9500             2.425               2
     9600             2.333               2
     9700             2.257               2
     9800             2.205               2
     9900             2.175               2
     10000            2.145               2
     10100            2.132               2
     10200            2.156               2
     10300            2.181               2
     10400            2.218               2
     10500            2.259               2
     10600            2.292               2
     10700            2.306               2
     10800            2.285               2
     10900            2.224               2
     11000            2.181               2
     11100            2.152               2
     11200            2.106               2
     11300            2.061               2
     11400            2.033               2
     11500            2.008               2
     11600            1.976               2
     11700            1.936               2
     11800            1.901               2
     11900            1.854               2
     12000            1.791               2
     12100            1.720               2
     12200            1.632               2
     12300            1.553               2
     12400            1.488               2
     12500            1.440               2
     12600            1.392               2
     12700            1.348               2
     12800            1.306               2
     12900            1.265               2
     13000            1.225               2
     13100            1.197               2
     13200            1.178               2
     13300            1.171               30
     13400            1.186               30
     13500            1.204               30
     13600            1.219               30
     13700            1.235               30
     13800            1.246               30
     13900            1.259               30
     14000            1.273               30
     14100            1.285               30
     14200            1.297               30
     14300            1.309               30
     14400            1.313               30
     14500            1.314               30
     14600            1.315               30
     14700            1.319               30
     14800            1.330               30
     14900            1.340               30
     15000            1.355               30
     15100            1.373               30
     15200            1.386               30
     15300            1.394               30
     15400            1.402               30
     15500            1.405               30
     15600            1.404               30
     15700            1.405               30
     15800            1.412               30
     15900            1.421               30
     16000            1.434               30
     16100            1.447               30
     16200            1.461               30
     16300            1.474               30
     16400            1.487               30
     16500            1.508               30
     16600            1.528               30
     16700            1.551               30
     16800            1.582               30
     16900            1.611               30
     17000            1.639               30
     17100            1.661               30
     17200            1.689               30
     17300            1.713               30
     17400            1.730               30
     17500            1.746               30
     17600            1.765               30
     17700            1.770               30
     17800            1.774               30
     17900            1.773               30
     18000            1.766               30
     18100            1.755               30
     18200            1.753               30
     18300            1.739               30
     18400            1.721               30
     18500            1.699               30
     18600            1.669               30
     18700            1.633               30
     18800            1.598               30
     18900            1.573               30
     19000            1.555               30
     19100            1.534               30
     19200            1.515               30
     19300            1.493               30
     19400            1.472               30
     19500            1.452               30
     19600            1.428               30
     19700            1.405               30
     19800            1.379               30
     19900            1.360               30
     20000            1.342               30
     20100            1.325               30
     20200            1.324               1
     20300            1.335               1
     20400            1.344               1
     20500            1.351               1
     20600            1.358               1
     20700            1.361               1
     20800            1.365               1
     20900            1.366               1
     21000            1.369               1
     21100            1.368               1
     21200            1.367               1
     21300            1.367               1
     21400            1.371               1
     21500            1.371               1
     21600            1.369               1
     21700            1.367               1
     21800            1.366               1
     21900            1.367               1
     22000            1.367               1
     22100            1.365               1
     22200            1.363               1
     22300            1.365               1
     22400            1.365               1
     22500            1.362               1
     22600            1.354               1
     22700            1.342               1
     22800            1.341               1
     22900            1.340               1
     23000            1.340               1
     23100            1.341               1
     23200            1.344               1
     23300            1.351               1
     23400            1.358               1
     23500            1.363               1
     23600            1.363               1
     23700            1.352               1
     23800            1.343               1
     23900            1.337               1
     24000            1.329               1
     24100            1.319               1
     24200            1.307               1
     24300            1.296               1
     24400            1.295               30
     24500            1.294               30
     24600            1.291               30
     24700            1.287               30
     24800            1.284               30
     24900            1.283               30
     25000            1.282               30
     25100            1.282               30
     25200            1.282               30
     25300            1.279               30
     25400            1.278               30
     25500            1.278               30
     25600            1.279               30
     25700            1.280               30
     25800            1.281               30
     25900            1.281               30
     26000            1.283               30
     26100            1.285               30
     26200            1.286               30
     26300            1.285               30
     26400            1.286               30
     26500            1.287               30
     26600            1.287               30
     26700            1.284               30
     26800            1.284               30
     26900            1.284               30
     27000            1.284               30
     27100            1.282               30
     27200            1.276               30
     27300            1.267               30
     27400            1.259               30
     27500            1.251               30
     27600            1.241               30
     27700            1.233               30
     27800            1.224               30
     27900            1.216               30
     28000            1.209               30
     28100            1.203               30
     28200            1.198               2
     28300            1.205               2
     28400            1.213               2
     28500            1.220               2
     28600            1.228               2
     28700            1.237               2
     28800            1.246               2
     28900            1.256               2
     29000            1.267               2
     29100            1.278               2
     29200            1.288               2
     29300            1.297               2
     29400            1.306               2
     29500            1.313               2
     29600            1.320               2
     29700            1.326               2
     29800            1.331               2
     29900            1.335               2
     30000            1.335               2
     30100            1.334               2
     30200            1.329               2
     30300            1.324               2
     30400            1.317               2
     30500            1.311               2
     30600            1.306               2
     30700            1.300               2
     30800            1.294               2
     30900            1.288               2
     31000            1.287               2
     31100            1.287               2
     31200            1.287               2
     31300            1.286               2
     31400            1.283               2
     31500            1.282               2
     31600            1.283               2
     31700            1.286               2
     31800            1.285               2
     31900            1.282               2
     32000            1.277               2
     32100            1.275               2
     32200            1.273               2
     32300            1.273               2
     32400            1.273               2
     32500            1.274               2
     32600            1.274               2
     32700            1.271               2
     32800            1.271               2
     32900            1.269               2
     33000            1.268               2
     33100            1.266               2
     33200            1.262               2
     33300            1.260               2
     33400            1.259               2
     33500            1.259               2
     33600            1.260               2
     33700            1.262               2
     33800            1.262               2
     33900            1.265               2
     34000            1.270               2
     34100            1.275               2
     34200            1.281               2
     34300            1.285               2
     34400            1.288               2
     34500            1.288               2
     34600            1.289               2
     34700            1.288               2
     34800            1.287               2
     34900            1.286               2
     35000            1.284               2
     35100            1.282               2
     35200            1.282               2
     35300            1.281               2
     35400            1.279               2
     35500            1.276               2
     35600            1.275               2
     35700            1.274               2
     35800            1.271               2
     35900            1.267               2
     36000            1.263               2
     36100            1.259               2
     36200            1.255               2
     36300            1.251               2
     36400            1.246               2
     36500            1.243               2
     36600            1.240               2
     36700            1.236               2
     36800            1.230               2
     36900            1.219               2
     37000            1.207               2
     37100            1.197               2
     37200            1.188               2
     37300            1.184               2
     37400            1.181               2
     37500            1.179               2
     37600            1.178               2
     37700            1.178               2
     37800            1.180               2
     37900            1.181               2
     38000            1.181               2
     38100            1.181               2
     38200            1.181               2
     38300            1.180               2
     38400            1.181               2
     38500            1.182               2
     38600            1.183               2
     38700            1.185               2
     38800            1.187               2
     38900            1.187               2
     39000            1.188               2
     39100            1.189               2
     39200            1.191               2
     39300            1.194               2
     39400            1.197               2
     39500            1.200               2
     39600            1.203               2
     39700            1.205               2
     39800            1.207               2
     39900            1.210               2
     40000            1.211               2
     40100            1.212               2
     40200            1.214               2
     40300            1.216               2
     40400            1.219               2
     40500            1.221               2
     40600            1.222               2
     40700            1.221               2
     40800            1.220               2
     40900            1.218               2
     41000            1.215               2
     41100            1.211               2
     41200            1.208               2
     41300            1.205               2
     41400            1.202               2
     41500            1.198               2
     41600            1.195               2
     41700            1.191               2
     41800            1.187               2
     41900            1.185               2
     42000            1.183               2
     42100            1.180               2
     42200            1.178               2
     42300            1.175               2
     42400            1.173               2
     42500            1.170               2
     42600            1.167               2
     42700            1.164               2
     42800            1.160               2
     42900            1.157               2
     43000            1.154               2
     43100            1.152               2
     43200            1.149               2
     43300            1.147               2
     43400            1.145               2
     43500            1.142               2
     43600            1.138               2
     43700            1.135               2
     43800            1.131               2
     43900            1.126               2
     44000            1.122               2
     44100            1.120               2
     44200            1.117               2
     44300            1.113               2
     44400            1.108               2
     44500            1.103               2
     44600            1.097               2
     44700            1.091               2
     44800            1.086               2
     44900            1.081               2
     45000            1.076               2
     45100            1.070               2
     45200            1.065               2
     45300            1.058               2
     45400            1.051               2
     45500            1.044               2
     45600            1.038               2
     45700            1.033               2
     45800            1.028               2
     45900            1.025               2
     46000            1.021               2
     46100            1.017               2
     46200            1.015               30
     46300            1.015               30
     46400            1.016               1
     46500            1.017               1
     46600            1.019               1
     46700            1.020               1
     46800            1.021               1
     46900            1.022               1
     47000            1.023               1
     47100            1.024               1
     47200            1.024               1
     47300            1.024               1
     47400            1.023               1
     47500            1.023               1
     47600            1.023               1
     47700            1.023               1
     47800            1.024               1
     47900            1.024               1
     48000            1.024               1
     48100            1.024               1
     48200            1.024               1
     48300            1.024               1
     48400            1.023               1
     48500            1.023               1
     48600            1.023               1
     48700            1.023               1
     48800            1.023               1
     48900            1.023               1
     49000            1.023               1
     49100            1.023               1
     49200            1.022               1
     49300            1.023               30
     49400            1.023               30
     49500            1.024               30
     49600            1.025               30
     49700            1.025               30
     49800            1.026               30
     49900            1.026               30
     50000            1.026               30
     50100            1.027               30
     50200            1.027               30
     50300            1.027               2
     50400            1.030               2
     50500            1.033               2
     50600            1.035               2
     50700            1.037               2
     50800            1.039               2
     50900            1.040               2
     51000            1.041               2
     51100            1.041               2
     51200            1.042               2
     51300            1.042               2
     51400            1.042               2
     51500            1.043               2
     51600            1.044               2
     51700            1.046               2
     51800            1.047               2
     51900            1.049               2
     52000            1.051               2
     52100            1.053               2
     52200            1.056               2
     52300            1.058               2
     52400            1.060               2
     52500            1.062               2
     52600            1.063               2
     52700            1.065               2
     52800            1.068               2
     52900            1.070               2
     53000            1.072               2
     53100            1.074               2
     53200            1.076               2
     53300            1.077               2
     53400            1.078               2
     53500            1.078               2
     53600            1.078               2
     53700            1.079               2
     53800            1.079               2
     53900            1.079               2
     54000            1.079               2
     54100            1.080               2
     54200            1.080               2
     54300            1.081               2
     54400            1.081               2
     54500            1.080               2
     54600            1.078               2
     54700            1.076               2
     54800            1.075               2
     54900            1.074               2
     55000            1.073               2
     55100            1.072               2
     55200            1.071               2
     55300            1.071               2
     55400            1.071               2
     55500            1.070               2
     55600            1.069               2
     55700            1.068               2
     55800            1.066               2
     55900            1.064               30
     56000            1.064               30
     56100            1.064               30
     56200            1.063               30
     56300            1.063               30
     56400            1.063               30
     56500            1.063               30
     56600            1.063               30
     56700            1.064               30
     56800            1.065               30
     56900            1.066               30
     57000            1.066               30
     57100            1.067               30
     57200            1.069               30
     57300            1.070               30
     57400            1.071               30
     57500            1.071               30
     57600            1.073               30
     57700            1.074               30
     57800            1.075               30
     57900            1.077               30
     58000            1.078               30
     58100            1.080               30
     58200            1.082               30
     58300            1.083               30
     58400            1.085               30
     58500            1.087               30
     58600            1.090               30
     58700            1.092               30
     58800            1.094               30
     58900            1.095               30
     59000            1.097               30
     59100            1.098               30
     59200            1.099               30
     59300            1.100               30
     59400            1.103               30
     59500            1.105               30
     59600            1.108               30
     59700            1.110               30
     59800            1.111               30
     59900            1.111               30
     60000            1.111               30
     60100            1.112               30
     60200            1.113               30
     60300            1.114               30
     60400            1.115               30
     60500            1.117               30
     60600            1.119               30
     60700            1.120               30
     60800            1.120               30
     60900            1.121               30
     61000            1.121               30
     61100            1.120               30
     61200            1.119               30
     61300            1.118               30
     61400            1.117               30
     61500            1.116               30
     61600            1.115               30
     61700            1.113               30
     61800            1.112               30
     61900            1.110               30
     62000            1.108               30
     62100            1.105               30
     62200            1.103               30
     62300            1.100               30
     62400            1.097               30
     62500            1.093               30
     62600            1.089               30
     62700            1.086               30
     62800            1.083               30
     62900            1.081               30
     63000            1.078               30
     63100            1.074               30
     63200            1.071               30
     63300            1.069               30
     63400            1.066               30
     63500            1.064               30
     63600            1.062               30
     63700            1.061               30
     63800            1.059               30
     63900            1.058               30
     64000            1.057               30
     64100            1.054               30
     64200            1.052               30
     64300            1.050               30
     64400            1.049               30
     64500            1.047               30
     64600            1.047               30
     64700            1.046               30
     64800            1.044               30
     64900            1.042               30
     65000            1.043               1
     65100            1.044               1
     65200            1.045               1
     65300            1.047               1
     65400            1.049               1
     65500            1.050               1
     65600            1.052               1
     65700            1.053               1
     65800            1.055               1
     65900            1.057               1
     66000            1.058               1
     66100            1.058               1
     66200            1.058               1
     66300            1.058               1
     66400            1.057               1
     66500            1.056               1
     66600            1.054               1
     66700            1.052               1
     66800            1.051               1
     66900            1.050               1
     67000            1.049               1
     67100            1.048               1
     67200            1.046               1
     67300            1.046               1
     67400            1.045               1
     67500            1.044               1
     67600            1.044               1
     67700            1.045               1
     67800            1.046               1
     67900            1.047               1
     68000            1.048               1
     68100            1.048               1
     68200            1.049               1
     68300            1.049               1
     68400            1.050               1
     68500            1.050               1
     68600            1.050               1
     68700            1.051               1
     68800            1.051               1
     68900            1.052               1
     69000            1.052               1
     69100            1.053               1
     69200            1.053               1
     69300            1.052               1
     69400            1.052               1
     69500            1.052               1
     69600            1.053               1
     69700            1.054               1
     69800            1.056               1
     69900            1.057               1
     70000            1.059               1
     70100            1.061               1
     70200            1.063               1
     70300            1.065               1
     70400            1.066               1
     70500            1.068               1
     70600            1.069               1
     70700            1.070               1
     70800            1.071               1
     70900            1.072               1
     71000            1.072               1
     71100            1.071               1
     71200            1.071               1
     71300            1.070               1
     71400            1.069               1
     71500            1.068               1
     71600            1.068               1
     71700            1.067               1
     71800            1.068               1
     71900            1.068               1
     72000            1.068               1
     72100            1.069               1
     72200            1.070               1
     72300            1.070               1
     72400            1.071               1
     72500            1.071               1
     72600            1.071               1
     72700            1.070               1
     72800            1.069               1
     72900            1.069               1
     73000            1.068               1
     73100            1.069               1
     73200            1.068               1
     73300            1.068               1
     73400            1.067               1
     73500            1.065               1
     73600            1.066               1
     73700            1.066               1
     73800            1.066               1
     73900            1.067               1
     74000            1.066               1
     74100            1.066               1
     74200            1.067               1
     74300            1.067               1
     74400            1.067               1
     74500            1.067               1
     74600            1.067               1
     74700            1.067               1
     74800            1.068               1
     74900            1.070               1
     75000            1.071               1
     75100            1.073               1
     75200            1.075               1
     75300            1.077               1
     75400            1.079               1
     75500            1.081               1
     75600            1.083               1
     75700            1.085               1
     75800            1.087               1
     75900            1.089               1
     76000            1.090               1
     76100            1.091               1
     76200            1.091               1
     76300            1.092               1
     76400            1.093               1
     76500            1.093               1
     76600            1.093               1
     76700            1.093               1
     76800            1.092               1
     76900            1.092               1
     77000            1.093               1
     77100            1.095               1
     77200            1.096               1
     77300            1.097               1
     77400            1.097               1
     77500            1.097               1
     77600            1.098               1
     77700            1.097               1
     77800            1.096               1
     77900            1.096               1
     78000            1.096               1
     78100            1.094               1
     78200            1.093               1
     78300            1.091               1
     78400            1.089               1
     78500            1.087               1
     78600            1.086               1
     78700            1.084               1
     78800            1.081               1
     78900            1.079               1
     79000            1.078               1
     79100            1.077               1
     79200            1.076               1
     79300            1.076               1
     79400            1.076               1
     79500            1.076               1
     79600            1.075               1
     79700            1.075               1
     79800            1.074               1
     79900            1.073               1
     80000            1.073               1
     80100            1.071               1
     80200            1.069               1
     80300            1.068               1
     80400            1.066               1
     80500            1.065               1
     80600            1.064               1
     80700            1.063               1
     80800            1.062               1
     80900            1.061               1
     81000            1.062               1
     81100            1.063               1
     81200            1.064               1
     81300            1.065               1
     81400            1.065               1
     81500            1.066               1
     81600            1.067               1
     81700            1.067               1
     81800            1.068               1
     81900            1.068               1
     82000            1.069               1
     82100            1.070               1
     82200            1.072               1
     82300            1.073               1
     82400            1.074               1
     82500            1.075               1
     82600            1.075               1
     82700            1.075               1
     82800            1.075               1
     82900            1.076               1
     83000            1.077               1
     83100            1.078               1
     83200            1.078               1
     83300            1.078               1
     83400            1.078               1
     83500            1.078               1
     83600            1.078               1
     83700            1.078               1
     83800            1.077               1
     83900            1.077               1
     84000            1.076               1
     84100            1.075               1
     84200            1.074               1
     84300            1.073               1
     84400            1.072               1
     84500            1.072               1
     84600            1.072               1
     84700            1.072               1
     84800            1.073               1
     84900            1.073               1
     85000            1.074               1
     85100            1.074               1
     85200            1.075               1
     85300            1.076               1
     85400            1.077               1
     85500            1.078               1
     85600            1.079               1
     85700            1.081               1
     85800            1.082               1
     85900            1.083               1
     86000            1.083               1
     86100            1.084               1
     86200            1.085               1
     86300            1.086               1
     86400            1.086               1
     86500            1.087               1
     86600            1.089               1
     86700            1.090               1
     86800            1.090               1
     86900            1.091               1
     87000            1.091               1
     87100            1.091               1
     87200            1.091               1
     87300            1.092               1
     87400            1.093               1
     87500            1.094               1
     87600            1.095               1
     87700            1.094               1
     87800            1.094               1
     87900            1.093               1
     88000            1.093               1
     88100            1.092               1
     88200            1.091               1
     88300            1.091               1
     88400            1.090               1
     88500            1.090               1
     88600            1.089               1
     88700            1.087               1
     88800            1.083               1
     88900            1.083               2
     89000            1.084               2
     89100            1.085               2
     89200            1.086               2
     89300            1.087               2
     89400            1.088               2
     89500            1.089               2
     89600            1.090               2
     89700            1.091               2
     89800            1.091               2
     89900            1.091               2
     90000            1.092               2
     90100            1.093               2
     90200            1.094               2
     90300            1.094               2
     90400            1.095               2
     90500            1.096               2
     90600            1.097               2
     90700            1.098               2
     90800            1.099               2
     90900            1.099               2
     91000            1.100               2
     91100            1.101               2
     91200            1.101               2
     91300            1.102               2
     91400            1.102               2
     91500            1.102               2
     91600            1.102               2
     91700            1.102               2
     91800            1.102               2
     91900            1.103               2
     92000            1.103               2
     92100            1.103               2
     92200            1.104               2
     92300            1.104               2
     92400            1.104               2
     92500            1.104               2
     92600            1.104               2
     92700            1.104               2
     92800            1.104               2
     92900            1.104               2
     93000            1.103               2
     93100            1.103               2
     93200            1.102               2
     93300            1.101               2
     93400            1.101               2
     93500            1.100               2
     93600            1.100               2
     93700            1.099               2
     93800            1.099               2
     93900            1.098               2
     94000            1.098               2
     94100            1.097               2
     94200            1.097               2
     94300            1.096               2
     94400            1.095               2
     94500            1.094               2
     94600            1.092               2
     94700            1.091               2
     94800            1.090               2
     94900            1.089               2
     95000            1.088               2
     95100            1.087               2
     95200            1.086               2
     95300            1.085               2
     95400            1.084               2
     95500            1.083               2
     95600            1.081               2
     95700            1.081               2
     95800            1.079               2
     95900            1.078               2
     96000            1.077               2
     96100            1.076               2
     96200            1.075               2
     96300            1.075               2
     96400            1.074               2
     96500            1.074               2
     96600            1.073               2
     96700            1.073               2
     96800            1.073               2
     96900            1.073               2
     97000            1.072               2
     97100            1.072               2
     97200            1.072               2
     97300            1.072               2
     97400            1.072               2
     97500            1.073               2
     97600            1.074               2
     97700            1.076               2
     97800            1.077               2
     97900            1.079               2
     98000            1.081               2
     98100            1.082               2
     98200            1.084               2
     98300            1.085               2
     98400            1.087               2
     98500            1.088               2
     98600            1.089               2
     98700            1.090               2
     98800            1.091               2
     98900            1.092               2
     99000            1.093               2
     99100            1.093               2
     99200            1.094               2
     99300            1.094               2
     99400            1.093               2
     99500            1.093               2
     99600            1.092               2
     99700            1.091               2
     99800            1.091               2
     99900            1.091               2
     100000           1.091               2


DIAGRAM INFORMATION

  Use View Diagram under the Diagram menu in the Mplus Editor to view the diagram.
  If running Mplus from the Mplus Diagrammer, the diagram opens automatically.

  Diagram output
    c:\users\lg05\owncloud - lukas gunschera@cloud.mrc-cbu.cam.ac.uk\dmh_lukas\projects\2024_cognitive_phenotype\code\lc

     Beginning Time:  12:11:41
        Ending Time:  18:37:03
       Elapsed Time:  06:25:22



MUTHEN & MUTHEN
3463 Stoner Ave.
Los Angeles, CA  90066

Tel: (310) 391-9971
Fax: (310) 391-8971
Web: www.StatModel.com
Support: Support@StatModel.com

Copyright (c) 1998-2023 Muthen & Muthen
