Mplus VERSION 8.9
MUTHEN & MUTHEN
10/21/2024   1:10 PM

INPUT INSTRUCTIONS

  TITLE: RI-CLPM for LCID Social Media and SDQ Scale (delay discounting logk)

  DATA:
      FILE = "C:\Users\lg05\ownCloud - Lukas Gunschera@cloud.mrc-cbu.cam.ac.uk\
      dmh_lukas\projects\2024_cognitive_phenotype\data\lcid\mplus\dd_delaydiscount\
      lcid_logk_sdq.dat";

  VARIABLE:
      !variable names included in dataset
      NAMES ARE logk2 logk3 logk4 logk5 logk6 !delay discounting parameter
                smt5 smt6 smt7         !social media use total
                smp5 smp6 smp7         !social media use posting and scrolling
                smm5 smm6 smm7         !social media use messaging
                smv5 smv6 smv7         !social media use video watching
                eat5 eat6 eat7         !eatq-ec total
                bis5 bis6 bis7         !bis/bas behavioural inhibition
                bas5 bas6 bas7         !bis/bas behavioural activation
                bbt5 bbt6 bbt7         !bis/bas total
                hsc5 hsc6 hsc7         !highly sensitive child scale total
                sdq5 sdq6 sdq7         !strengths and difficulties total
                sdqi5 sdqi6 sdqi7      !strengths and difficulties internalising
                sdqe5 sdqe6 sdqe7      !strengths and difficulties externalising

                csm5 csm6              !compulsive social media use [aux]
                sex ses edu1           !demographics [aux]
                bsi6 bsi7              !brief symptom inventory total [aux]
                bsid6 bsid7            !brief symptom inventory depression [aux]
                bsia6 bsia7            !brief symptom inventory anxiety [aux]
                pdsi2 pds5 pds6 pds7;  !pubertal development score [aux]

      !variables used in analyses
      USEVARIABLES ARE logk5 logk6
                       smp5 smp6 smp7
                       sdq5 sdq6 sdq7;

      !missingness marker in dataset
      MISSING ARE ALL (-999);

      !auxiliary variables to establish MAR
      AUXILIARY ARE csm5 csm6 sex ses edu1
                    bsi6 bsi7 bsid6 bsid7 bsia6 bsia7
                    pdsi2 pds5 pds6 pds7;

   ANALYSIS:
       Estimator = BAYES;
       Type = random;          !required when including interaction effects
       model = nocovariances;  !covariances should not be estimated per default
       processors = 2;         !multiple processors used to increase computing speed
       chains = 2;             !number of MCMC chains
       thin = 10;              !save every 10th iteration


       fbiter = 50000;         !PSR < 1.1 at 2,700 iterations (10k minimum applied)
                               !PSR > 1.1 at 10,000 iterations (5x to 50,000)

  MODEL:
      !Create between components (random intercepts)
      RIsm BY smp5@1 smp6@1 smp7@1;
      RImh BY sdq5@1 sdq6@1 sdq7@1;

      !Create within-person centred variables
      wsm_5 BY smp5@1;
      wsm_6 BY smp6@1;
      wsm_7 BY smp7@1;

      wmh_5 BY sdq5@1;
      wmh_6 BY sdq6@1;
      wmh_7 BY sdq7@1;

      FLK6 BY logk6@1;
      FLK5 BY logk5@1;

      !Constrain measurement error variances to zero
      !or close to zero to allow for reasonable imputation times
      smp5-sdq7@0.2;
      logk6@0; logk5@0;

      !Estimate the lagged effects between the within-person centred variables
      wsm_7 ON wsm_6 wmh_6;
      wmh_7 ON wsm_6 wmh_6;

      wsm_6 ON wsm_5 wmh_5;
      wmh_6 ON wsm_5 wmh_5;

      !Create interaction term interacting within-person centred bisbas score
      !with time-invariant delay discounting parameter k
      mod_dd6 | wsm_6 XWITH FLK6;
      mod_dd5 | wsm_5 XWITH FLK5;

      !predict within-person centred emotional problems with interaction
  	wmh_7 ON mod_dd6 (a);
      wmh_6 ON mod_dd5 (a);

      !Estimate covariance between random intercepts
      RIsm WITH RImh;

      !Estimate the covariance between the within-person
      !components at the first wave
      wmh_5 WITH wsm_5;

      !Estimate the covariances between the residuals of
      !the within-person components
      wmh_6 WITH wsm_6;
      wmh_7 WITH wsm_7;

  OUTPUT:
      TECH8;    !get PSR values
      STDYX;    !get standardised output



INPUT READING TERMINATED NORMALLY



RI-CLPM for LCID Social Media and SDQ Scale (delay discounting logk)

SUMMARY OF ANALYSIS

Number of groups                                                 1
Number of observations                                         303

Number of dependent variables                                    8
Number of independent variables                                  0
Number of continuous latent variables                           12

Observed dependent variables

  Continuous
   LOGK5       LOGK6       SMP5        SMP6        SMP7        SDQ5
   SDQ6        SDQ7

Observed auxiliary variables
   CSM5        CSM6        SEX         SES         EDU1        BSI6
   BSI7        BSID6       BSID7       BSIA6       BSIA7       PDSI2
   PDS5        PDS6        PDS7

Continuous latent variables
   RISM        RIMH        WSM_5       WSM_6       WSM_7       WMH_5
   WMH_6       WMH_7       FLK6        FLK5        MOD_DD6     MOD_DD5


Estimator                                                    BAYES
Specifications for Bayesian Estimation
  Point estimate                                            MEDIAN
  Number of Markov chain Monte Carlo (MCMC) chains               2
  Random seed for the first chain                                0
  Starting value information                           UNPERTURBED
  Algorithm used for Markov chain Monte Carlo           GIBBS(PX1)
  Fixed number of iterations                                 50000
  K-th iteration used for thinning                              10

Input data file(s)
  C:\Users\lg05\ownCloud - Lukas Gunschera@cloud.mrc-cbu.cam.ac.uk\dmh_lukas\pro
Input data format  FREE


SUMMARY OF DATA



COVARIANCE COVERAGE OF DATA

Minimum covariance coverage value   0.100

     Number of missing data patterns            37


     PROPORTION OF DATA PRESENT


           Covariance Coverage
              LOGK5         LOGK6         SMP5          SMP6          SMP7
              ________      ________      ________      ________      ________
 LOGK5          0.779
 LOGK6          0.201         0.224
 SMP5           0.769         0.215         0.858
 SMP6           0.624         0.224         0.690         0.749
 SMP7           0.376         0.096         0.432         0.380         0.538
 SDQ5           0.772         0.215         0.858         0.693         0.436
 SDQ6           0.627         0.224         0.693         0.739         0.380
 SDQ7           0.360         0.089         0.419         0.376         0.449


           Covariance Coverage
              SDQ5          SDQ6          SDQ7
              ________      ________      ________
 SDQ5           0.861
 SDQ6           0.696         0.752
 SDQ7           0.422         0.380         0.515



UNIVARIATE SAMPLE STATISTICS


     UNIVARIATE HIGHER-ORDER MOMENT DESCRIPTIVE STATISTICS

         Variable/         Mean/     Skewness/   Minimum/ % with                Percentiles
        Sample Size      Variance    Kurtosis    Maximum  Min/Max      20%/60%    40%/80%    Median

     LOGK5                 4.211       0.461       0.184    0.42%       1.992      3.249      3.881
             236.000       5.763      -0.443      10.192    0.42%       4.638      6.307
     LOGK6                 4.987       0.093       0.312    1.47%       2.434      4.315      5.145
              68.000       6.163      -0.768      10.295    1.47%       5.603      6.959
     SMP5                  1.369       1.000       0.000   27.31%       0.000      1.000      1.000
             260.000       1.594       0.602       5.000    3.08%       1.000      2.000
     SMP6                  1.511       0.837       0.000   20.26%       0.000      1.000      1.000
             227.000       1.492       0.387       5.000    3.08%       2.000      3.000
     SMP7                  2.006       0.563       0.000   14.11%       1.000      1.000      2.000
             163.000       2.117      -0.499       5.000    9.20%       2.000      3.000
     SDQ5                 21.920       0.151      13.000    1.15%      19.000     21.000     22.000
             261.000      13.093      -0.036      34.000    0.38%      23.000     25.000
     SDQ6                 22.232       0.415      12.000    0.44%      19.000     21.000     22.000
             228.000      15.687       0.679      38.000    0.44%      23.000     25.000
     SDQ7                 47.846       0.537      39.000    0.64%      45.000     47.000     47.000
             156.000      15.348       0.727      61.000    0.64%      48.000     51.000


THE MODEL ESTIMATION TERMINATED NORMALLY

     USE THE FBITERATIONS OPTION TO INCREASE THE NUMBER OF ITERATIONS BY A FACTOR
     OF AT LEAST TWO TO CHECK CONVERGENCE AND THAT THE PSR VALUE DOES NOT INCREASE.



MODEL FIT INFORMATION

Number of Free Parameters                              31



MODEL RESULTS

                                Posterior  One-Tailed         95% C.I.
                    Estimate       S.D.      P-Value   Lower 2.5%  Upper 2.5%  Significance

 RISM     BY
    SMP5               1.000       0.000      0.000       1.000       1.000
    SMP6               1.000       0.000      0.000       1.000       1.000
    SMP7               1.000       0.000      0.000       1.000       1.000

 RIMH     BY
    SDQ5               1.000       0.000      0.000       1.000       1.000
    SDQ6               1.000       0.000      0.000       1.000       1.000
    SDQ7               1.000       0.000      0.000       1.000       1.000

 WSM_5    BY
    SMP5               1.000       0.000      0.000       1.000       1.000

 WSM_6    BY
    SMP6               1.000       0.000      0.000       1.000       1.000

 WSM_7    BY
    SMP7               1.000       0.000      0.000       1.000       1.000

 WMH_5    BY
    SDQ5               1.000       0.000      0.000       1.000       1.000

 WMH_6    BY
    SDQ6               1.000       0.000      0.000       1.000       1.000

 WMH_7    BY
    SDQ7               1.000       0.000      0.000       1.000       1.000

 FLK6     BY
    LOGK6              1.000       0.000      0.000       1.000       1.000

 FLK5     BY
    LOGK5              1.000       0.000      0.000       1.000       1.000

 WSM_7      ON
    WSM_6             -0.046       0.276      0.430      -0.693       0.377
    WMH_6              0.062       0.054      0.124      -0.042       0.170

 WMH_7      ON
    WSM_6              0.865       0.599      0.074      -0.341       2.037
    WMH_6              0.033       0.141      0.408      -0.260       0.295
    MOD_DD6            0.161       0.144      0.134      -0.128       0.438

 WSM_6      ON
    WSM_5              0.399       0.138      0.011       0.077       0.611      *
    WMH_5             -0.013       0.053      0.386      -0.135       0.072

 WMH_6      ON
    WSM_5              0.340       0.477      0.227      -0.738       1.118
    WMH_5              0.085       0.225      0.335      -0.450       0.410
    MOD_DD5            0.161       0.144      0.134      -0.128       0.438

 RISM     WITH
    RIMH               0.273       0.410      0.250      -0.487       1.118

 WMH_5    WITH
    WSM_5             -0.088       0.456      0.422      -0.989       0.801

 WMH_6    WITH
    WSM_6              0.025       0.378      0.473      -0.786       0.708

 WMH_7    WITH
    WSM_7              0.648       0.620      0.146      -0.594       1.853

 Intercepts
    LOGK5              4.204       0.149      0.000       3.902       4.475      *
    LOGK6              4.916       0.286      0.000       4.344       5.451      *
    SMP5               1.376       0.079      0.000       1.221       1.529      *
    SMP6               1.525       0.080      0.000       1.367       1.683      *
    SMP7               1.982       0.119      0.000       1.748       2.213      *
    SDQ5              21.892       0.226      0.000      21.447      22.339      *
    SDQ6              22.358       0.262      0.000      21.843      22.878      *
    SDQ7              47.864       0.318      0.000      47.233      48.477      *

 Variances
    RISM               0.342       0.174      0.000       0.048       0.698      *
    RIMH               5.595       1.551      0.000       2.394       8.597      *
    WSM_5              1.098       0.214      0.000       0.712       1.533      *
    WMH_5              7.776       1.687      0.000       4.782      11.499      *
    FLK6               7.090       1.226      0.000       5.036       9.678      *
    FLK5               5.834       0.542      0.000       4.887       7.011      *

 Residual Variances
    LOGK5              0.001       0.000      0.000       0.001       0.001
    LOGK6              0.001       0.000      0.000       0.001       0.001
    SMP5               0.200       0.000      0.000       0.200       0.200
    SMP6               0.200       0.000      0.000       0.200       0.200
    SMP7               0.200       0.000      0.000       0.200       0.200
    SDQ5               0.200       0.000      0.000       0.200       0.200
    SDQ6               0.200       0.000      0.000       0.200       0.200
    SDQ7               0.200       0.000      0.000       0.200       0.200
    WSM_6              0.778       0.137      0.000       0.511       1.052      *
    WSM_7              1.653       0.326      0.000       0.992       2.287      *
    WMH_6              9.849       1.874      0.000       5.858      13.255      *
    WMH_7             10.147       1.828      0.000       6.968      14.148      *


STANDARDIZED MODEL RESULTS


STDYX Standardization

                                Posterior  One-Tailed         95% C.I.
                    Estimate       S.D.      P-Value   Lower 2.5%  Upper 2.5%  Significance
 RISM     BY
    SMP5               0.457       0.124      0.000       0.170       0.642      *
    SMP6               0.470       0.129      0.000       0.176       0.671      *
    SMP7               0.385       0.104      0.000       0.144       0.545      *

 RIMH     BY
    SDQ5               0.642       0.091      0.000       0.421       0.785      *
    SDQ6               0.583       0.087      0.000       0.377       0.724      *
    SDQ7               0.567       0.074      0.000       0.381       0.669      *

 WSM_5    BY
    SMP5               0.818       0.065      0.000       0.680       0.922      *

 WSM_6    BY
    SMP6               0.806       0.073      0.000       0.644       0.917      *

 WSM_7    BY
    SMP7               0.875       0.044      0.000       0.782       0.945      *

 WMH_5    BY
    SDQ5               0.757       0.073      0.000       0.607       0.899      *

 WMH_6    BY
    SDQ6               0.805       0.060      0.000       0.681       0.920      *

 WMH_7    BY
    SDQ7               0.817       0.046      0.000       0.736       0.918      *

 FLK6     BY
    LOGK6              1.000       0.000      0.000       1.000       1.000      *

 FLK5     BY
    LOGK5              1.000       0.000      0.000       1.000       1.000      *

 WSM_7      ON
    WSM_6             -0.035       0.198      0.430      -0.482       0.283
    WMH_6              0.153       0.131      0.124      -0.107       0.408

 WMH_7      ON
    WSM_6              0.255       0.164      0.074      -0.095       0.547
    WMH_6              0.031       0.133      0.408      -0.240       0.284
    MOD_DD6            0.124       0.113      0.134      -0.094       0.356

 WSM_6      ON
    WSM_5              0.420       0.138      0.011       0.084       0.613      *
    WMH_5             -0.038       0.144      0.386      -0.361       0.208

 WMH_6      ON
    WSM_5              0.109       0.152      0.227      -0.238       0.350
    WMH_5              0.073       0.185      0.335      -0.366       0.351
    MOD_DD5            0.126       0.108      0.134      -0.099       0.325

 RISM     WITH
    RIMH               0.206       0.343      0.250      -0.569       0.857

 WMH_5    WITH
    WSM_5             -0.031       0.159      0.422      -0.373       0.249

 WMH_6    WITH
    WSM_6              0.009       0.152      0.473      -0.330       0.257

 WMH_7    WITH
    WSM_7              0.160       0.159      0.146      -0.142       0.483

 Intercepts
    LOGK5              1.739       0.102      0.000       1.538       1.936      *
    LOGK6              1.866       0.205      0.000       1.486       2.244      *
    SMP5               1.074       0.078      0.000       0.921       1.226      *
    SMP6               1.228       0.086      0.000       1.059       1.398      *
    SMP7               1.306       0.111      0.000       1.090       1.524      *
    SDQ5               5.940       0.272      0.000       5.412       6.481      *
    SDQ6               5.507       0.267      0.000       4.995       6.037      *
    SDQ7              11.454       0.727      0.000      10.026      12.884      *

 Variances
    RISM               1.000       0.000      0.000       1.000       1.000
    RIMH               1.000       0.000      0.000       1.000       1.000
    WSM_5              1.000       0.000      0.000       1.000       1.000
    WMH_5              1.000       0.000      0.000       1.000       1.000
    FLK6               1.000       0.000      0.000       1.000       1.000
    FLK5               1.000       0.000      0.000       1.000       1.000

 Residual Variances
    LOGK5              0.000       0.000      0.000       0.000       0.000      *
    LOGK6              0.000       0.000      0.000       0.000       0.000      *
    SMP5               0.122       0.011      0.000       0.101       0.145      *
    SMP6               0.130       0.012      0.000       0.107       0.155      *
    SMP7               0.087       0.010      0.000       0.068       0.109      *
    SDQ5               0.015       0.001      0.000       0.012       0.017      *
    SDQ6               0.012       0.001      0.000       0.010       0.015      *
    SDQ7               0.011       0.001      0.000       0.009       0.015      *
    WSM_6              0.791       0.096      0.000       0.601       0.962      *
    WSM_7              0.944       0.076      0.000       0.720       0.998      *
    WMH_6              0.923       0.077      0.000       0.742       0.991      *
    WMH_7              0.881       0.087      0.000       0.658       0.986      *


R-SQUARE

                                Posterior  One-Tailed         95% C.I.
    Variable        Estimate       S.D.      P-Value   Lower 2.5%  Upper 2.5%

    LOGK5              1.000       0.000      0.000       1.000       1.000
    LOGK6              1.000       0.000      0.000       1.000       1.000
    SMP5               0.878       0.011      0.000       0.855       0.899
    SMP6               0.870       0.012      0.000       0.845       0.893
    SMP7               0.913       0.010      0.000       0.891       0.932
    SDQ5               0.985       0.001      0.000       0.983       0.988
    SDQ6               0.988       0.001      0.000       0.985       0.990
    SDQ7               0.989       0.001      0.000       0.985       0.991

                                Posterior  One-Tailed         95% C.I.
    Variable        Estimate       S.D.      P-Value   Lower 2.5%  Upper 2.5%

    WSM_6              0.209       0.096      0.000       0.038       0.399
    WSM_7              0.056       0.076      0.000       0.002       0.280
    WMH_6              0.077       0.077      0.000       0.009       0.258
    WMH_7              0.119       0.087      0.000       0.014       0.342


TECHNICAL 1 OUTPUT


     PARAMETER SPECIFICATION


           NU
              LOGK5         LOGK6         SMP5          SMP6          SMP7
              ________      ________      ________      ________      ________
                    1             2             3             4             5


           NU
              SDQ5          SDQ6          SDQ7
              ________      ________      ________
                    6             7             8


           LAMBDA
              RISM          RIMH          WSM_5         WSM_6         WSM_7
              ________      ________      ________      ________      ________
 LOGK5              0             0             0             0             0
 LOGK6              0             0             0             0             0
 SMP5               0             0             0             0             0
 SMP6               0             0             0             0             0
 SMP7               0             0             0             0             0
 SDQ5               0             0             0             0             0
 SDQ6               0             0             0             0             0
 SDQ7               0             0             0             0             0


           LAMBDA
              WMH_5         WMH_6         WMH_7         FLK6          FLK5
              ________      ________      ________      ________      ________
 LOGK5              0             0             0             0             0
 LOGK6              0             0             0             0             0
 SMP5               0             0             0             0             0
 SMP6               0             0             0             0             0
 SMP7               0             0             0             0             0
 SDQ5               0             0             0             0             0
 SDQ6               0             0             0             0             0
 SDQ7               0             0             0             0             0


           LAMBDA
              MOD_DD6       MOD_DD5
              ________      ________
 LOGK5              0             0
 LOGK6              0             0
 SMP5               0             0
 SMP6               0             0
 SMP7               0             0
 SDQ5               0             0
 SDQ6               0             0
 SDQ7               0             0


           THETA
              LOGK5         LOGK6         SMP5          SMP6          SMP7
              ________      ________      ________      ________      ________
 LOGK5              0
 LOGK6              0             0
 SMP5               0             0             0
 SMP6               0             0             0             0
 SMP7               0             0             0             0             0
 SDQ5               0             0             0             0             0
 SDQ6               0             0             0             0             0
 SDQ7               0             0             0             0             0


           THETA
              SDQ5          SDQ6          SDQ7
              ________      ________      ________
 SDQ5               0
 SDQ6               0             0
 SDQ7               0             0             0


           ALPHA
              RISM          RIMH          WSM_5         WSM_6         WSM_7
              ________      ________      ________      ________      ________
                    0             0             0             0             0


           ALPHA
              WMH_5         WMH_6         WMH_7         FLK6          FLK5
              ________      ________      ________      ________      ________
                    0             0             0             0             0


           ALPHA
              MOD_DD6       MOD_DD5
              ________      ________
                    0             0


           BETA
              RISM          RIMH          WSM_5         WSM_6         WSM_7
              ________      ________      ________      ________      ________
 RISM               0             0             0             0             0
 RIMH               0             0             0             0             0
 WSM_5              0             0             0             0             0
 WSM_6              0             0             9             0             0
 WSM_7              0             0             0            11             0
 WMH_5              0             0             0             0             0
 WMH_6              0             0            13             0             0
 WMH_7              0             0             0            16             0
 FLK6               0             0             0             0             0
 FLK5               0             0             0             0             0
 MOD_DD6            0             0             0             0             0
 MOD_DD5            0             0             0             0             0


           BETA
              WMH_5         WMH_6         WMH_7         FLK6          FLK5
              ________      ________      ________      ________      ________
 RISM               0             0             0             0             0
 RIMH               0             0             0             0             0
 WSM_5              0             0             0             0             0
 WSM_6             10             0             0             0             0
 WSM_7              0            12             0             0             0
 WMH_5              0             0             0             0             0
 WMH_6             14             0             0             0             0
 WMH_7              0            17             0             0             0
 FLK6               0             0             0             0             0
 FLK5               0             0             0             0             0
 MOD_DD6            0             0             0             0             0
 MOD_DD5            0             0             0             0             0


           BETA
              MOD_DD6       MOD_DD5
              ________      ________
 RISM               0             0
 RIMH               0             0
 WSM_5              0             0
 WSM_6              0             0
 WSM_7              0             0
 WMH_5              0             0
 WMH_6              0            15
 WMH_7             15             0
 FLK6               0             0
 FLK5               0             0
 MOD_DD6            0             0
 MOD_DD5            0             0


           PSI
              RISM          RIMH          WSM_5         WSM_6         WSM_7
              ________      ________      ________      ________      ________
 RISM              18
 RIMH              19            20
 WSM_5              0             0            21
 WSM_6              0             0             0            22
 WSM_7              0             0             0             0            23
 WMH_5              0             0            24             0             0
 WMH_6              0             0             0            26             0
 WMH_7              0             0             0             0            28
 FLK6               0             0             0             0             0
 FLK5               0             0             0             0             0
 MOD_DD6            0             0             0             0             0
 MOD_DD5            0             0             0             0             0


           PSI
              WMH_5         WMH_6         WMH_7         FLK6          FLK5
              ________      ________      ________      ________      ________
 WMH_5             25
 WMH_6              0            27
 WMH_7              0             0            29
 FLK6               0             0             0            30
 FLK5               0             0             0             0            31
 MOD_DD6            0             0             0             0             0
 MOD_DD5            0             0             0             0             0


           PSI
              MOD_DD6       MOD_DD5
              ________      ________
 MOD_DD6            0
 MOD_DD5            0             0


     STARTING VALUES


           NU
              LOGK5         LOGK6         SMP5          SMP6          SMP7
              ________      ________      ________      ________      ________
                4.211         4.987         1.369         1.511         2.006


           NU
              SDQ5          SDQ6          SDQ7
              ________      ________      ________
               21.920        22.232        47.846


           LAMBDA
              RISM          RIMH          WSM_5         WSM_6         WSM_7
              ________      ________      ________      ________      ________
 LOGK5          0.000         0.000         0.000         0.000         0.000
 LOGK6          0.000         0.000         0.000         0.000         0.000
 SMP5           1.000         0.000         1.000         0.000         0.000
 SMP6           1.000         0.000         0.000         1.000         0.000
 SMP7           1.000         0.000         0.000         0.000         1.000
 SDQ5           0.000         1.000         0.000         0.000         0.000
 SDQ6           0.000         1.000         0.000         0.000         0.000
 SDQ7           0.000         1.000         0.000         0.000         0.000


           LAMBDA
              WMH_5         WMH_6         WMH_7         FLK6          FLK5
              ________      ________      ________      ________      ________
 LOGK5          0.000         0.000         0.000         0.000         1.000
 LOGK6          0.000         0.000         0.000         1.000         0.000
 SMP5           0.000         0.000         0.000         0.000         0.000
 SMP6           0.000         0.000         0.000         0.000         0.000
 SMP7           0.000         0.000         0.000         0.000         0.000
 SDQ5           1.000         0.000         0.000         0.000         0.000
 SDQ6           0.000         1.000         0.000         0.000         0.000
 SDQ7           0.000         0.000         1.000         0.000         0.000


           LAMBDA
              MOD_DD6       MOD_DD5
              ________      ________
 LOGK5          0.000         0.000
 LOGK6          0.000         0.000
 SMP5           0.000         0.000
 SMP6           0.000         0.000
 SMP7           0.000         0.000
 SDQ5           0.000         0.000
 SDQ6           0.000         0.000
 SDQ7           0.000         0.000


           THETA
              LOGK5         LOGK6         SMP5          SMP6          SMP7
              ________      ________      ________      ________      ________
 LOGK5          0.000
 LOGK6          0.000         0.000
 SMP5           0.000         0.000         0.200
 SMP6           0.000         0.000         0.000         0.200
 SMP7           0.000         0.000         0.000         0.000         0.200
 SDQ5           0.000         0.000         0.000         0.000         0.000
 SDQ6           0.000         0.000         0.000         0.000         0.000
 SDQ7           0.000         0.000         0.000         0.000         0.000


           THETA
              SDQ5          SDQ6          SDQ7
              ________      ________      ________
 SDQ5           0.200
 SDQ6           0.000         0.200
 SDQ7           0.000         0.000         0.200


           ALPHA
              RISM          RIMH          WSM_5         WSM_6         WSM_7
              ________      ________      ________      ________      ________
                0.000         0.000         0.000         0.000         0.000


           ALPHA
              WMH_5         WMH_6         WMH_7         FLK6          FLK5
              ________      ________      ________      ________      ________
                0.000         0.000         0.000         0.000         0.000


           ALPHA
              MOD_DD6       MOD_DD5
              ________      ________
                0.000         0.000


           BETA
              RISM          RIMH          WSM_5         WSM_6         WSM_7
              ________      ________      ________      ________      ________
 RISM           0.000         0.000         0.000         0.000         0.000
 RIMH           0.000         0.000         0.000         0.000         0.000
 WSM_5          0.000         0.000         0.000         0.000         0.000
 WSM_6          0.000         0.000         0.000         0.000         0.000
 WSM_7          0.000         0.000         0.000         0.000         0.000
 WMH_5          0.000         0.000         0.000         0.000         0.000
 WMH_6          0.000         0.000         0.000         0.000         0.000
 WMH_7          0.000         0.000         0.000         0.000         0.000
 FLK6           0.000         0.000         0.000         0.000         0.000
 FLK5           0.000         0.000         0.000         0.000         0.000
 MOD_DD6        0.000         0.000         0.000         0.000         0.000
 MOD_DD5        0.000         0.000         0.000         0.000         0.000


           BETA
              WMH_5         WMH_6         WMH_7         FLK6          FLK5
              ________      ________      ________      ________      ________
 RISM           0.000         0.000         0.000         0.000         0.000
 RIMH           0.000         0.000         0.000         0.000         0.000
 WSM_5          0.000         0.000         0.000         0.000         0.000
 WSM_6          0.000         0.000         0.000         0.000         0.000
 WSM_7          0.000         0.000         0.000         0.000         0.000
 WMH_5          0.000         0.000         0.000         0.000         0.000
 WMH_6          0.000         0.000         0.000         0.000         0.000
 WMH_7          0.000         0.000         0.000         0.000         0.000
 FLK6           0.000         0.000         0.000         0.000         0.000
 FLK5           0.000         0.000         0.000         0.000         0.000
 MOD_DD6        0.000         0.000         0.000         0.000         0.000
 MOD_DD5        0.000         0.000         0.000         0.000         0.000


           BETA
              MOD_DD6       MOD_DD5
              ________      ________
 RISM           0.000         0.000
 RIMH           0.000         0.000
 WSM_5          0.000         0.000
 WSM_6          0.000         0.000
 WSM_7          0.000         0.000
 WMH_5          0.000         0.000
 WMH_6          0.000         0.000
 WMH_7          0.000         0.000
 FLK6           0.000         0.000
 FLK5           0.000         0.000
 MOD_DD6        0.000         0.000
 MOD_DD5        0.000         0.000


           PSI
              RISM          RIMH          WSM_5         WSM_6         WSM_7
              ________      ________      ________      ________      ________
 RISM           1.000
 RIMH           0.000         1.000
 WSM_5          0.000         0.000         1.000
 WSM_6          0.000         0.000         0.000         1.000
 WSM_7          0.000         0.000         0.000         0.000         1.000
 WMH_5          0.000         0.000         0.000         0.000         0.000
 WMH_6          0.000         0.000         0.000         0.000         0.000
 WMH_7          0.000         0.000         0.000         0.000         0.000
 FLK6           0.000         0.000         0.000         0.000         0.000
 FLK5           0.000         0.000         0.000         0.000         0.000
 MOD_DD6        0.000         0.000         0.000         0.000         0.000
 MOD_DD5        0.000         0.000         0.000         0.000         0.000


           PSI
              WMH_5         WMH_6         WMH_7         FLK6          FLK5
              ________      ________      ________      ________      ________
 WMH_5          1.000
 WMH_6          0.000         1.000
 WMH_7          0.000         0.000         1.000
 FLK6           0.000         0.000         0.000         1.000
 FLK5           0.000         0.000         0.000         0.000         1.000
 MOD_DD6        0.000         0.000         0.000         0.000         0.000
 MOD_DD5        0.000         0.000         0.000         0.000         0.000


           PSI
              MOD_DD6       MOD_DD5
              ________      ________
 MOD_DD6        0.000
 MOD_DD5        0.000         0.000



     PRIORS FOR ALL PARAMETERS            PRIOR MEAN      PRIOR VARIANCE     PRIOR STD. DEV.

     Parameter 1~N(0.000,infinity)           0.0000            infinity            infinity
     Parameter 2~N(0.000,infinity)           0.0000            infinity            infinity
     Parameter 3~N(0.000,infinity)           0.0000            infinity            infinity
     Parameter 4~N(0.000,infinity)           0.0000            infinity            infinity
     Parameter 5~N(0.000,infinity)           0.0000            infinity            infinity
     Parameter 6~N(0.000,infinity)           0.0000            infinity            infinity
     Parameter 7~N(0.000,infinity)           0.0000            infinity            infinity
     Parameter 8~N(0.000,infinity)           0.0000            infinity            infinity
     Parameter 9~N(0.000,infinity)           0.0000            infinity            infinity
     Parameter 10~N(0.000,infinity)          0.0000            infinity            infinity
     Parameter 11~N(0.000,infinity)          0.0000            infinity            infinity
     Parameter 12~N(0.000,infinity)          0.0000            infinity            infinity
     Parameter 13~N(0.000,infinity)          0.0000            infinity            infinity
     Parameter 14~N(0.000,infinity)          0.0000            infinity            infinity
     Parameter 15~N(0.000,infinity)          0.0000            infinity            infinity
     Parameter 16~N(0.000,infinity)          0.0000            infinity            infinity
     Parameter 17~N(0.000,infinity)          0.0000            infinity            infinity
     Parameter 18~IW(0.000,-3)             infinity            infinity            infinity
     Parameter 19~IW(0.000,-3)             infinity            infinity            infinity
     Parameter 20~IW(0.000,-3)             infinity            infinity            infinity
     Parameter 21~IW(0.000,-3)             infinity            infinity            infinity
     Parameter 22~IW(0.000,-3)             infinity            infinity            infinity
     Parameter 23~IW(0.000,-3)             infinity            infinity            infinity
     Parameter 24~IW(0.000,-3)             infinity            infinity            infinity
     Parameter 25~IW(0.000,-3)             infinity            infinity            infinity
     Parameter 26~IW(0.000,-3)             infinity            infinity            infinity
     Parameter 27~IW(0.000,-3)             infinity            infinity            infinity
     Parameter 28~IW(0.000,-3)             infinity            infinity            infinity
     Parameter 29~IW(0.000,-3)             infinity            infinity            infinity
     Parameter 30~IG(-1.000,0.000)         infinity            infinity            infinity
     Parameter 31~IG(-1.000,0.000)         infinity            infinity            infinity


TECHNICAL 8 OUTPUT


   TECHNICAL 8 OUTPUT FOR BAYES ESTIMATION

     CHAIN    BSEED
     1        0
     2        285380

                     POTENTIAL       PARAMETER WITH
     ITERATION    SCALE REDUCTION      HIGHEST PSR
     100              7.751               16
     200              4.954               2
     300              3.702               1
     400              3.318               2
     500              4.953               2
     600              3.377               2
     700              2.968               2
     800              3.158               2
     900              3.066               2
     1000             2.902               1
     1100             3.287               1
     1200             3.325               1
     1300             2.377               1
     1400             1.892               1
     1500             1.699               2
     1600             1.667               2
     1700             1.712               2
     1800             1.663               2
     1900             1.530               2
     2000             1.423               20
     2100             1.287               2
     2200             1.254               2
     2300             1.255               2
     2400             1.236               2
     2500             1.191               2
     2600             1.117               2
     2700             1.038               2
     2800             1.026               30
     2900             1.031               15
     3000             1.039               15
     3100             1.050               15
     3200             1.071               2
     3300             1.132               2
     3400             1.197               2
     3500             1.248               2
     3600             1.271               2
     3700             1.243               2
     3800             1.206               2
     3900             1.158               2
     4000             1.108               2
     4100             1.079               30
     4200             1.093               30
     4300             1.107               30
     4400             1.122               30
     4500             1.141               30
     4600             1.153               30
     4700             1.165               30
     4800             1.185               15
     4900             1.207               15
     5000             1.221               15
     5100             1.215               15
     5200             1.233               15
     5300             1.249               15
     5400             1.271               15
     5500             1.272               15
     5600             1.294               15
     5700             1.314               15
     5800             1.313               15
     5900             1.317               15
     6000             1.331               15
     6100             1.325               15
     6200             1.302               15
     6300             1.291               15
     6400             1.282               15
     6500             1.271               1
     6600             1.259               1
     6700             1.243               15
     6800             1.236               15
     6900             1.224               15
     7000             1.190               15
     7100             1.189               1
     7200             1.186               1
     7300             1.183               1
     7400             1.192               1
     7500             1.210               1
     7600             1.237               1
     7700             1.256               1
     7800             1.268               1
     7900             1.268               1
     8000             1.273               1
     8100             1.288               1
     8200             1.303               1
     8300             1.303               1
     8400             1.292               1
     8500             1.265               1
     8600             1.241               1
     8700             1.235               2
     8800             1.240               2
     8900             1.236               2
     9000             1.226               2
     9100             1.216               2
     9200             1.210               2
     9300             1.204               2
     9400             1.198               2
     9500             1.193               2
     9600             1.189               2
     9700             1.184               2
     9800             1.180               2
     9900             1.173               2
     10000            1.164               2
     10100            1.151               2
     10200            1.141               2
     10300            1.138               2
     10400            1.134               2
     10500            1.130               2
     10600            1.124               2
     10700            1.119               2
     10800            1.117               2
     10900            1.114               2
     11000            1.110               2
     11100            1.103               2
     11200            1.092               2
     11300            1.083               2
     11400            1.076               2
     11500            1.067               2
     11600            1.059               2
     11700            1.050               2
     11800            1.044               2
     11900            1.041               2
     12000            1.037               2
     12100            1.033               2
     12200            1.027               2
     12300            1.021               2
     12400            1.024               18
     12500            1.027               18
     12600            1.028               18
     12700            1.031               18
     12800            1.033               18
     12900            1.036               18
     13000            1.038               18
     13100            1.031               18
     13200            1.033               1
     13300            1.044               1
     13400            1.057               1
     13500            1.071               1
     13600            1.087               1
     13700            1.104               1
     13800            1.120               1
     13900            1.135               1
     14000            1.149               1
     14100            1.161               1
     14200            1.174               1
     14300            1.187               1
     14400            1.201               1
     14500            1.216               1
     14600            1.232               1
     14700            1.246               1
     14800            1.254               1
     14900            1.259               1
     15000            1.256               1
     15100            1.251               1
     15200            1.247               1
     15300            1.248               1
     15400            1.254               1
     15500            1.263               1
     15600            1.275               1
     15700            1.288               1
     15800            1.299               1
     15900            1.307               1
     16000            1.315               1
     16100            1.320               1
     16200            1.327               2
     16300            1.347               2
     16400            1.365               2
     16500            1.385               2
     16600            1.407               2
     16700            1.432               2
     16800            1.452               2
     16900            1.465               2
     17000            1.479               2
     17100            1.488               2
     17200            1.499               2
     17300            1.513               2
     17400            1.527               2
     17500            1.541               2
     17600            1.553               2
     17700            1.553               2
     17800            1.552               2
     17900            1.551               2
     18000            1.551               2
     18100            1.553               2
     18200            1.556               2
     18300            1.555               2
     18400            1.554               2
     18500            1.554               2
     18600            1.551               2
     18700            1.545               2
     18800            1.537               2
     18900            1.520               2
     19000            1.507               2
     19100            1.501               2
     19200            1.498               2
     19300            1.494               2
     19400            1.492               2
     19500            1.496               2
     19600            1.503               2
     19700            1.506               2
     19800            1.507               2
     19900            1.502               2
     20000            1.501               2
     20100            1.496               2
     20200            1.496               2
     20300            1.496               2
     20400            1.501               2
     20500            1.507               2
     20600            1.511               2
     20700            1.515               2
     20800            1.518               2
     20900            1.520               2
     21000            1.521               2
     21100            1.518               2
     21200            1.520               2
     21300            1.520               2
     21400            1.520               2
     21500            1.521               2
     21600            1.522               2
     21700            1.519               2
     21800            1.517               2
     21900            1.512               2
     22000            1.504               2
     22100            1.499               2
     22200            1.496               2
     22300            1.492               2
     22400            1.487               2
     22500            1.481               2
     22600            1.478               2
     22700            1.475               2
     22800            1.472               2
     22900            1.469               2
     23000            1.464               2
     23100            1.456               2
     23200            1.445               2
     23300            1.432               2
     23400            1.419               2
     23500            1.407               2
     23600            1.396               2
     23700            1.387               2
     23800            1.375               2
     23900            1.363               2
     24000            1.357               2
     24100            1.352               2
     24200            1.346               2
     24300            1.342               2
     24400            1.341               2
     24500            1.341               2
     24600            1.341               2
     24700            1.342               2
     24800            1.343               2
     24900            1.345               2
     25000            1.347               2
     25100            1.346               2
     25200            1.348               2
     25300            1.350               2
     25400            1.353               2
     25500            1.351               2
     25600            1.349               2
     25700            1.346               2
     25800            1.345               2
     25900            1.344               2
     26000            1.342               2
     26100            1.339               2
     26200            1.336               2
     26300            1.333               2
     26400            1.330               2
     26500            1.326               2
     26600            1.324               2
     26700            1.321               2
     26800            1.316               2
     26900            1.310               2
     27000            1.305               2
     27100            1.302               2
     27200            1.297               2
     27300            1.292               2
     27400            1.290               2
     27500            1.290               2
     27600            1.290               2
     27700            1.290               2
     27800            1.288               2
     27900            1.283               2
     28000            1.280               2
     28100            1.279               2
     28200            1.278               2
     28300            1.277               2
     28400            1.272               2
     28500            1.265               2
     28600            1.259               2
     28700            1.252               2
     28800            1.248               2
     28900            1.245               2
     29000            1.244               2
     29100            1.242               2
     29200            1.242               2
     29300            1.241               2
     29400            1.242               2
     29500            1.242               2
     29600            1.243               2
     29700            1.245               2
     29800            1.247               2
     29900            1.248               2
     30000            1.250               2
     30100            1.252               2
     30200            1.255               2
     30300            1.259               2
     30400            1.262               2
     30500            1.265               2
     30600            1.268               2
     30700            1.270               2
     30800            1.272               2
     30900            1.275               2
     31000            1.274               2
     31100            1.272               2
     31200            1.270               2
     31300            1.267               2
     31400            1.263               2
     31500            1.259               2
     31600            1.254               2
     31700            1.247               2
     31800            1.239               2
     31900            1.234               2
     32000            1.232               2
     32100            1.230               2
     32200            1.229               2
     32300            1.226               2
     32400            1.223               2
     32500            1.221               2
     32600            1.218               2
     32700            1.214               2
     32800            1.208               2
     32900            1.201               2
     33000            1.195               2
     33100            1.192               2
     33200            1.189               2
     33300            1.187               2
     33400            1.186               2
     33500            1.187               2
     33600            1.189               2
     33700            1.191               2
     33800            1.193               2
     33900            1.197               2
     34000            1.200               2
     34100            1.203               2
     34200            1.207               2
     34300            1.210               2
     34400            1.213               2
     34500            1.217               2
     34600            1.220               2
     34700            1.223               2
     34800            1.226               2
     34900            1.230               2
     35000            1.232               2
     35100            1.235               2
     35200            1.237               2
     35300            1.239               2
     35400            1.242               2
     35500            1.243               2
     35600            1.245               2
     35700            1.246               2
     35800            1.247               2
     35900            1.248               2
     36000            1.249               2
     36100            1.250               2
     36200            1.250               2
     36300            1.249               2
     36400            1.248               2
     36500            1.248               2
     36600            1.247               2
     36700            1.245               2
     36800            1.241               2
     36900            1.236               2
     37000            1.230               2
     37100            1.224               2
     37200            1.218               2
     37300            1.211               2
     37400            1.206               2
     37500            1.202               2
     37600            1.198               2
     37700            1.195               2
     37800            1.190               2
     37900            1.186               2
     38000            1.181               2
     38100            1.178               2
     38200            1.175               2
     38300            1.174               2
     38400            1.172               2
     38500            1.171               2
     38600            1.170               2
     38700            1.170               2
     38800            1.170               2
     38900            1.170               2
     39000            1.169               2
     39100            1.168               2
     39200            1.166               2
     39300            1.165               2
     39400            1.163               2
     39500            1.161               2
     39600            1.160               2
     39700            1.158               2
     39800            1.156               2
     39900            1.151               2
     40000            1.147               2
     40100            1.143               2
     40200            1.140               2
     40300            1.142               30
     40400            1.145               30
     40500            1.147               30
     40600            1.149               30
     40700            1.152               30
     40800            1.155               30
     40900            1.158               30
     41000            1.161               30
     41100            1.164               30
     41200            1.167               30
     41300            1.171               30
     41400            1.174               30
     41500            1.177               30
     41600            1.179               30
     41700            1.179               30
     41800            1.179               30
     41900            1.178               30
     42000            1.178               30
     42100            1.178               30
     42200            1.177               30
     42300            1.177               30
     42400            1.178               30
     42500            1.177               30
     42600            1.177               30
     42700            1.176               30
     42800            1.175               30
     42900            1.175               30
     43000            1.172               30
     43100            1.168               30
     43200            1.164               30
     43300            1.162               30
     43400            1.161               30
     43500            1.159               30
     43600            1.156               30
     43700            1.151               30
     43800            1.148               30
     43900            1.145               30
     44000            1.141               30
     44100            1.138               30
     44200            1.134               30
     44300            1.131               30
     44400            1.127               30
     44500            1.123               30
     44600            1.118               30
     44700            1.113               30
     44800            1.110               30
     44900            1.105               30
     45000            1.102               30
     45100            1.098               30
     45200            1.095               30
     45300            1.092               30
     45400            1.089               30
     45500            1.087               30
     45600            1.085               30
     45700            1.084               30
     45800            1.084               30
     45900            1.083               30
     46000            1.082               30
     46100            1.080               30
     46200            1.078               30
     46300            1.076               30
     46400            1.075               30
     46500            1.072               30
     46600            1.069               30
     46700            1.067               30
     46800            1.064               30
     46900            1.061               30
     47000            1.059               30
     47100            1.057               30
     47200            1.055               30
     47300            1.053               30
     47400            1.051               30
     47500            1.049               30
     47600            1.048               30
     47700            1.046               30
     47800            1.045               30
     47900            1.044               30
     48000            1.043               30
     48100            1.042               30
     48200            1.040               30
     48300            1.039               30
     48400            1.037               30
     48500            1.035               30
     48600            1.034               15
     48700            1.036               15
     48800            1.037               15
     48900            1.039               15
     49000            1.040               15
     49100            1.042               15
     49200            1.043               15
     49300            1.044               15
     49400            1.046               15
     49500            1.047               15
     49600            1.049               15
     49700            1.051               15
     49800            1.053               15
     49900            1.055               15
     50000            1.056               15


DIAGRAM INFORMATION

  Use View Diagram under the Diagram menu in the Mplus Editor to view the diagram.
  If running Mplus from the Mplus Diagrammer, the diagram opens automatically.

  Diagram output
    c:\users\lg05\owncloud - lukas gunschera@cloud.mrc-cbu.cam.ac.uk\dmh_lukas\projects\2024_cognitive_phenotype\code\lc

     Beginning Time:  13:10:29
        Ending Time:  16:37:41
       Elapsed Time:  03:27:12



MUTHEN & MUTHEN
3463 Stoner Ave.
Los Angeles, CA  90066

Tel: (310) 391-9971
Fax: (310) 391-8971
Web: www.StatModel.com
Support: Support@StatModel.com

Copyright (c) 1998-2023 Muthen & Muthen
