Mplus VERSION 8.9
MUTHEN & MUTHEN
09/10/2024  10:24 AM

INPUT INSTRUCTIONS

  TITLE: RI-CLPM for LCID Social Media and HSCS Data

  DATA:
      FILE = "C:\Users\lg05\ownCloud - Lukas Gunschera@cloud.mrc-cbu.cam.ac.uk\
      dmh_lukas\projects\2024_cognitive_phenotype\data\lcid\mplus\
      dd_delaydiscount\lcid_baseline_hscs.dat";

  VARIABLE:
      !variables included in the dataset
      NAMES ARE smt5 smt6 smt7         !social media use total
                 smp5 smp6 smp7         !social media use posting and scrolling
                 smm5 smm6 smm7         !social media use messaging
                 smv5 smv6 smv7         !social media use video watching
                 eat5 eat6 eat7         !eatq-ec total
                 bis5 bis6 bis7         !bis/bas behavioural inhibition
                 bas5 bas6 bas7         !bis/bas behavioural activation
                 bbt5 bbt6 bbt7         !bis/bas total
                 hsc5 hsc6 hsc7         !highly sensitive child scale total
                 sdq5 sdq6 sdq7         !strengths and difficulties total

                 csm5 csm6              !compulsive social media use [aux]
                 sex ses edu1           !demographics [aux]
                 bsi6 bsi7              !brief symptom inventory total [aux]
                 bsid6 bsid7            !brief symptom inventory depression [aux]
                 bsia6 bsia7            !brief symptom inventory anxiety [aux]
                 pdsi2 pds5 pds6 pds7;  !pubertal development score [aux]

      !variables used in analyses
      USEVARIABLES ARE smp5 smp6 smp7
                       hsc5 hsc6 hsc7;

      !missingness marker in dataset
      MISSING ARE ALL (-999);

      AUXILIARY ARE csm5 csm6 sex ses edu1
                    bsi6 bsi7 bsid6 bsid7 bsia6 bsia7
                    pdsi2 pds5 pds6 pds7;
  ANALYSIS:
      Estimator = BAYES;
      Type = random;          !required when including interaction effects
      model = nocovariances;  !covariances should not be estimated per default
      processors = 2;         !multiple processors used to increase computing speed
      chains = 2;             !number of MCMC chains
      thin = 10;              !save every 10th iteration

      fbiter = 20000;         !PSR <1.1 at 2800 (10000 minimum applied and 2x after PSR ?>1.

  MODEL:
      !Create between components (random intercepts)
      RIsm BY smp5@1 smp6@1 smp7@1;
      RImh BY hsc5@1 hsc6@1 hsc7@1;

      !Create within-person centred variables
      wsm_5 BY smp5@1;
      wsm_6 BY smp6@1;
      wsm_7 BY smp7@1;

      wmh_5 BY hsc5@1;
      wmh_6 BY hsc6@1;
      wmh_7 BY hsc7@1;

      !Constrain measurement error variances to zero
      !or close to zero to allow for reasonable imputation times
      smp5-hsc7@0.2; !subtraction opposite to Lydia's script?
      !eatq5-sm7@0.2; !this order aligns with Lydia's script but error

      !Estimate the lagged effects between the within-person centred variables
      wsm_7 ON wsm_6 wmh_6;
      wmh_7 ON wsm_6 wmh_6;

      wsm_6 ON wsm_5 wmh_5;
      wmh_6 ON wsm_5 wmh_5;

      !Estimate covariance between random intercepts
      RIsm WITH RImh;

      !Estimate the covariance between the within-person
      !components at the first wave
      wmh_5 WITH wsm_5;

      !Estimate the covariances between the residuals of
      !the within-person components
      wmh_6 WITH wsm_6;
      wmh_7 WITH wsm_7;

  OUTPUT:
      TECH8; !required to examine PSR values
      STDYX; !get standardised output



*** WARNING
  Input line exceeded 90 characters. Some input may be truncated.
      fbiter = 20000;         !PSR <1.1 at 2800 (10000 minimum applied and 2x after PSR ?>1.1
   1 WARNING(S) FOUND IN THE INPUT INSTRUCTIONS



RI-CLPM for LCID Social Media and HSCS Data

SUMMARY OF ANALYSIS

Number of groups                                                 1
Number of observations                                         334

Number of dependent variables                                    6
Number of independent variables                                  0
Number of continuous latent variables                            8

Observed dependent variables

  Continuous
   SMP5        SMP6        SMP7        HSC5        HSC6        HSC7

Observed auxiliary variables
   CSM5        CSM6        SEX         SES         EDU1        BSI6
   BSI7        BSID6       BSID7       BSIA6       BSIA7       PDSI2
   PDS5        PDS6        PDS7

Continuous latent variables
   RISM        RIMH        WSM_5       WSM_6       WSM_7       WMH_5
   WMH_6       WMH_7


Estimator                                                    BAYES
Specifications for Bayesian Estimation
  Point estimate                                            MEDIAN
  Number of Markov chain Monte Carlo (MCMC) chains               2
  Random seed for the first chain                                0
  Starting value information                           UNPERTURBED
  Algorithm used for Markov chain Monte Carlo           GIBBS(PX1)
  Fixed number of iterations                                 20000
  K-th iteration used for thinning                              10

Input data file(s)
  C:\Users\lg05\ownCloud - Lukas Gunschera@cloud.mrc-cbu.cam.ac.uk\dmh_lukas\pro
Input data format  FREE


SUMMARY OF DATA



COVARIANCE COVERAGE OF DATA

Minimum covariance coverage value   0.100

     Number of missing data patterns            15


     PROPORTION OF DATA PRESENT


           Covariance Coverage
              SMP5          SMP6          SMP7          HSC5          HSC6
              ________      ________      ________      ________      ________
 SMP5           0.979
 SMP6           0.784         0.805
 SMP7           0.467         0.386         0.479
 HSC5           0.862         0.710         0.407         0.868
 HSC6           0.757         0.778         0.368         0.686         0.778
 HSC7           0.467         0.386         0.479         0.407         0.368


           Covariance Coverage
              HSC7
              ________
 HSC7           0.479



UNIVARIATE SAMPLE STATISTICS


     UNIVARIATE HIGHER-ORDER MOMENT DESCRIPTIVE STATISTICS

         Variable/         Mean/     Skewness/   Minimum/ % with                Percentiles
        Sample Size      Variance    Kurtosis    Maximum  Min/Max      20%/60%    40%/80%    Median

     SMP5                  1.349       1.011       0.000   26.30%       0.000      1.000      1.000
             327.000       1.481       0.775       5.000    2.75%       1.000      2.000
     SMP6                  1.506       0.776       0.000   20.82%       0.000      1.000      1.000
             269.000       1.462       0.269       5.000    2.60%       2.000      2.000
     SMP7                  1.981       0.551       0.000   13.12%       1.000      1.000      2.000
             160.000       1.931      -0.381       5.000    7.50%       2.000      3.000
     HSC5                 60.445       0.118      21.000    0.34%      49.000     57.000     59.000
             290.000     179.895       0.101     104.000    0.34%      63.000     71.000
     HSC6                 55.015      -0.371      14.000    0.38%      46.000     52.000     56.000
             260.000     146.038       0.209      84.000    0.38%      59.000     66.000
     HSC7                 61.019      -0.014      27.000    0.62%      48.000     58.000     62.000
             160.000     170.668      -0.295      97.000    1.25%      65.000     72.000


THE MODEL ESTIMATION TERMINATED NORMALLY

     USE THE FBITERATIONS OPTION TO INCREASE THE NUMBER OF ITERATIONS BY A FACTOR
     OF AT LEAST TWO TO CHECK CONVERGENCE AND THAT THE PSR VALUE DOES NOT INCREASE.



MODEL FIT INFORMATION

Number of Free Parameters                              26

Bayesian Posterior Predictive Checking using Chi-Square

          95% Confidence Interval for the Difference Between
          the Observed and the Replicated Chi-Square Values

                                -21.738            24.365

          Posterior Predictive P-Value              0.457

Information Criteria

          Deviance (DIC)                         8005.751
          Estimated Number of Parameters (pD)      25.029
          Bayesian (BIC)                         8106.512

RMSEA (Root Mean Square Error Of Approximation)

          Estimate                           0.000
          90 Percent C.I.                    0.000  0.095
          Probability RMSEA <= .05           0.895

CFI/TLI

          CFI                                1.000
          90 Percent C.I.                    0.959  1.000

          TLI                                1.000
          90 Percent C.I.                    0.684  1.000



MODEL RESULTS

                                Posterior  One-Tailed         95% C.I.
                    Estimate       S.D.      P-Value   Lower 2.5%  Upper 2.5%  Significance

 RISM     BY
    SMP5               1.000       0.000      0.000       1.000       1.000
    SMP6               1.000       0.000      0.000       1.000       1.000
    SMP7               1.000       0.000      0.000       1.000       1.000

 RIMH     BY
    HSC5               1.000       0.000      0.000       1.000       1.000
    HSC6               1.000       0.000      0.000       1.000       1.000
    HSC7               1.000       0.000      0.000       1.000       1.000

 WSM_5    BY
    SMP5               1.000       0.000      0.000       1.000       1.000

 WSM_6    BY
    SMP6               1.000       0.000      0.000       1.000       1.000

 WSM_7    BY
    SMP7               1.000       0.000      0.000       1.000       1.000

 WMH_5    BY
    HSC5               1.000       0.000      0.000       1.000       1.000

 WMH_6    BY
    HSC6               1.000       0.000      0.000       1.000       1.000

 WMH_7    BY
    HSC7               1.000       0.000      0.000       1.000       1.000

 WSM_7      ON
    WSM_6             -0.184       0.253      0.222      -0.751       0.241
    WMH_6             -0.008       0.018      0.311      -0.045       0.027

 WMH_7      ON
    WSM_6             -1.580       1.908      0.190      -5.722       1.826
    WMH_6              0.161       0.186      0.214      -0.266       0.446

 WSM_6      ON
    WSM_5              0.278       0.143      0.034      -0.021       0.530
    WMH_5              0.002       0.009      0.413      -0.015       0.019

 WMH_6      ON
    WSM_5             -0.106       1.381      0.470      -2.836       2.564
    WMH_5              0.294       0.110      0.009       0.050       0.476      *

 RISM     WITH
    RIMH               0.241       1.158      0.417      -2.098       2.396

 WMH_5    WITH
    WSM_5             -2.091       1.380      0.064      -4.826       0.588

 WMH_6    WITH
    WSM_6             -1.125       0.994      0.128      -3.110       0.806

 WMH_7    WITH
    WSM_7              2.236       1.766      0.098      -1.143       5.820

 Intercepts
    SMP5               1.351       0.068      0.000       1.220       1.484      *
    SMP6               1.502       0.074      0.000       1.360       1.647      *
    SMP7               1.955       0.114      0.000       1.729       2.178      *
    HSC5              60.486       0.780      0.000      58.891      61.944      *
    HSC6              54.959       0.764      0.000      53.500      56.475      *
    HSC7              61.051       1.031      0.000      59.090      63.265      *

 Variances
    RISM               0.442       0.144      0.000       0.135       0.702      *
    RIMH              37.595      18.263      0.000       5.453      73.880      *
    WSM_5              0.879       0.163      0.000       0.605       1.241      *
    WMH_5            148.470      21.353      0.000     109.644     192.106      *

 Residual Variances
    SMP5               0.200       0.000      0.000       0.200       0.200
    SMP6               0.200       0.000      0.000       0.200       0.200
    SMP7               0.200       0.000      0.000       0.200       0.200
    HSC5               0.200       0.000      0.000       0.200       0.200
    HSC6               0.200       0.000      0.000       0.200       0.200
    HSC7               0.200       0.000      0.000       0.200       0.200
    WSM_6              0.771       0.133      0.000       0.514       1.039      *
    WSM_7              1.371       0.280      0.000       0.840       1.944      *
    WMH_6             96.935      14.420      0.000      67.692     124.323      *
    WMH_7            136.561      22.361      0.000      94.379     181.855      *


STANDARDIZED MODEL RESULTS


STDYX Standardization

                                Posterior  One-Tailed         95% C.I.
                    Estimate       S.D.      P-Value   Lower 2.5%  Upper 2.5%  Significance
 RISM     BY
    SMP5               0.540       0.093      0.000       0.299       0.667      *
    SMP6               0.542       0.098      0.000       0.299       0.687      *
    SMP7               0.458       0.079      0.000       0.255       0.571      *

 RIMH     BY
    HSC5               0.450       0.116      0.000       0.173       0.620      *
    HSC6               0.499       0.132      0.000       0.191       0.700      *
    HSC7               0.451       0.116      0.000       0.174       0.620      *

 WSM_5    BY
    SMP5               0.759       0.060      0.000       0.649       0.883      *

 WSM_6    BY
    SMP6               0.757       0.066      0.000       0.623       0.884      *

 WSM_7    BY
    SMP7               0.834       0.041      0.000       0.756       0.917      *

 WMH_5    BY
    HSC5               0.892       0.054      0.000       0.784       0.984      *

 WMH_6    BY
    HSC6               0.866       0.071      0.000       0.713       0.981      *

 WMH_7    BY
    HSC7               0.892       0.054      0.000       0.784       0.984      *

 WSM_7      ON
    WSM_6             -0.142       0.184      0.222      -0.522       0.193
    WMH_6             -0.074       0.154      0.311      -0.377       0.229

 WMH_7      ON
    WSM_6             -0.121       0.140      0.190      -0.410       0.139
    WMH_6              0.141       0.160      0.214      -0.224       0.386

 WSM_6      ON
    WSM_5              0.281       0.139      0.034      -0.023       0.516
    WMH_5              0.025       0.114      0.413      -0.202       0.244

 WMH_6      ON
    WSM_5             -0.009       0.123      0.470      -0.262       0.220
    WMH_5              0.337       0.118      0.009       0.062       0.518      *

 RISM     WITH
    RIMH               0.063       0.349      0.417      -0.648       0.781

 WMH_5    WITH
    WSM_5             -0.185       0.117      0.064      -0.405       0.052

 WMH_6    WITH
    WSM_6             -0.132       0.116      0.128      -0.362       0.097

 WMH_7    WITH
    WSM_7              0.165       0.126      0.098      -0.091       0.398

 Intercepts
    SMP5               1.096       0.070      0.000       0.961       1.234      *
    SMP6               1.226       0.081      0.000       1.069       1.384      *
    SMP7               1.350       0.113      0.000       1.130       1.574      *
    HSC5               4.430       0.196      0.000       4.053       4.815      *
    HSC6               4.475       0.207      0.000       4.080       4.894      *
    HSC7               4.488       0.288      0.000       3.910       5.055      *

 Variances
    RISM               1.000       0.000      0.000       1.000       1.000
    RIMH               1.000       0.000      0.000       1.000       1.000
    WSM_5              1.000       0.000      0.000       1.000       1.000
    WMH_5              1.000       0.000      0.000       1.000       1.000

 Residual Variances
    SMP5               0.132       0.010      0.000       0.112       0.153      *
    SMP6               0.133       0.012      0.000       0.112       0.158      *
    SMP7               0.095       0.011      0.000       0.075       0.119      *
    HSC5               0.001       0.000      0.000       0.001       0.001      *
    HSC6               0.001       0.000      0.000       0.001       0.002      *
    HSC7               0.001       0.000      0.000       0.001       0.001      *
    WSM_6              0.906       0.072      0.000       0.730       0.994      *
    WSM_7              0.950       0.078      0.000       0.710       0.998      *
    WMH_6              0.865       0.069      0.000       0.723       0.980      *
    WMH_7              0.934       0.060      0.000       0.777       0.997      *


R-SQUARE

                                Posterior  One-Tailed         95% C.I.
    Variable        Estimate       S.D.      P-Value   Lower 2.5%  Upper 2.5%

    SMP5               0.868       0.010      0.000       0.847       0.888
    SMP6               0.867       0.012      0.000       0.842       0.888
    SMP7               0.905       0.011      0.000       0.881       0.925
    HSC5               0.999       0.000      0.000       0.999       0.999
    HSC6               0.999       0.000      0.000       0.998       0.999
    HSC7               0.999       0.000      0.000       0.999       0.999

                                Posterior  One-Tailed         95% C.I.
    Variable        Estimate       S.D.      P-Value   Lower 2.5%  Upper 2.5%

    WSM_6              0.094       0.072      0.000       0.006       0.270
    WSM_7              0.050       0.078      0.000       0.002       0.290
    WMH_6              0.135       0.069      0.000       0.020       0.277
    WMH_7              0.066       0.060      0.000       0.003       0.223


TECHNICAL 1 OUTPUT


     PARAMETER SPECIFICATION


           NU
              SMP5          SMP6          SMP7          HSC5          HSC6
              ________      ________      ________      ________      ________
                    1             2             3             4             5


           NU
              HSC7
              ________
                    6


           LAMBDA
              RISM          RIMH          WSM_5         WSM_6         WSM_7
              ________      ________      ________      ________      ________
 SMP5               0             0             0             0             0
 SMP6               0             0             0             0             0
 SMP7               0             0             0             0             0
 HSC5               0             0             0             0             0
 HSC6               0             0             0             0             0
 HSC7               0             0             0             0             0


           LAMBDA
              WMH_5         WMH_6         WMH_7
              ________      ________      ________
 SMP5               0             0             0
 SMP6               0             0             0
 SMP7               0             0             0
 HSC5               0             0             0
 HSC6               0             0             0
 HSC7               0             0             0


           THETA
              SMP5          SMP6          SMP7          HSC5          HSC6
              ________      ________      ________      ________      ________
 SMP5               0
 SMP6               0             0
 SMP7               0             0             0
 HSC5               0             0             0             0
 HSC6               0             0             0             0             0
 HSC7               0             0             0             0             0


           THETA
              HSC7
              ________
 HSC7               0


           ALPHA
              RISM          RIMH          WSM_5         WSM_6         WSM_7
              ________      ________      ________      ________      ________
                    0             0             0             0             0


           ALPHA
              WMH_5         WMH_6         WMH_7
              ________      ________      ________
                    0             0             0


           BETA
              RISM          RIMH          WSM_5         WSM_6         WSM_7
              ________      ________      ________      ________      ________
 RISM               0             0             0             0             0
 RIMH               0             0             0             0             0
 WSM_5              0             0             0             0             0
 WSM_6              0             0             7             0             0
 WSM_7              0             0             0             9             0
 WMH_5              0             0             0             0             0
 WMH_6              0             0            11             0             0
 WMH_7              0             0             0            13             0


           BETA
              WMH_5         WMH_6         WMH_7
              ________      ________      ________
 RISM               0             0             0
 RIMH               0             0             0
 WSM_5              0             0             0
 WSM_6              8             0             0
 WSM_7              0            10             0
 WMH_5              0             0             0
 WMH_6             12             0             0
 WMH_7              0            14             0


           PSI
              RISM          RIMH          WSM_5         WSM_6         WSM_7
              ________      ________      ________      ________      ________
 RISM              15
 RIMH              16            17
 WSM_5              0             0            18
 WSM_6              0             0             0            19
 WSM_7              0             0             0             0            20
 WMH_5              0             0            21             0             0
 WMH_6              0             0             0            23             0
 WMH_7              0             0             0             0            25


           PSI
              WMH_5         WMH_6         WMH_7
              ________      ________      ________
 WMH_5             22
 WMH_6              0            24
 WMH_7              0             0            26


     STARTING VALUES


           NU
              SMP5          SMP6          SMP7          HSC5          HSC6
              ________      ________      ________      ________      ________
                1.349         1.506         1.981        60.445        55.015


           NU
              HSC7
              ________
               61.019


           LAMBDA
              RISM          RIMH          WSM_5         WSM_6         WSM_7
              ________      ________      ________      ________      ________
 SMP5           1.000         0.000         1.000         0.000         0.000
 SMP6           1.000         0.000         0.000         1.000         0.000
 SMP7           1.000         0.000         0.000         0.000         1.000
 HSC5           0.000         1.000         0.000         0.000         0.000
 HSC6           0.000         1.000         0.000         0.000         0.000
 HSC7           0.000         1.000         0.000         0.000         0.000


           LAMBDA
              WMH_5         WMH_6         WMH_7
              ________      ________      ________
 SMP5           0.000         0.000         0.000
 SMP6           0.000         0.000         0.000
 SMP7           0.000         0.000         0.000
 HSC5           1.000         0.000         0.000
 HSC6           0.000         1.000         0.000
 HSC7           0.000         0.000         1.000


           THETA
              SMP5          SMP6          SMP7          HSC5          HSC6
              ________      ________      ________      ________      ________
 SMP5           0.200
 SMP6           0.000         0.200
 SMP7           0.000         0.000         0.200
 HSC5           0.000         0.000         0.000         0.200
 HSC6           0.000         0.000         0.000         0.000         0.200
 HSC7           0.000         0.000         0.000         0.000         0.000


           THETA
              HSC7
              ________
 HSC7           0.200


           ALPHA
              RISM          RIMH          WSM_5         WSM_6         WSM_7
              ________      ________      ________      ________      ________
                0.000         0.000         0.000         0.000         0.000


           ALPHA
              WMH_5         WMH_6         WMH_7
              ________      ________      ________
                0.000         0.000         0.000


           BETA
              RISM          RIMH          WSM_5         WSM_6         WSM_7
              ________      ________      ________      ________      ________
 RISM           0.000         0.000         0.000         0.000         0.000
 RIMH           0.000         0.000         0.000         0.000         0.000
 WSM_5          0.000         0.000         0.000         0.000         0.000
 WSM_6          0.000         0.000         0.000         0.000         0.000
 WSM_7          0.000         0.000         0.000         0.000         0.000
 WMH_5          0.000         0.000         0.000         0.000         0.000
 WMH_6          0.000         0.000         0.000         0.000         0.000
 WMH_7          0.000         0.000         0.000         0.000         0.000


           BETA
              WMH_5         WMH_6         WMH_7
              ________      ________      ________
 RISM           0.000         0.000         0.000
 RIMH           0.000         0.000         0.000
 WSM_5          0.000         0.000         0.000
 WSM_6          0.000         0.000         0.000
 WSM_7          0.000         0.000         0.000
 WMH_5          0.000         0.000         0.000
 WMH_6          0.000         0.000         0.000
 WMH_7          0.000         0.000         0.000


           PSI
              RISM          RIMH          WSM_5         WSM_6         WSM_7
              ________      ________      ________      ________      ________
 RISM           1.000
 RIMH           0.000         1.000
 WSM_5          0.000         0.000         1.000
 WSM_6          0.000         0.000         0.000         1.000
 WSM_7          0.000         0.000         0.000         0.000         1.000
 WMH_5          0.000         0.000         0.000         0.000         0.000
 WMH_6          0.000         0.000         0.000         0.000         0.000
 WMH_7          0.000         0.000         0.000         0.000         0.000


           PSI
              WMH_5         WMH_6         WMH_7
              ________      ________      ________
 WMH_5          1.000
 WMH_6          0.000         1.000
 WMH_7          0.000         0.000         1.000



     PRIORS FOR ALL PARAMETERS            PRIOR MEAN      PRIOR VARIANCE     PRIOR STD. DEV.

     Parameter 1~N(0.000,infinity)           0.0000            infinity            infinity
     Parameter 2~N(0.000,infinity)           0.0000            infinity            infinity
     Parameter 3~N(0.000,infinity)           0.0000            infinity            infinity
     Parameter 4~N(0.000,infinity)           0.0000            infinity            infinity
     Parameter 5~N(0.000,infinity)           0.0000            infinity            infinity
     Parameter 6~N(0.000,infinity)           0.0000            infinity            infinity
     Parameter 7~N(0.000,infinity)           0.0000            infinity            infinity
     Parameter 8~N(0.000,infinity)           0.0000            infinity            infinity
     Parameter 9~N(0.000,infinity)           0.0000            infinity            infinity
     Parameter 10~N(0.000,infinity)          0.0000            infinity            infinity
     Parameter 11~N(0.000,infinity)          0.0000            infinity            infinity
     Parameter 12~N(0.000,infinity)          0.0000            infinity            infinity
     Parameter 13~N(0.000,infinity)          0.0000            infinity            infinity
     Parameter 14~N(0.000,infinity)          0.0000            infinity            infinity
     Parameter 15~IW(0.000,-3)             infinity            infinity            infinity
     Parameter 16~IW(0.000,-3)             infinity            infinity            infinity
     Parameter 17~IW(0.000,-3)             infinity            infinity            infinity
     Parameter 18~IW(0.000,-3)             infinity            infinity            infinity
     Parameter 19~IW(0.000,-3)             infinity            infinity            infinity
     Parameter 20~IW(0.000,-3)             infinity            infinity            infinity
     Parameter 21~IW(0.000,-3)             infinity            infinity            infinity
     Parameter 22~IW(0.000,-3)             infinity            infinity            infinity
     Parameter 23~IW(0.000,-3)             infinity            infinity            infinity
     Parameter 24~IW(0.000,-3)             infinity            infinity            infinity
     Parameter 25~IW(0.000,-3)             infinity            infinity            infinity
     Parameter 26~IW(0.000,-3)             infinity            infinity            infinity


TECHNICAL 8 OUTPUT


   TECHNICAL 8 OUTPUT FOR BAYES ESTIMATION

     CHAIN    BSEED
     1        0
     2        285380

                     POTENTIAL       PARAMETER WITH
     ITERATION    SCALE REDUCTION      HIGHEST PSR
     100              3.080               6
     200              4.927               6
     300              3.464               6
     400              3.886               6
     500              2.101               26
     600              2.160               26
     700              1.844               26
     800              1.616               26
     900              1.408               26
     1000             1.355               16
     1100             1.553               16
     1200             1.615               16
     1300             1.584               16
     1400             1.531               16
     1500             1.404               6
     1600             1.272               6
     1700             1.230               6
     1800             1.109               11
     1900             1.157               26
     2000             1.149               26
     2100             1.163               26
     2200             1.146               11
     2300             1.150               11
     2400             1.141               6
     2500             1.151               6
     2600             1.114               6
     2700             1.096               6
     2800             1.085               11
     2900             1.092               11
     3000             1.102               11
     3100             1.119               11
     3200             1.103               16
     3300             1.106               16
     3400             1.085               16
     3500             1.074               16
     3600             1.057               16
     3700             1.044               16
     3800             1.034               24
     3900             1.042               24
     4000             1.044               24
     4100             1.035               24
     4200             1.037               13
     4300             1.052               6
     4400             1.066               6
     4500             1.081               6
     4600             1.085               13
     4700             1.081               5
     4800             1.089               5
     4900             1.084               5
     5000             1.062               5
     5100             1.056               5
     5200             1.045               5
     5300             1.058               5
     5400             1.044               11
     5500             1.048               26
     5600             1.054               26
     5700             1.057               26
     5800             1.072               14
     5900             1.087               26
     6000             1.091               14
     6100             1.098               11
     6200             1.100               11
     6300             1.101               11
     6400             1.097               11
     6500             1.103               11
     6600             1.105               14
     6700             1.122               14
     6800             1.136               14
     6900             1.153               14
     7000             1.173               14
     7100             1.178               14
     7200             1.190               14
     7300             1.197               14
     7400             1.181               14
     7500             1.183               14
     7600             1.188               14
     7700             1.179               14
     7800             1.169               14
     7900             1.162               14
     8000             1.151               14
     8100             1.152               14
     8200             1.156               14
     8300             1.152               14
     8400             1.164               14
     8500             1.169               14
     8600             1.173               14
     8700             1.171               14
     8800             1.164               14
     8900             1.167               14
     9000             1.162               14
     9100             1.161               14
     9200             1.163               14
     9300             1.156               14
     9400             1.148               14
     9500             1.138               14
     9600             1.132               14
     9700             1.122               14
     9800             1.119               14
     9900             1.112               14
     10000            1.100               14
     10100            1.092               14
     10200            1.079               14
     10300            1.064               14
     10400            1.051               14
     10500            1.045               14
     10600            1.043               14
     10700            1.039               14
     10800            1.031               14
     10900            1.030               14
     11000            1.028               14
     11100            1.025               14
     11200            1.021               14
     11300            1.022               6
     11400            1.028               6
     11500            1.029               6
     11600            1.031               6
     11700            1.028               6
     11800            1.026               6
     11900            1.023               6
     12000            1.022               6
     12100            1.022               14
     12200            1.021               14
     12300            1.019               14
     12400            1.016               14
     12500            1.013               4
     12600            1.011               4
     12700            1.011               4
     12800            1.012               4
     12900            1.010               11
     13000            1.011               11
     13100            1.013               11
     13200            1.014               26
     13300            1.013               26
     13400            1.014               26
     13500            1.016               6
     13600            1.019               26
     13700            1.022               26
     13800            1.023               26
     13900            1.022               26
     14000            1.017               26
     14100            1.014               26
     14200            1.012               6
     14300            1.015               6
     14400            1.016               6
     14500            1.016               6
     14600            1.016               6
     14700            1.019               6
     14800            1.023               6
     14900            1.024               6
     15000            1.020               6
     15100            1.015               6
     15200            1.010               6
     15300            1.008               14
     15400            1.009               14
     15500            1.010               14
     15600            1.011               14
     15700            1.010               14
     15800            1.011               14
     15900            1.013               14
     16000            1.016               14
     16100            1.019               14
     16200            1.020               14
     16300            1.023               14
     16400            1.025               14
     16500            1.025               14
     16600            1.026               14
     16700            1.027               14
     16800            1.024               14
     16900            1.024               14
     17000            1.023               14
     17100            1.021               14
     17200            1.020               14
     17300            1.021               14
     17400            1.023               14
     17500            1.023               14
     17600            1.022               14
     17700            1.023               14
     17800            1.022               14
     17900            1.021               14
     18000            1.022               14
     18100            1.022               14
     18200            1.024               14
     18300            1.028               14
     18400            1.028               14
     18500            1.028               14
     18600            1.026               14
     18700            1.029               14
     18800            1.029               14
     18900            1.027               14
     19000            1.027               14
     19100            1.027               14
     19200            1.028               14
     19300            1.028               14
     19400            1.026               14
     19500            1.024               14
     19600            1.022               14
     19700            1.020               14
     19800            1.017               14
     19900            1.015               14
     20000            1.014               14


DIAGRAM INFORMATION

  Use View Diagram under the Diagram menu in the Mplus Editor to view the diagram.
  If running Mplus from the Mplus Diagrammer, the diagram opens automatically.

  Diagram output
    c:\users\lg05\owncloud - lukas gunschera@cloud.mrc-cbu.cam.ac.uk\dmh_lukas\projects\2024_cognitive_phenotype\code\lc

     Beginning Time:  10:24:35
        Ending Time:  10:25:31
       Elapsed Time:  00:00:56



MUTHEN & MUTHEN
3463 Stoner Ave.
Los Angeles, CA  90066

Tel: (310) 391-9971
Fax: (310) 391-8971
Web: www.StatModel.com
Support: Support@StatModel.com

Copyright (c) 1998-2023 Muthen & Muthen
