Mplus VERSION 8.9
MUTHEN & MUTHEN
11/07/2024   8:12 AM

INPUT INSTRUCTIONS

  TITLE: RI-CLPM for LCID Social Media and Temperament Data

  DATA:
      FILE = "C:\Users\lg05\ownCloud - Lukas Gunschera@cloud.mrc-cbu.cam.ac.uk\
      dmh_lukas\projects\2024_cognitive_phenotype\data\lcid\mplus\
      dd_delaydiscount\lcid_baseline_bisbas.dat";

  VARIABLE:
      !variables included in the dataset
      NAMES ARE smt5 smt6 smt7         !social media use total
                smp5 smp6 smp7         !social media use posting and scrolling
                smm5 smm6 smm7         !social media use messaging
                smv5 smv6 smv7         !social media use video watching
                eat5 eat6 eat7         !eatq-ec total
                bis5 bis6 bis7         !bis/bas behavioural inhibition
                bas5 bas6 bas7         !bis/bas behavioural activation
                bbt5 bbt6 bbt7         !bis/bas total
                hsc5 hsc6 hsc7         !highly sensitive child scale total
                sdq5 sdq6 sdq7         !strengths and difficulties total

                csm5 csm6              !compulsive social media use [aux]
                sex ses edu1           !demographics [aux]
                bsi6 bsi7              !brief symptom inventory total [aux]
                bsid6 bsid7            !brief symptom inventory depression [aux]
                bsia6 bsia7            !brief symptom inventory anxiety [aux]
                pdsi2 pds5 pds6 pds7;  !pubertal development score [aux]

      !variables used in analyses
      USEVARIABLES ARE smp5 smp6 smp7
                       bas5 bas6 bas7;

      !missingness marker in dataset
      MISSING ARE ALL (-999);

      AUXILIARY ARE csm5 csm6 sex ses edu1
                    bsi6 bsi7 bsid6 bsid7 bsia6 bsia7
                    pdsi2 pds5 pds6 pds7;

  ANALYSIS:
      Estimator = BAYES;
      Type = random;          !required when including interaction effects
      model = nocovariances;  !covariances should not be estimated per default
      processors = 2;         !multiple processors used to increase computing speed
      chains = 2;             !number of MCMC chains
      thin = 10;              !save every 10th iteration

      fbiter = 10000;          !PSR < 1.1 at 1,400 (10,000 minimum)

  MODEL:
      !Create between components (random intercepts)
      RIsm BY smp5@1 smp6@1 smp7@1;
      RImh BY bas5@1 bas6@1 bas7@1;

      !Create within-person centred variables
      wsm_5 BY smp5@1;
      wsm_6 BY smp6@1;
      wsm_7 BY smp7@1;

      wmh_5 BY bas5@1;
      wmh_6 BY bas6@1;
      wmh_7 BY bas7@1;

      !Constrain measurement error variances to zero
      !or close to zero to allow for reasonable imputation times
      smp5-bas7@0.2;

      !Estimate the lagged effects between the within-person centred variables
      wsm_7 ON wsm_6 wmh_6;
      wsm_6 ON wsm_5 wmh_5;

      wmh_7 ON wsm_6 wmh_6;
      wmh_6 ON wsm_5 wmh_5;

      !Estimate covariance between random intercepts
      RIsm WITH RImh;

      !Estimate the covariance between the within-person
      !components at the first wave
      wmh_5 WITH wsm_5;

      !Estimate the covariances between the residuals of
      !the within-person components
      wmh_6 WITH wsm_6;
      wmh_7 WITH wsm_7;

  OUTPUT:
      TECH8;    !get PSR values
      STDYX;    !get standardised output



INPUT READING TERMINATED NORMALLY



RI-CLPM for LCID Social Media and Temperament Data

SUMMARY OF ANALYSIS

Number of groups                                                 1
Number of observations                                         334

Number of dependent variables                                    6
Number of independent variables                                  0
Number of continuous latent variables                            8

Observed dependent variables

  Continuous
   SMP5        SMP6        SMP7        BAS5        BAS6        BAS7

Observed auxiliary variables
   CSM5        CSM6        SEX         SES         EDU1        BSI6
   BSI7        BSID6       BSID7       BSIA6       BSIA7       PDSI2
   PDS5        PDS6        PDS7

Continuous latent variables
   RISM        RIMH        WSM_5       WSM_6       WSM_7       WMH_5
   WMH_6       WMH_7


Estimator                                                    BAYES
Specifications for Bayesian Estimation
  Point estimate                                            MEDIAN
  Number of Markov chain Monte Carlo (MCMC) chains               2
  Random seed for the first chain                                0
  Starting value information                           UNPERTURBED
  Algorithm used for Markov chain Monte Carlo           GIBBS(PX1)
  Fixed number of iterations                                 10000
  K-th iteration used for thinning                              10

Input data file(s)
  C:\Users\lg05\ownCloud - Lukas Gunschera@cloud.mrc-cbu.cam.ac.uk\dmh_lukas\pro
Input data format  FREE


SUMMARY OF DATA



COVARIANCE COVERAGE OF DATA

Minimum covariance coverage value   0.100

     Number of missing data patterns            15


     PROPORTION OF DATA PRESENT


           Covariance Coverage
              SMP5          SMP6          SMP7          BAS5          BAS6
              ________      ________      ________      ________      ________
 SMP5           0.979
 SMP6           0.784         0.805
 SMP7           0.467         0.386         0.479
 BAS5           0.862         0.710         0.407         0.868
 BAS6           0.760         0.781         0.371         0.689         0.781
 BAS7           0.467         0.386         0.479         0.407         0.371


           Covariance Coverage
              BAS7
              ________
 BAS7           0.479



UNIVARIATE SAMPLE STATISTICS


     UNIVARIATE HIGHER-ORDER MOMENT DESCRIPTIVE STATISTICS

         Variable/         Mean/     Skewness/   Minimum/ % with                Percentiles
        Sample Size      Variance    Kurtosis    Maximum  Min/Max      20%/60%    40%/80%    Median

     SMP5                  1.349       1.011       0.000   26.30%       0.000      1.000      1.000
             327.000       1.481       0.775       5.000    2.75%       1.000      2.000
     SMP6                  1.506       0.776       0.000   20.82%       0.000      1.000      1.000
             269.000       1.462       0.269       5.000    2.60%       2.000      2.000
     SMP7                  1.981       0.551       0.000   13.12%       1.000      1.000      2.000
             160.000       1.931      -0.381       5.000    7.50%       2.000      3.000
     BAS5                 38.645      -0.258      25.000    0.34%      34.000     38.000     39.000
             290.000      22.843      -0.377      50.000    0.34%      40.000     43.000
     BAS6                 37.483      -0.369      21.000    0.38%      34.000     36.000     38.000
             261.000      21.798       0.342      51.000    0.38%      39.000     41.000
     BAS7                 38.225      -0.461      20.000    0.62%      34.000     37.000     38.500
             160.000      23.512       0.538      48.000    0.62%      39.000     42.000


THE MODEL ESTIMATION TERMINATED NORMALLY

     USE THE FBITERATIONS OPTION TO INCREASE THE NUMBER OF ITERATIONS BY A FACTOR
     OF AT LEAST TWO TO CHECK CONVERGENCE AND THAT THE PSR VALUE DOES NOT INCREASE.



MODEL FIT INFORMATION

Number of Free Parameters                              26

Bayesian Posterior Predictive Checking using Chi-Square

          95% Confidence Interval for the Difference Between
          the Observed and the Replicated Chi-Square Values

                                -21.530            23.165

          Posterior Predictive P-Value              0.453

Information Criteria

          Deviance (DIC)                         6586.322
          Estimated Number of Parameters (pD)      24.801
          Bayesian (BIC)                         6687.569

RMSEA (Root Mean Square Error Of Approximation)

          Estimate                           0.000
          90 Percent C.I.                    0.000  0.084
          Probability RMSEA <= .05           0.906

CFI/TLI

          CFI                                1.000
          90 Percent C.I.                    0.967  1.000

          TLI                                1.000
          90 Percent C.I.                    0.777  1.000



MODEL RESULTS

                                Posterior  One-Tailed         95% C.I.
                    Estimate       S.D.      P-Value   Lower 2.5%  Upper 2.5%  Significance

 RISM     BY
    SMP5               1.000       0.000      0.000       1.000       1.000
    SMP6               1.000       0.000      0.000       1.000       1.000
    SMP7               1.000       0.000      0.000       1.000       1.000

 RIMH     BY
    BAS5               1.000       0.000      0.000       1.000       1.000
    BAS6               1.000       0.000      0.000       1.000       1.000
    BAS7               1.000       0.000      0.000       1.000       1.000

 WSM_5    BY
    SMP5               1.000       0.000      0.000       1.000       1.000

 WSM_6    BY
    SMP6               1.000       0.000      0.000       1.000       1.000

 WSM_7    BY
    SMP7               1.000       0.000      0.000       1.000       1.000

 WMH_5    BY
    BAS5               1.000       0.000      0.000       1.000       1.000

 WMH_6    BY
    BAS6               1.000       0.000      0.000       1.000       1.000

 WMH_7    BY
    BAS7               1.000       0.000      0.000       1.000       1.000

 WSM_7      ON
    WSM_6             -0.203       0.250      0.193      -0.758       0.232
    WMH_6             -0.028       0.047      0.269      -0.127       0.061

 WSM_6      ON
    WSM_5              0.270       0.136      0.031      -0.015       0.511
    WMH_5             -0.014       0.027      0.296      -0.066       0.039

 WMH_7      ON
    WSM_6             -0.348       0.740      0.315      -1.754       1.190
    WMH_6             -0.031       0.206      0.438      -0.472       0.338

 WMH_6      ON
    WSM_5             -0.528       0.455      0.118      -1.445       0.354
    WMH_5              0.289       0.120      0.011       0.044       0.508      *

 RISM     WITH
    RIMH               0.625       0.392      0.061      -0.191       1.341

 WMH_5    WITH
    WSM_5              0.168       0.453      0.353      -0.699       1.090

 WMH_6    WITH
    WSM_6              0.130       0.364      0.363      -0.584       0.836

 WMH_7    WITH
    WSM_7              0.898       0.675      0.083      -0.376       2.304

 Intercepts
    SMP5               1.352       0.068      0.000       1.220       1.487      *
    SMP6               1.505       0.072      0.000       1.362       1.648      *
    SMP7               1.953       0.111      0.000       1.731       2.164      *
    BAS5              38.617       0.280      0.000      38.088      39.191      *
    BAS6              37.596       0.278      0.000      37.056      38.140      *
    BAS7              38.287       0.382      0.000      37.560      39.062      *

 Variances
    RISM               0.457       0.138      0.000       0.159       0.706      *
    RIMH               7.388       2.420      0.000       2.102      11.673      *
    WSM_5              0.879       0.159      0.000       0.614       1.237      *
    WMH_5             15.987       2.634      0.000      11.790      22.108      *

 Residual Variances
    SMP5               0.200       0.000      0.000       0.200       0.200
    SMP6               0.200       0.000      0.000       0.200       0.200
    SMP7               0.200       0.000      0.000       0.200       0.200
    BAS5               0.200       0.000      0.000       0.200       0.200
    BAS6               0.200       0.000      0.000       0.200       0.200
    BAS7               0.200       0.000      0.000       0.200       0.200
    WSM_6              0.753       0.132      0.000       0.495       1.016      *
    WSM_7              1.326       0.273      0.000       0.808       1.884      *
    WMH_6             13.175       2.015      0.000       9.340      17.187      *
    WMH_7             16.686       3.251      0.000      10.695      23.499      *


STANDARDIZED MODEL RESULTS


STDYX Standardization

                                Posterior  One-Tailed         95% C.I.
                    Estimate       S.D.      P-Value   Lower 2.5%  Upper 2.5%  Significance
 RISM     BY
    SMP5               0.546       0.086      0.000       0.323       0.667      *
    SMP6               0.552       0.091      0.000       0.324       0.691      *
    SMP7               0.468       0.074      0.000       0.279       0.575      *

 RIMH     BY
    BAS5               0.561       0.097      0.000       0.301       0.686      *
    BAS6               0.572       0.105      0.000       0.305       0.720      *
    BAS7               0.542       0.096      0.000       0.289       0.671      *

 WSM_5    BY
    SMP5               0.756       0.057      0.000       0.651       0.875      *

 WSM_6    BY
    SMP6               0.750       0.065      0.000       0.617       0.874      *

 WSM_7    BY
    SMP7               0.828       0.039      0.000       0.752       0.909      *

 WMH_5    BY
    BAS5               0.823       0.058      0.000       0.722       0.949      *

 WMH_6    BY
    BAS6               0.815       0.066      0.000       0.688       0.948      *

 WMH_7    BY
    BAS7               0.836       0.055      0.000       0.736       0.953      *

 WSM_7      ON
    WSM_6             -0.157       0.180      0.193      -0.524       0.187
    WMH_6             -0.091       0.148      0.269      -0.388       0.198

 WSM_6      ON
    WSM_5              0.275       0.133      0.031      -0.016       0.504
    WMH_5             -0.063       0.118      0.296      -0.296       0.171

 WMH_7      ON
    WSM_6             -0.077       0.158      0.315      -0.370       0.257
    WMH_6             -0.028       0.185      0.438      -0.405       0.315

 WMH_6      ON
    WSM_5             -0.128       0.108      0.118      -0.332       0.086
    WMH_5              0.299       0.117      0.011       0.046       0.502      *

 RISM     WITH
    RIMH               0.351       0.254      0.061      -0.136       0.869

 WMH_5    WITH
    WSM_5              0.045       0.118      0.353      -0.184       0.277

 WMH_6    WITH
    WSM_6              0.042       0.116      0.363      -0.206       0.254

 WMH_7    WITH
    WSM_7              0.193       0.139      0.083      -0.090       0.456

 Intercepts
    SMP5               1.092       0.069      0.000       0.958       1.230      *
    SMP6               1.230       0.081      0.000       1.073       1.388      *
    SMP7               1.355       0.111      0.000       1.135       1.571      *
    BAS5               7.958       0.339      0.000       7.300       8.618      *
    BAS6               7.911       0.350      0.000       7.228       8.599      *
    BAS7               7.630       0.437      0.000       6.799       8.504      *

 Variances
    RISM               1.000       0.000      0.000       1.000       1.000
    RIMH               1.000       0.000      0.000       1.000       1.000
    WSM_5              1.000       0.000      0.000       1.000       1.000
    WMH_5              1.000       0.000      0.000       1.000       1.000

 Residual Variances
    SMP5               0.131       0.010      0.000       0.111       0.152      *
    SMP6               0.134       0.012      0.000       0.112       0.158      *
    SMP7               0.096       0.011      0.000       0.076       0.120      *
    BAS5               0.008       0.001      0.000       0.007       0.010      *
    BAS6               0.009       0.001      0.000       0.007       0.010      *
    BAS7               0.008       0.001      0.000       0.006       0.010      *
    WSM_6              0.902       0.071      0.000       0.731       0.992      *
    WSM_7              0.944       0.083      0.000       0.689       0.998      *
    WMH_6              0.881       0.070      0.000       0.722       0.986      *
    WMH_7              0.955       0.060      0.000       0.780       0.998      *


R-SQUARE

                                Posterior  One-Tailed         95% C.I.
    Variable        Estimate       S.D.      P-Value   Lower 2.5%  Upper 2.5%

    SMP5               0.869       0.010      0.000       0.848       0.889
    SMP6               0.866       0.012      0.000       0.842       0.888
    SMP7               0.904       0.011      0.000       0.880       0.924
    BAS5               0.992       0.001      0.000       0.990       0.993
    BAS6               0.991       0.001      0.000       0.990       0.993
    BAS7               0.992       0.001      0.000       0.990       0.994

                                Posterior  One-Tailed         95% C.I.
    Variable        Estimate       S.D.      P-Value   Lower 2.5%  Upper 2.5%

    WSM_6              0.098       0.071      0.000       0.008       0.268
    WSM_7              0.056       0.083      0.000       0.002       0.311
    WMH_6              0.119       0.070      0.000       0.014       0.278
    WMH_7              0.045       0.060      0.000       0.002       0.219


TECHNICAL 1 OUTPUT


     PARAMETER SPECIFICATION


           NU
              SMP5          SMP6          SMP7          BAS5          BAS6
              ________      ________      ________      ________      ________
                    1             2             3             4             5


           NU
              BAS7
              ________
                    6


           LAMBDA
              RISM          RIMH          WSM_5         WSM_6         WSM_7
              ________      ________      ________      ________      ________
 SMP5               0             0             0             0             0
 SMP6               0             0             0             0             0
 SMP7               0             0             0             0             0
 BAS5               0             0             0             0             0
 BAS6               0             0             0             0             0
 BAS7               0             0             0             0             0


           LAMBDA
              WMH_5         WMH_6         WMH_7
              ________      ________      ________
 SMP5               0             0             0
 SMP6               0             0             0
 SMP7               0             0             0
 BAS5               0             0             0
 BAS6               0             0             0
 BAS7               0             0             0


           THETA
              SMP5          SMP6          SMP7          BAS5          BAS6
              ________      ________      ________      ________      ________
 SMP5               0
 SMP6               0             0
 SMP7               0             0             0
 BAS5               0             0             0             0
 BAS6               0             0             0             0             0
 BAS7               0             0             0             0             0


           THETA
              BAS7
              ________
 BAS7               0


           ALPHA
              RISM          RIMH          WSM_5         WSM_6         WSM_7
              ________      ________      ________      ________      ________
                    0             0             0             0             0


           ALPHA
              WMH_5         WMH_6         WMH_7
              ________      ________      ________
                    0             0             0


           BETA
              RISM          RIMH          WSM_5         WSM_6         WSM_7
              ________      ________      ________      ________      ________
 RISM               0             0             0             0             0
 RIMH               0             0             0             0             0
 WSM_5              0             0             0             0             0
 WSM_6              0             0             7             0             0
 WSM_7              0             0             0             9             0
 WMH_5              0             0             0             0             0
 WMH_6              0             0            11             0             0
 WMH_7              0             0             0            13             0


           BETA
              WMH_5         WMH_6         WMH_7
              ________      ________      ________
 RISM               0             0             0
 RIMH               0             0             0
 WSM_5              0             0             0
 WSM_6              8             0             0
 WSM_7              0            10             0
 WMH_5              0             0             0
 WMH_6             12             0             0
 WMH_7              0            14             0


           PSI
              RISM          RIMH          WSM_5         WSM_6         WSM_7
              ________      ________      ________      ________      ________
 RISM              15
 RIMH              16            17
 WSM_5              0             0            18
 WSM_6              0             0             0            19
 WSM_7              0             0             0             0            20
 WMH_5              0             0            21             0             0
 WMH_6              0             0             0            23             0
 WMH_7              0             0             0             0            25


           PSI
              WMH_5         WMH_6         WMH_7
              ________      ________      ________
 WMH_5             22
 WMH_6              0            24
 WMH_7              0             0            26


     STARTING VALUES


           NU
              SMP5          SMP6          SMP7          BAS5          BAS6
              ________      ________      ________      ________      ________
                1.349         1.506         1.981        38.645        37.483


           NU
              BAS7
              ________
               38.225


           LAMBDA
              RISM          RIMH          WSM_5         WSM_6         WSM_7
              ________      ________      ________      ________      ________
 SMP5           1.000         0.000         1.000         0.000         0.000
 SMP6           1.000         0.000         0.000         1.000         0.000
 SMP7           1.000         0.000         0.000         0.000         1.000
 BAS5           0.000         1.000         0.000         0.000         0.000
 BAS6           0.000         1.000         0.000         0.000         0.000
 BAS7           0.000         1.000         0.000         0.000         0.000


           LAMBDA
              WMH_5         WMH_6         WMH_7
              ________      ________      ________
 SMP5           0.000         0.000         0.000
 SMP6           0.000         0.000         0.000
 SMP7           0.000         0.000         0.000
 BAS5           1.000         0.000         0.000
 BAS6           0.000         1.000         0.000
 BAS7           0.000         0.000         1.000


           THETA
              SMP5          SMP6          SMP7          BAS5          BAS6
              ________      ________      ________      ________      ________
 SMP5           0.200
 SMP6           0.000         0.200
 SMP7           0.000         0.000         0.200
 BAS5           0.000         0.000         0.000         0.200
 BAS6           0.000         0.000         0.000         0.000         0.200
 BAS7           0.000         0.000         0.000         0.000         0.000


           THETA
              BAS7
              ________
 BAS7           0.200


           ALPHA
              RISM          RIMH          WSM_5         WSM_6         WSM_7
              ________      ________      ________      ________      ________
                0.000         0.000         0.000         0.000         0.000


           ALPHA
              WMH_5         WMH_6         WMH_7
              ________      ________      ________
                0.000         0.000         0.000


           BETA
              RISM          RIMH          WSM_5         WSM_6         WSM_7
              ________      ________      ________      ________      ________
 RISM           0.000         0.000         0.000         0.000         0.000
 RIMH           0.000         0.000         0.000         0.000         0.000
 WSM_5          0.000         0.000         0.000         0.000         0.000
 WSM_6          0.000         0.000         0.000         0.000         0.000
 WSM_7          0.000         0.000         0.000         0.000         0.000
 WMH_5          0.000         0.000         0.000         0.000         0.000
 WMH_6          0.000         0.000         0.000         0.000         0.000
 WMH_7          0.000         0.000         0.000         0.000         0.000


           BETA
              WMH_5         WMH_6         WMH_7
              ________      ________      ________
 RISM           0.000         0.000         0.000
 RIMH           0.000         0.000         0.000
 WSM_5          0.000         0.000         0.000
 WSM_6          0.000         0.000         0.000
 WSM_7          0.000         0.000         0.000
 WMH_5          0.000         0.000         0.000
 WMH_6          0.000         0.000         0.000
 WMH_7          0.000         0.000         0.000


           PSI
              RISM          RIMH          WSM_5         WSM_6         WSM_7
              ________      ________      ________      ________      ________
 RISM           1.000
 RIMH           0.000         1.000
 WSM_5          0.000         0.000         1.000
 WSM_6          0.000         0.000         0.000         1.000
 WSM_7          0.000         0.000         0.000         0.000         1.000
 WMH_5          0.000         0.000         0.000         0.000         0.000
 WMH_6          0.000         0.000         0.000         0.000         0.000
 WMH_7          0.000         0.000         0.000         0.000         0.000


           PSI
              WMH_5         WMH_6         WMH_7
              ________      ________      ________
 WMH_5          1.000
 WMH_6          0.000         1.000
 WMH_7          0.000         0.000         1.000



     PRIORS FOR ALL PARAMETERS            PRIOR MEAN      PRIOR VARIANCE     PRIOR STD. DEV.

     Parameter 1~N(0.000,infinity)           0.0000            infinity            infinity
     Parameter 2~N(0.000,infinity)           0.0000            infinity            infinity
     Parameter 3~N(0.000,infinity)           0.0000            infinity            infinity
     Parameter 4~N(0.000,infinity)           0.0000            infinity            infinity
     Parameter 5~N(0.000,infinity)           0.0000            infinity            infinity
     Parameter 6~N(0.000,infinity)           0.0000            infinity            infinity
     Parameter 7~N(0.000,infinity)           0.0000            infinity            infinity
     Parameter 8~N(0.000,infinity)           0.0000            infinity            infinity
     Parameter 9~N(0.000,infinity)           0.0000            infinity            infinity
     Parameter 10~N(0.000,infinity)          0.0000            infinity            infinity
     Parameter 11~N(0.000,infinity)          0.0000            infinity            infinity
     Parameter 12~N(0.000,infinity)          0.0000            infinity            infinity
     Parameter 13~N(0.000,infinity)          0.0000            infinity            infinity
     Parameter 14~N(0.000,infinity)          0.0000            infinity            infinity
     Parameter 15~IW(0.000,-3)             infinity            infinity            infinity
     Parameter 16~IW(0.000,-3)             infinity            infinity            infinity
     Parameter 17~IW(0.000,-3)             infinity            infinity            infinity
     Parameter 18~IW(0.000,-3)             infinity            infinity            infinity
     Parameter 19~IW(0.000,-3)             infinity            infinity            infinity
     Parameter 20~IW(0.000,-3)             infinity            infinity            infinity
     Parameter 21~IW(0.000,-3)             infinity            infinity            infinity
     Parameter 22~IW(0.000,-3)             infinity            infinity            infinity
     Parameter 23~IW(0.000,-3)             infinity            infinity            infinity
     Parameter 24~IW(0.000,-3)             infinity            infinity            infinity
     Parameter 25~IW(0.000,-3)             infinity            infinity            infinity
     Parameter 26~IW(0.000,-3)             infinity            infinity            infinity


TECHNICAL 8 OUTPUT


   TECHNICAL 8 OUTPUT FOR BAYES ESTIMATION

     CHAIN    BSEED
     1        0
     2        285380

                     POTENTIAL       PARAMETER WITH
     ITERATION    SCALE REDUCTION      HIGHEST PSR
     100              3.213               22
     200              5.290               6
     300              2.985               6
     400              1.641               6
     500              2.068               14
     600              1.873               17
     700              1.352               13
     800              1.214               4
     900              1.182               5
     1000             1.159               5
     1100             1.164               26
     1200             1.184               14
     1300             1.119               14
     1400             1.063               14
     1500             1.040               15
     1600             1.073               15
     1700             1.049               15
     1800             1.034               10
     1900             1.026               4
     2000             1.030               4
     2100             1.034               4
     2200             1.028               4
     2300             1.043               4
     2400             1.037               13
     2500             1.040               13
     2600             1.038               13
     2700             1.043               13
     2800             1.058               26
     2900             1.046               26
     3000             1.034               13
     3100             1.028               26
     3200             1.028               5
     3300             1.037               5
     3400             1.042               5
     3500             1.049               5
     3600             1.033               5
     3700             1.019               10
     3800             1.019               10
     3900             1.014               10
     4000             1.016               10
     4100             1.013               16
     4200             1.015               16
     4300             1.019               5
     4400             1.025               5
     4500             1.028               5
     4600             1.025               4
     4700             1.021               4
     4800             1.020               4
     4900             1.012               5
     5000             1.012               5
     5100             1.008               5
     5200             1.009               6
     5300             1.010               6
     5400             1.014               6
     5500             1.012               6
     5600             1.017               26
     5700             1.017               26
     5800             1.017               26
     5900             1.016               14
     6000             1.018               14
     6100             1.020               14
     6200             1.023               26
     6300             1.029               26
     6400             1.029               26
     6500             1.032               26
     6600             1.034               26
     6700             1.032               26
     6800             1.030               26
     6900             1.029               26
     7000             1.025               26
     7100             1.020               26
     7200             1.020               26
     7300             1.025               26
     7400             1.025               26
     7500             1.024               26
     7600             1.029               26
     7700             1.029               26
     7800             1.026               26
     7900             1.025               26
     8000             1.020               26
     8100             1.017               26
     8200             1.013               26
     8300             1.013               26
     8400             1.012               26
     8500             1.010               26
     8600             1.008               26
     8700             1.008               26
     8800             1.007               26
     8900             1.009               26
     9000             1.008               26
     9100             1.011               26
     9200             1.011               17
     9300             1.009               26
     9400             1.008               17
     9500             1.009               17
     9600             1.009               13
     9700             1.011               13
     9800             1.011               26
     9900             1.013               26
     10000            1.014               13


DIAGRAM INFORMATION

  Use View Diagram under the Diagram menu in the Mplus Editor to view the diagram.
  If running Mplus from the Mplus Diagrammer, the diagram opens automatically.

  Diagram output
    c:\users\lg05\owncloud - lukas gunschera@cloud.mrc-cbu.cam.ac.uk\dmh_lukas\projects\2024_cognitive_phenotype\code\lc

     Beginning Time:  08:12:47
        Ending Time:  08:13:12
       Elapsed Time:  00:00:25



MUTHEN & MUTHEN
3463 Stoner Ave.
Los Angeles, CA  90066

Tel: (310) 391-9971
Fax: (310) 391-8971
Web: www.StatModel.com
Support: Support@StatModel.com

Copyright (c) 1998-2023 Muthen & Muthen
