Mplus VERSION 8.9
MUTHEN & MUTHEN
09/10/2024  10:29 AM

INPUT INSTRUCTIONS

  TITLE: RI-CLPM for LCID Social Media and SDQ Data

  DATA:
      FILE = "C:\Users\lg05\ownCloud - Lukas Gunschera@cloud.mrc-cbu.cam.ac.uk\
      dmh_lukas\projects\2024_cognitive_phenotype\data\lcid\mplus\
      dd_delaydiscount\lcid_baseline_sdq.dat";

  VARIABLE:
      !variables included in the dataset
      NAMES ARE smt5 smt6 smt7         !social media use total
                 smp5 smp6 smp7         !social media use posting and scrolling
                 smm5 smm6 smm7         !social media use messaging
                 smv5 smv6 smv7         !social media use video watching
                 eat5 eat6 eat7         !eatq-ec total
                 bis5 bis6 bis7         !bis/bas behavioural inhibition
                 bas5 bas6 bas7         !bis/bas behavioural activation
                 bbt5 bbt6 bbt7         !bis/bas total
                 hsc5 hsc6 hsc7         !highly sensitive child scale total
                 sdq5 sdq6 sdq7         !strengths and difficulties total

                 csm5 csm6              !compulsive social media use [aux]
                 sex ses edu1           !demographics [aux]
                 bsi6 bsi7              !brief symptom inventory total [aux]
                 bsid6 bsid7            !brief symptom inventory depression [aux]
                 bsia6 bsia7            !brief symptom inventory anxiety [aux]
                 pdsi2 pds5 pds6 pds7;  !pubertal development score [aux]

      !variables used in analyses
      USEVARIABLES ARE smp5 smp6 smp7
                       sdq5 sdq6 sdq7;

      !missingness marker in dataset
      MISSING ARE ALL (-999);

      AUXILIARY ARE csm5 csm6 sex ses edu1
                    bsi6 bsi7 bsid6 bsid7 bsia6 bsia7
                    pdsi2 pds5 pds6 pds7;

  ANALYSIS:
      Estimator = BAYES;
      Type = random;          !required when including interaction effects
      model = nocovariances;  !covariances should not be estimated per default
      processors = 2;         !multiple processors used to increase computing speed
      chains = 2;             !number of MCMC chains
      thin = 10;              !save every 10th iteration

      fbiter = 10000;          !PSR < 1.1 at 1200 iterations (10000 minimum applied)

  MODEL:
      !Create between components (random intercepts)
      RIsm BY smp5@1 smp6@1 smp7@1;
      RImh BY sdq5@1 sdq6@1 sdq7@1;

      !Create within-person centred variables
      wsm_5 BY smp5@1;
      wsm_6 BY smp6@1;
      wsm_7 BY smp7@1;

      wmh_5 BY sdq5@1;
      wmh_6 BY sdq6@1;
      wmh_7 BY sdq7@1;

      !Constrain measurement error variances to zero
      !or close to zero to allow for reasonable imputation times
      smp5-sdq7@0.2; !subtraction opposite to Lydia's script?
      !eatq5-sm7@0.2; !this order aligns with Lydia's script but error

      !Estimate the lagged effects between the within-person centred variables
      wsm_7 ON wsm_6 wmh_6;
      wmh_7 ON wsm_6 wmh_6;

      wsm_6 ON wsm_5 wmh_5;
      wmh_6 ON wsm_5 wmh_5;

      !Estimate covariance between random intercepts
      RIsm WITH RImh;

      !Estimate the covariance between the within-person
      !components at the first wave
      wmh_5 WITH wsm_5;

      !Estimate the covariances between the residuals of
      !the within-person components
      wmh_6 WITH wsm_6;
      wmh_7 WITH wsm_7;

  OUTPUT:
      TECH8; !required to examine PSR values
      STDYX; !get standardised output



INPUT READING TERMINATED NORMALLY



RI-CLPM for LCID Social Media and SDQ Data

SUMMARY OF ANALYSIS

Number of groups                                                 1
Number of observations                                         334

Number of dependent variables                                    6
Number of independent variables                                  0
Number of continuous latent variables                            8

Observed dependent variables

  Continuous
   SMP5        SMP6        SMP7        SDQ5        SDQ6        SDQ7

Observed auxiliary variables
   CSM5        CSM6        SEX         SES         EDU1        BSI6
   BSI7        BSID6       BSID7       BSIA6       BSIA7       PDSI2
   PDS5        PDS6        PDS7

Continuous latent variables
   RISM        RIMH        WSM_5       WSM_6       WSM_7       WMH_5
   WMH_6       WMH_7


Estimator                                                    BAYES
Specifications for Bayesian Estimation
  Point estimate                                            MEDIAN
  Number of Markov chain Monte Carlo (MCMC) chains               2
  Random seed for the first chain                                0
  Starting value information                           UNPERTURBED
  Algorithm used for Markov chain Monte Carlo           GIBBS(PX1)
  Fixed number of iterations                                 10000
  K-th iteration used for thinning                              10

Input data file(s)
  C:\Users\lg05\ownCloud - Lukas Gunschera@cloud.mrc-cbu.cam.ac.uk\dmh_lukas\pro
Input data format  FREE


SUMMARY OF DATA



COVARIANCE COVERAGE OF DATA

Minimum covariance coverage value   0.100

     Number of missing data patterns            17


     PROPORTION OF DATA PRESENT


           Covariance Coverage
              SMP5          SMP6          SMP7          SDQ5          SDQ6
              ________      ________      ________      ________      ________
 SMP5           0.979
 SMP6           0.784         0.805
 SMP7           0.467         0.386         0.479
 SDQ5           0.979         0.790         0.470         0.985
 SDQ6           0.784         0.793         0.389         0.790         0.805
 SDQ7           0.473         0.392         0.407         0.476         0.392


           Covariance Coverage
              SDQ7
              ________
 SDQ7           0.485



UNIVARIATE SAMPLE STATISTICS


     UNIVARIATE HIGHER-ORDER MOMENT DESCRIPTIVE STATISTICS

         Variable/         Mean/     Skewness/   Minimum/ % with                Percentiles
        Sample Size      Variance    Kurtosis    Maximum  Min/Max      20%/60%    40%/80%    Median

     SMP5                  1.349       1.011       0.000   26.30%       0.000      1.000      1.000
             327.000       1.481       0.775       5.000    2.75%       1.000      2.000
     SMP6                  1.506       0.776       0.000   20.82%       0.000      1.000      1.000
             269.000       1.462       0.269       5.000    2.60%       2.000      2.000
     SMP7                  1.981       0.551       0.000   13.12%       1.000      1.000      2.000
             160.000       1.931      -0.381       5.000    7.50%       2.000      3.000
     SDQ5                 22.024       0.136      11.000    0.30%      19.000     21.000     22.000
             329.000      14.145       0.058      34.000    0.30%      23.000     25.000
     SDQ6                 22.428       0.327      12.000    0.37%      19.000     21.000     22.000
             269.000      15.843       0.369      38.000    0.37%      23.000     26.000
     SDQ7                 47.889       0.435      39.000    0.62%      44.000     47.000     48.000
             162.000      16.494       0.439      61.000    0.62%      49.000     51.000


THE MODEL ESTIMATION TERMINATED NORMALLY

     USE THE FBITERATIONS OPTION TO INCREASE THE NUMBER OF ITERATIONS BY A FACTOR
     OF AT LEAST TWO TO CHECK CONVERGENCE AND THAT THE PSR VALUE DOES NOT INCREASE.



MODEL FIT INFORMATION

Number of Free Parameters                              26

Bayesian Posterior Predictive Checking using Chi-Square

          95% Confidence Interval for the Difference Between
          the Observed and the Replicated Chi-Square Values

                                -16.946            26.585

          Posterior Predictive P-Value              0.333

Information Criteria

          Deviance (DIC)                         6594.804
          Estimated Number of Parameters (pD)      25.341
          Bayesian (BIC)                         6694.771

RMSEA (Root Mean Square Error Of Approximation)

          Estimate                           0.000
          90 Percent C.I.                    0.000  0.128
          Probability RMSEA <= .05           0.768

CFI/TLI

          CFI                                1.000
          90 Percent C.I.                    0.937  1.000

          TLI                                1.000
          90 Percent C.I.                    0.432  1.000



MODEL RESULTS

                                Posterior  One-Tailed         95% C.I.
                    Estimate       S.D.      P-Value   Lower 2.5%  Upper 2.5%  Significance

 RISM     BY
    SMP5               1.000       0.000      0.000       1.000       1.000
    SMP6               1.000       0.000      0.000       1.000       1.000
    SMP7               1.000       0.000      0.000       1.000       1.000

 RIMH     BY
    SDQ5               1.000       0.000      0.000       1.000       1.000
    SDQ6               1.000       0.000      0.000       1.000       1.000
    SDQ7               1.000       0.000      0.000       1.000       1.000

 WSM_5    BY
    SMP5               1.000       0.000      0.000       1.000       1.000

 WSM_6    BY
    SMP6               1.000       0.000      0.000       1.000       1.000

 WSM_7    BY
    SMP7               1.000       0.000      0.000       1.000       1.000

 WMH_5    BY
    SDQ5               1.000       0.000      0.000       1.000       1.000

 WMH_6    BY
    SDQ6               1.000       0.000      0.000       1.000       1.000

 WMH_7    BY
    SDQ7               1.000       0.000      0.000       1.000       1.000

 WSM_7      ON
    WSM_6             -0.090       0.231      0.350      -0.589       0.306
    WMH_6              0.056       0.047      0.110      -0.034       0.151

 WMH_7      ON
    WSM_6              0.271       0.614      0.323      -0.973       1.447
    WMH_6              0.107       0.150      0.241      -0.214       0.377

 WSM_6      ON
    WSM_5              0.307       0.140      0.025      -0.001       0.542
    WMH_5             -0.017       0.040      0.328      -0.104       0.055

 WMH_6      ON
    WSM_5              0.512       0.423      0.117      -0.375       1.306
    WMH_5              0.209       0.177      0.128      -0.205       0.468

 RISM     WITH
    RIMH               0.222       0.367      0.273      -0.497       0.938

 WMH_5    WITH
    WSM_5              0.178       0.410      0.334      -0.609       0.991

 WMH_6    WITH
    WSM_6             -0.079       0.327      0.406      -0.749       0.534

 WMH_7    WITH
    WSM_7              0.730       0.598      0.112      -0.447       1.905

 Intercepts
    SMP5               1.351       0.068      0.000       1.221       1.486      *
    SMP6               1.509       0.073      0.000       1.365       1.653      *
    SMP7               1.950       0.113      0.000       1.726       2.169      *
    SDQ5              22.016       0.209      0.000      21.609      22.426      *
    SDQ6              22.532       0.246      0.000      22.058      23.021      *
    SDQ7              47.880       0.328      0.000      47.217      48.497      *

 Variances
    RISM               0.398       0.146      0.000       0.114       0.677      *
    RIMH               4.923       1.753      0.000       1.419       8.392      *
    WSM_5              0.916       0.170      0.000       0.625       1.281      *
    WMH_5              9.344       1.859      0.000       6.010      13.326      *

 Residual Variances
    SMP5               0.200       0.000      0.000       0.200       0.200
    SMP6               0.200       0.000      0.000       0.200       0.200
    SMP7               0.200       0.000      0.000       0.200       0.200
    SDQ5               0.200       0.000      0.000       0.200       0.200
    SDQ6               0.200       0.000      0.000       0.200       0.200
    SDQ7               0.200       0.000      0.000       0.200       0.200
    WSM_6              0.784       0.131      0.000       0.533       1.048      *
    WSM_7              1.418       0.266      0.000       0.930       1.980      *
    WMH_6             10.280       1.629      0.000       6.843      13.272      *
    WMH_7             13.004       1.963      0.000       9.561      17.149      *


STANDARDIZED MODEL RESULTS


STDYX Standardization

                                Posterior  One-Tailed         95% C.I.
                    Estimate       S.D.      P-Value   Lower 2.5%  Upper 2.5%  Significance
 RISM     BY
    SMP5               0.514       0.099      0.000       0.275       0.656      *
    SMP6               0.515       0.102      0.000       0.273       0.671      *
    SMP7               0.435       0.083      0.000       0.234       0.556      *

 RIMH     BY
    SDQ5               0.584       0.109      0.000       0.312       0.748      *
    SDQ6               0.548       0.106      0.000       0.291       0.715      *
    SDQ7               0.515       0.089      0.000       0.280       0.632      *

 WSM_5    BY
    SMP5               0.777       0.061      0.000       0.660       0.890      *

 WSM_6    BY
    SMP6               0.776       0.065      0.000       0.641       0.892      *

 WSM_7    BY
    SMP7               0.847       0.040      0.000       0.769       0.922      *

 WMH_5    BY
    SDQ5               0.803       0.073      0.000       0.653       0.943      *

 WMH_6    BY
    SDQ6               0.829       0.066      0.000       0.689       0.950      *

 WMH_7    BY
    SDQ7               0.851       0.048      0.000       0.768       0.954      *

 WSM_7      ON
    WSM_6             -0.070       0.172      0.350      -0.425       0.245
    WMH_6              0.154       0.124      0.110      -0.094       0.391

 WMH_7      ON
    WSM_6              0.071       0.152      0.323      -0.235       0.359
    WMH_6              0.096       0.134      0.241      -0.184       0.341

 WSM_6      ON
    WSM_5              0.310       0.136      0.025      -0.001       0.528
    WMH_5             -0.056       0.127      0.328      -0.322       0.183

 WMH_6      ON
    WSM_5              0.146       0.120      0.117      -0.112       0.365
    WMH_5              0.189       0.158      0.128      -0.185       0.423

 RISM     WITH
    RIMH               0.165       0.298      0.273      -0.557       0.694

 WMH_5    WITH
    WSM_5              0.062       0.137      0.334      -0.224       0.308

 WMH_6    WITH
    WSM_6             -0.028       0.121      0.406      -0.290       0.190

 WMH_7    WITH
    WSM_7              0.174       0.137      0.112      -0.105       0.431

 Intercepts
    SMP5               1.097       0.071      0.000       0.964       1.238      *
    SMP6               1.233       0.080      0.000       1.075       1.387      *
    SMP7               1.343       0.112      0.000       1.125       1.560      *
    SDQ5               5.780       0.234      0.000       5.324       6.251      *
    SDQ6               5.561       0.246      0.000       5.079       6.044      *
    SDQ7              11.035       0.692      0.000       9.686      12.384      *

 Variances
    RISM               1.000       0.000      0.000       1.000       1.000
    RIMH               1.000       0.000      0.000       1.000       1.000
    WSM_5              1.000       0.000      0.000       1.000       1.000
    WMH_5              1.000       0.000      0.000       1.000       1.000

 Residual Variances
    SMP5               0.132       0.011      0.000       0.112       0.154      *
    SMP6               0.133       0.012      0.000       0.112       0.158      *
    SMP7               0.095       0.011      0.000       0.074       0.118      *
    SDQ5               0.014       0.001      0.000       0.012       0.016      *
    SDQ6               0.012       0.001      0.000       0.010       0.014      *
    SDQ7               0.011       0.001      0.000       0.008       0.013      *
    WSM_6              0.879       0.076      0.000       0.707       0.989      *
    WSM_7              0.945       0.062      0.000       0.769       0.997      *
    WMH_6              0.916       0.067      0.000       0.757       0.996      *
    WMH_7              0.959       0.051      0.000       0.813       0.998      *


R-SQUARE

                                Posterior  One-Tailed         95% C.I.
    Variable        Estimate       S.D.      P-Value   Lower 2.5%  Upper 2.5%

    SMP5               0.868       0.011      0.000       0.846       0.888
    SMP6               0.867       0.012      0.000       0.842       0.888
    SMP7               0.905       0.011      0.000       0.882       0.925
    SDQ5               0.986       0.001      0.000       0.984       0.988
    SDQ6               0.988       0.001      0.000       0.986       0.990
    SDQ7               0.989       0.001      0.000       0.987       0.992

                                Posterior  One-Tailed         95% C.I.
    Variable        Estimate       S.D.      P-Value   Lower 2.5%  Upper 2.5%

    WSM_6              0.121       0.076      0.000       0.011       0.293
    WSM_7              0.055       0.062      0.000       0.003       0.231
    WMH_6              0.084       0.067      0.000       0.004       0.243
    WMH_7              0.041       0.051      0.000       0.002       0.187


TECHNICAL 1 OUTPUT


     PARAMETER SPECIFICATION


           NU
              SMP5          SMP6          SMP7          SDQ5          SDQ6
              ________      ________      ________      ________      ________
                    1             2             3             4             5


           NU
              SDQ7
              ________
                    6


           LAMBDA
              RISM          RIMH          WSM_5         WSM_6         WSM_7
              ________      ________      ________      ________      ________
 SMP5               0             0             0             0             0
 SMP6               0             0             0             0             0
 SMP7               0             0             0             0             0
 SDQ5               0             0             0             0             0
 SDQ6               0             0             0             0             0
 SDQ7               0             0             0             0             0


           LAMBDA
              WMH_5         WMH_6         WMH_7
              ________      ________      ________
 SMP5               0             0             0
 SMP6               0             0             0
 SMP7               0             0             0
 SDQ5               0             0             0
 SDQ6               0             0             0
 SDQ7               0             0             0


           THETA
              SMP5          SMP6          SMP7          SDQ5          SDQ6
              ________      ________      ________      ________      ________
 SMP5               0
 SMP6               0             0
 SMP7               0             0             0
 SDQ5               0             0             0             0
 SDQ6               0             0             0             0             0
 SDQ7               0             0             0             0             0


           THETA
              SDQ7
              ________
 SDQ7               0


           ALPHA
              RISM          RIMH          WSM_5         WSM_6         WSM_7
              ________      ________      ________      ________      ________
                    0             0             0             0             0


           ALPHA
              WMH_5         WMH_6         WMH_7
              ________      ________      ________
                    0             0             0


           BETA
              RISM          RIMH          WSM_5         WSM_6         WSM_7
              ________      ________      ________      ________      ________
 RISM               0             0             0             0             0
 RIMH               0             0             0             0             0
 WSM_5              0             0             0             0             0
 WSM_6              0             0             7             0             0
 WSM_7              0             0             0             9             0
 WMH_5              0             0             0             0             0
 WMH_6              0             0            11             0             0
 WMH_7              0             0             0            13             0


           BETA
              WMH_5         WMH_6         WMH_7
              ________      ________      ________
 RISM               0             0             0
 RIMH               0             0             0
 WSM_5              0             0             0
 WSM_6              8             0             0
 WSM_7              0            10             0
 WMH_5              0             0             0
 WMH_6             12             0             0
 WMH_7              0            14             0


           PSI
              RISM          RIMH          WSM_5         WSM_6         WSM_7
              ________      ________      ________      ________      ________
 RISM              15
 RIMH              16            17
 WSM_5              0             0            18
 WSM_6              0             0             0            19
 WSM_7              0             0             0             0            20
 WMH_5              0             0            21             0             0
 WMH_6              0             0             0            23             0
 WMH_7              0             0             0             0            25


           PSI
              WMH_5         WMH_6         WMH_7
              ________      ________      ________
 WMH_5             22
 WMH_6              0            24
 WMH_7              0             0            26


     STARTING VALUES


           NU
              SMP5          SMP6          SMP7          SDQ5          SDQ6
              ________      ________      ________      ________      ________
                1.349         1.506         1.981        22.024        22.428


           NU
              SDQ7
              ________
               47.889


           LAMBDA
              RISM          RIMH          WSM_5         WSM_6         WSM_7
              ________      ________      ________      ________      ________
 SMP5           1.000         0.000         1.000         0.000         0.000
 SMP6           1.000         0.000         0.000         1.000         0.000
 SMP7           1.000         0.000         0.000         0.000         1.000
 SDQ5           0.000         1.000         0.000         0.000         0.000
 SDQ6           0.000         1.000         0.000         0.000         0.000
 SDQ7           0.000         1.000         0.000         0.000         0.000


           LAMBDA
              WMH_5         WMH_6         WMH_7
              ________      ________      ________
 SMP5           0.000         0.000         0.000
 SMP6           0.000         0.000         0.000
 SMP7           0.000         0.000         0.000
 SDQ5           1.000         0.000         0.000
 SDQ6           0.000         1.000         0.000
 SDQ7           0.000         0.000         1.000


           THETA
              SMP5          SMP6          SMP7          SDQ5          SDQ6
              ________      ________      ________      ________      ________
 SMP5           0.200
 SMP6           0.000         0.200
 SMP7           0.000         0.000         0.200
 SDQ5           0.000         0.000         0.000         0.200
 SDQ6           0.000         0.000         0.000         0.000         0.200
 SDQ7           0.000         0.000         0.000         0.000         0.000


           THETA
              SDQ7
              ________
 SDQ7           0.200


           ALPHA
              RISM          RIMH          WSM_5         WSM_6         WSM_7
              ________      ________      ________      ________      ________
                0.000         0.000         0.000         0.000         0.000


           ALPHA
              WMH_5         WMH_6         WMH_7
              ________      ________      ________
                0.000         0.000         0.000


           BETA
              RISM          RIMH          WSM_5         WSM_6         WSM_7
              ________      ________      ________      ________      ________
 RISM           0.000         0.000         0.000         0.000         0.000
 RIMH           0.000         0.000         0.000         0.000         0.000
 WSM_5          0.000         0.000         0.000         0.000         0.000
 WSM_6          0.000         0.000         0.000         0.000         0.000
 WSM_7          0.000         0.000         0.000         0.000         0.000
 WMH_5          0.000         0.000         0.000         0.000         0.000
 WMH_6          0.000         0.000         0.000         0.000         0.000
 WMH_7          0.000         0.000         0.000         0.000         0.000


           BETA
              WMH_5         WMH_6         WMH_7
              ________      ________      ________
 RISM           0.000         0.000         0.000
 RIMH           0.000         0.000         0.000
 WSM_5          0.000         0.000         0.000
 WSM_6          0.000         0.000         0.000
 WSM_7          0.000         0.000         0.000
 WMH_5          0.000         0.000         0.000
 WMH_6          0.000         0.000         0.000
 WMH_7          0.000         0.000         0.000


           PSI
              RISM          RIMH          WSM_5         WSM_6         WSM_7
              ________      ________      ________      ________      ________
 RISM           1.000
 RIMH           0.000         1.000
 WSM_5          0.000         0.000         1.000
 WSM_6          0.000         0.000         0.000         1.000
 WSM_7          0.000         0.000         0.000         0.000         1.000
 WMH_5          0.000         0.000         0.000         0.000         0.000
 WMH_6          0.000         0.000         0.000         0.000         0.000
 WMH_7          0.000         0.000         0.000         0.000         0.000


           PSI
              WMH_5         WMH_6         WMH_7
              ________      ________      ________
 WMH_5          1.000
 WMH_6          0.000         1.000
 WMH_7          0.000         0.000         1.000



     PRIORS FOR ALL PARAMETERS            PRIOR MEAN      PRIOR VARIANCE     PRIOR STD. DEV.

     Parameter 1~N(0.000,infinity)           0.0000            infinity            infinity
     Parameter 2~N(0.000,infinity)           0.0000            infinity            infinity
     Parameter 3~N(0.000,infinity)           0.0000            infinity            infinity
     Parameter 4~N(0.000,infinity)           0.0000            infinity            infinity
     Parameter 5~N(0.000,infinity)           0.0000            infinity            infinity
     Parameter 6~N(0.000,infinity)           0.0000            infinity            infinity
     Parameter 7~N(0.000,infinity)           0.0000            infinity            infinity
     Parameter 8~N(0.000,infinity)           0.0000            infinity            infinity
     Parameter 9~N(0.000,infinity)           0.0000            infinity            infinity
     Parameter 10~N(0.000,infinity)          0.0000            infinity            infinity
     Parameter 11~N(0.000,infinity)          0.0000            infinity            infinity
     Parameter 12~N(0.000,infinity)          0.0000            infinity            infinity
     Parameter 13~N(0.000,infinity)          0.0000            infinity            infinity
     Parameter 14~N(0.000,infinity)          0.0000            infinity            infinity
     Parameter 15~IW(0.000,-3)             infinity            infinity            infinity
     Parameter 16~IW(0.000,-3)             infinity            infinity            infinity
     Parameter 17~IW(0.000,-3)             infinity            infinity            infinity
     Parameter 18~IW(0.000,-3)             infinity            infinity            infinity
     Parameter 19~IW(0.000,-3)             infinity            infinity            infinity
     Parameter 20~IW(0.000,-3)             infinity            infinity            infinity
     Parameter 21~IW(0.000,-3)             infinity            infinity            infinity
     Parameter 22~IW(0.000,-3)             infinity            infinity            infinity
     Parameter 23~IW(0.000,-3)             infinity            infinity            infinity
     Parameter 24~IW(0.000,-3)             infinity            infinity            infinity
     Parameter 25~IW(0.000,-3)             infinity            infinity            infinity
     Parameter 26~IW(0.000,-3)             infinity            infinity            infinity


TECHNICAL 8 OUTPUT


   TECHNICAL 8 OUTPUT FOR BAYES ESTIMATION

     CHAIN    BSEED
     1        0
     2        285380

                     POTENTIAL       PARAMETER WITH
     ITERATION    SCALE REDUCTION      HIGHEST PSR
     100              5.196               6
     200              7.211               6
     300              6.159               6
     400              3.579               6
     500              1.869               6
     600              1.355               25
     700              1.309               25
     800              1.181               25
     900              1.191               17
     1000             1.093               17
     1100             1.134               17
     1200             1.014               17
     1300             1.028               4
     1400             1.030               15
     1500             1.025               4
     1600             1.014               15
     1700             1.010               13
     1800             1.006               26
     1900             1.009               26
     2000             1.012               4
     2100             1.010               26
     2200             1.012               6
     2300             1.008               6
     2400             1.017               6
     2500             1.009               6
     2600             1.015               6
     2700             1.017               6
     2800             1.015               6
     2900             1.011               6
     3000             1.006               6
     3100             1.009               13
     3200             1.017               13
     3300             1.024               13
     3400             1.019               13
     3500             1.016               6
     3600             1.012               6
     3700             1.010               6
     3800             1.012               6
     3900             1.012               6
     4000             1.012               6
     4100             1.015               6
     4200             1.016               6
     4300             1.014               6
     4400             1.013               6
     4500             1.015               6
     4600             1.012               12
     4700             1.007               6
     4800             1.006               12
     4900             1.010               12
     5000             1.008               12
     5100             1.007               10
     5200             1.008               12
     5300             1.008               12
     5400             1.016               12
     5500             1.013               12
     5600             1.011               12
     5700             1.012               12
     5800             1.010               12
     5900             1.006               14
     6000             1.012               14
     6100             1.012               14
     6200             1.009               14
     6300             1.010               14
     6400             1.015               14
     6500             1.016               14
     6600             1.021               13
     6700             1.023               13
     6800             1.023               14
     6900             1.021               14
     7000             1.023               14
     7100             1.023               14
     7200             1.025               14
     7300             1.024               14
     7400             1.024               14
     7500             1.025               14
     7600             1.025               14
     7700             1.019               14
     7800             1.017               14
     7900             1.015               14
     8000             1.014               14
     8100             1.010               14
     8200             1.008               14
     8300             1.009               14
     8400             1.008               14
     8500             1.006               13
     8600             1.004               13
     8700             1.004               13
     8800             1.004               13
     8900             1.005               13
     9000             1.005               13
     9100             1.006               6
     9200             1.006               6
     9300             1.006               13
     9400             1.006               14
     9500             1.004               14
     9600             1.003               13
     9700             1.003               13
     9800             1.003               13
     9900             1.003               12
     10000            1.003               13


DIAGRAM INFORMATION

  Use View Diagram under the Diagram menu in the Mplus Editor to view the diagram.
  If running Mplus from the Mplus Diagrammer, the diagram opens automatically.

  Diagram output
    c:\users\lg05\owncloud - lukas gunschera@cloud.mrc-cbu.cam.ac.uk\dmh_lukas\projects\2024_cognitive_phenotype\code\lc

     Beginning Time:  10:29:55
        Ending Time:  10:30:24
       Elapsed Time:  00:00:29



MUTHEN & MUTHEN
3463 Stoner Ave.
Los Angeles, CA  90066

Tel: (310) 391-9971
Fax: (310) 391-8971
Web: www.StatModel.com
Support: Support@StatModel.com

Copyright (c) 1998-2023 Muthen & Muthen
