Mplus VERSION 8.9
MUTHEN & MUTHEN
11/07/2024   8:17 AM

INPUT INSTRUCTIONS

  TITLE: RI-CLPM for LCID Social Media and Temperament Data

  DATA:
      FILE = "C:\Users\lg05\ownCloud - Lukas Gunschera@cloud.mrc-cbu.cam.ac.uk\
      dmh_lukas\projects\2024_cognitive_phenotype\data\lcid\mplus\
      dd_delaydiscount\lcid_baseline_bisbas.dat";

  VARIABLE:
      !variables included in the dataset
      NAMES ARE smt5 smt6 smt7         !social media use total
                smp5 smp6 smp7         !social media use posting and scrolling
                smm5 smm6 smm7         !social media use messaging
                smv5 smv6 smv7         !social media use video watching
                eat5 eat6 eat7         !eatq-ec total
                bis5 bis6 bis7         !bis/bas behavioural inhibition
                bas5 bas6 bas7         !bis/bas behavioural activation
                bbt5 bbt6 bbt7         !bis/bas total
                hsc5 hsc6 hsc7         !highly sensitive child scale total
                sdq5 sdq6 sdq7         !strengths and difficulties total

                csm5 csm6              !compulsive social media use [aux]
                sex ses edu1           !demographics [aux]
                bsi6 bsi7              !brief symptom inventory total [aux]
                bsid6 bsid7            !brief symptom inventory depression [aux]
                bsia6 bsia7            !brief symptom inventory anxiety [aux]
                pdsi2 pds5 pds6 pds7;  !pubertal development score [aux]

      !variables used in analyses
      USEVARIABLES ARE smp5 smp6 smp7
                       bis5 bis6 bis7;

      !missingness marker in dataset
      MISSING ARE ALL (-999);

      AUXILIARY ARE csm5 csm6 sex ses edu1
                    bsi6 bsi7 bsid6 bsid7 bsia6 bsia7
                    pdsi2 pds5 pds6 pds7;

  ANALYSIS:
      Estimator = BAYES;
      Type = random;          !required when including interaction effects
      model = nocovariances;  !covariances should not be estimated per default
      processors = 2;         !multiple processors used to increase computing speed
      chains = 2;             !number of MCMC chains
      thin = 10;              !save every 10th iteration

      fbiter = 10000;          !PSR < 1.1 at 1,200 (10,000 minimum)

  MODEL:
      !Create between components (random intercepts)
      RIsm BY smp5@1 smp6@1 smp7@1;
      RImh BY bis5@1 bis6@1 bis7@1;

      !Create within-person centred variables
      wsm_5 BY smp5@1;
      wsm_6 BY smp6@1;
      wsm_7 BY smp7@1;

      wmh_5 BY bis5@1;
      wmh_6 BY bis6@1;
      wmh_7 BY bis7@1;

      !Constrain measurement error variances to zero
      !or close to zero to allow for reasonable imputation times
      smp5-bis7@0.2;

      !Estimate the lagged effects between the within-person centred variables
      wsm_7 ON wsm_6 wmh_6;
      wsm_6 ON wsm_5 wmh_5;

      wmh_7 ON wsm_6 wmh_6;
      wmh_6 ON wsm_5 wmh_5;

      !Estimate covariance between random intercepts
      RIsm WITH RImh;

      !Estimate the covariance between the within-person
      !components at the first wave
      wmh_5 WITH wsm_5;

      !Estimate the covariances between the residuals of
      !the within-person components
      wmh_6 WITH wsm_6;
      wmh_7 WITH wsm_7;

  OUTPUT:
      TECH8;    !get PSR values
      STDYX;    !get standardised output



INPUT READING TERMINATED NORMALLY



RI-CLPM for LCID Social Media and Temperament Data

SUMMARY OF ANALYSIS

Number of groups                                                 1
Number of observations                                         334

Number of dependent variables                                    6
Number of independent variables                                  0
Number of continuous latent variables                            8

Observed dependent variables

  Continuous
   SMP5        SMP6        SMP7        BIS5        BIS6        BIS7

Observed auxiliary variables
   CSM5        CSM6        SEX         SES         EDU1        BSI6
   BSI7        BSID6       BSID7       BSIA6       BSIA7       PDSI2
   PDS5        PDS6        PDS7

Continuous latent variables
   RISM        RIMH        WSM_5       WSM_6       WSM_7       WMH_5
   WMH_6       WMH_7


Estimator                                                    BAYES
Specifications for Bayesian Estimation
  Point estimate                                            MEDIAN
  Number of Markov chain Monte Carlo (MCMC) chains               2
  Random seed for the first chain                                0
  Starting value information                           UNPERTURBED
  Algorithm used for Markov chain Monte Carlo           GIBBS(PX1)
  Fixed number of iterations                                 10000
  K-th iteration used for thinning                              10

Input data file(s)
  C:\Users\lg05\ownCloud - Lukas Gunschera@cloud.mrc-cbu.cam.ac.uk\dmh_lukas\pro
Input data format  FREE


SUMMARY OF DATA



COVARIANCE COVERAGE OF DATA

Minimum covariance coverage value   0.100

     Number of missing data patterns            15


     PROPORTION OF DATA PRESENT


           Covariance Coverage
              SMP5          SMP6          SMP7          BIS5          BIS6
              ________      ________      ________      ________      ________
 SMP5           0.979
 SMP6           0.784         0.805
 SMP7           0.467         0.386         0.479
 BIS5           0.862         0.710         0.407         0.868
 BIS6           0.760         0.781         0.371         0.689         0.781
 BIS7           0.467         0.386         0.479         0.407         0.371


           Covariance Coverage
              BIS7
              ________
 BIS7           0.479



UNIVARIATE SAMPLE STATISTICS


     UNIVARIATE HIGHER-ORDER MOMENT DESCRIPTIVE STATISTICS

         Variable/         Mean/     Skewness/   Minimum/ % with                Percentiles
        Sample Size      Variance    Kurtosis    Maximum  Min/Max      20%/60%    40%/80%    Median

     SMP5                  1.349       1.011       0.000   26.30%       0.000      1.000      1.000
             327.000       1.481       0.775       5.000    2.75%       1.000      2.000
     SMP6                  1.506       0.776       0.000   20.82%       0.000      1.000      1.000
             269.000       1.462       0.269       5.000    2.60%       2.000      2.000
     SMP7                  1.981       0.551       0.000   13.12%       1.000      1.000      2.000
             160.000       1.931      -0.381       5.000    7.50%       2.000      3.000
     BIS5                 18.621       0.006       8.000    0.34%      16.000     17.000     18.000
             290.000      14.070      -0.140      28.000    1.03%      19.000     22.000
     BIS6                 18.345      -0.194       7.000    0.38%      15.000     18.000     18.000
             261.000      14.372      -0.025      27.000    1.92%      19.000     22.000
     BIS7                 19.444      -0.230       7.000    0.62%      16.000     19.000     20.000
             160.000      16.209       0.027      28.000    1.25%      21.000     23.000


THE MODEL ESTIMATION TERMINATED NORMALLY

     USE THE FBITERATIONS OPTION TO INCREASE THE NUMBER OF ITERATIONS BY A FACTOR
     OF AT LEAST TWO TO CHECK CONVERGENCE AND THAT THE PSR VALUE DOES NOT INCREASE.



MODEL FIT INFORMATION

Number of Free Parameters                              26

Bayesian Posterior Predictive Checking using Chi-Square

          95% Confidence Interval for the Difference Between
          the Observed and the Replicated Chi-Square Values

                                -22.790            21.452

          Posterior Predictive P-Value              0.547

Information Criteria

          Deviance (DIC)                         6235.486
          Estimated Number of Parameters (pD)      24.683
          Bayesian (BIC)                         6336.814

RMSEA (Root Mean Square Error Of Approximation)

          Estimate                           0.000
          90 Percent C.I.                    0.000  0.059
          Probability RMSEA <= .05           0.939

CFI/TLI

          CFI                                1.000
          90 Percent C.I.                    0.986  1.000

          TLI                                1.000
          90 Percent C.I.                    0.912  1.000



MODEL RESULTS

                                Posterior  One-Tailed         95% C.I.
                    Estimate       S.D.      P-Value   Lower 2.5%  Upper 2.5%  Significance

 RISM     BY
    SMP5               1.000       0.000      0.000       1.000       1.000
    SMP6               1.000       0.000      0.000       1.000       1.000
    SMP7               1.000       0.000      0.000       1.000       1.000

 RIMH     BY
    BIS5               1.000       0.000      0.000       1.000       1.000
    BIS6               1.000       0.000      0.000       1.000       1.000
    BIS7               1.000       0.000      0.000       1.000       1.000

 WSM_5    BY
    SMP5               1.000       0.000      0.000       1.000       1.000

 WSM_6    BY
    SMP6               1.000       0.000      0.000       1.000       1.000

 WSM_7    BY
    SMP7               1.000       0.000      0.000       1.000       1.000

 WMH_5    BY
    BIS5               1.000       0.000      0.000       1.000       1.000

 WMH_6    BY
    BIS6               1.000       0.000      0.000       1.000       1.000

 WMH_7    BY
    BIS7               1.000       0.000      0.000       1.000       1.000

 WSM_7      ON
    WSM_6             -0.189       0.247      0.200      -0.740       0.236
    WMH_6             -0.069       0.064      0.126      -0.204       0.048

 WSM_6      ON
    WSM_5              0.294       0.132      0.021       0.011       0.522      *
    WMH_5             -0.033       0.041      0.220      -0.105       0.056

 WMH_7      ON
    WSM_6             -0.885       0.591      0.066      -2.068       0.269
    WMH_6              0.057       0.210      0.389      -0.426       0.381

 WMH_6      ON
    WSM_5             -0.482       0.335      0.079      -1.109       0.203
    WMH_5              0.377       0.145      0.011       0.055       0.617      *

 RISM     WITH
    RIMH               0.339       0.339      0.164      -0.332       0.984

 WMH_5    WITH
    WSM_5             -0.001       0.375      0.499      -0.756       0.720

 WMH_6    WITH
    WSM_6             -0.200       0.267      0.221      -0.713       0.331

 WMH_7    WITH
    WSM_7             -0.295       0.517      0.275      -1.332       0.716

 Intercepts
    SMP5               1.352       0.068      0.000       1.221       1.487      *
    SMP6               1.504       0.072      0.000       1.361       1.646      *
    SMP7               1.947       0.111      0.000       1.727       2.160      *
    BIS5              18.688       0.219      0.000      18.276      19.133      *
    BIS6              18.351       0.226      0.000      17.899      18.790      *
    BIS7              19.420       0.306      0.000      18.825      20.040      *

 Variances
    RISM               0.427       0.138      0.000       0.150       0.685      *
    RIMH               5.867       1.748      0.000       2.381       9.107      *
    WSM_5              0.898       0.160      0.000       0.626       1.249      *
    WMH_5              8.534       1.753      0.000       5.685      12.453      *

 Residual Variances
    SMP5               0.200       0.000      0.000       0.200       0.200
    SMP6               0.200       0.000      0.000       0.200       0.200
    SMP7               0.200       0.000      0.000       0.200       0.200
    BIS5               0.200       0.000      0.000       0.200       0.200
    BIS6               0.200       0.000      0.000       0.200       0.200
    BIS7               0.200       0.000      0.000       0.200       0.200
    WSM_6              0.762       0.129      0.000       0.519       1.021      *
    WSM_7              1.338       0.275      0.000       0.816       1.900      *
    WMH_6              7.298       1.161      0.000       4.960       9.554      *
    WMH_7              9.816       1.935      0.000       6.121      13.806      *


STANDARDIZED MODEL RESULTS


STDYX Standardization

                                Posterior  One-Tailed         95% C.I.
                    Estimate       S.D.      P-Value   Lower 2.5%  Upper 2.5%  Significance
 RISM     BY
    SMP5               0.529       0.088      0.000       0.316       0.660      *
    SMP6               0.533       0.093      0.000       0.316       0.680      *
    SMP7               0.453       0.076      0.000       0.271       0.568      *

 RIMH     BY
    BIS5               0.635       0.095      0.000       0.405       0.768      *
    BIS6               0.625       0.100      0.000       0.396       0.780      *
    BIS7               0.586       0.088      0.000       0.381       0.714      *

 WSM_5    BY
    SMP5               0.767       0.057      0.000       0.656       0.878      *

 WSM_6    BY
    SMP6               0.764       0.064      0.000       0.630       0.878      *

 WSM_7    BY
    SMP7               0.836       0.039      0.000       0.758       0.912      *

 WMH_5    BY
    BIS5               0.763       0.072      0.000       0.630       0.906      *

 WMH_6    BY
    BIS6               0.772       0.077      0.000       0.614       0.911      *

 WMH_7    BY
    BIS7               0.803       0.059      0.000       0.691       0.918      *

 WSM_7      ON
    WSM_6             -0.147       0.182      0.200      -0.526       0.182
    WMH_6             -0.170       0.153      0.126      -0.483       0.116

 WSM_6      ON
    WSM_5              0.298       0.128      0.021       0.013       0.509      *
    WMH_5             -0.103       0.128      0.220      -0.331       0.167

 WMH_7      ON
    WSM_6             -0.249       0.160      0.066      -0.554       0.076
    WMH_6              0.053       0.183      0.389      -0.353       0.354

 WMH_6      ON
    WSM_5             -0.153       0.105      0.079      -0.345       0.066
    WMH_5              0.368       0.134      0.011       0.060       0.577      *

 RISM     WITH
    RIMH               0.216       0.269      0.164      -0.225       0.839

 WMH_5    WITH
    WSM_5              0.000       0.133      0.499      -0.252       0.264

 WMH_6    WITH
    WSM_6             -0.086       0.117      0.221      -0.318       0.138

 WMH_7    WITH
    WSM_7             -0.082       0.155      0.275      -0.429       0.185

 Intercepts
    SMP5               1.094       0.069      0.000       0.962       1.233      *
    SMP6               1.227       0.080      0.000       1.071       1.383      *
    SMP7               1.351       0.110      0.000       1.133       1.565      *
    BIS5               4.886       0.212      0.000       4.473       5.313      *
    BIS6               4.729       0.216      0.000       4.306       5.160      *
    BIS7               4.693       0.268      0.000       4.171       5.225      *

 Variances
    RISM               1.000       0.000      0.000       1.000       1.000
    RIMH               1.000       0.000      0.000       1.000       1.000
    WSM_5              1.000       0.000      0.000       1.000       1.000
    WMH_5              1.000       0.000      0.000       1.000       1.000

 Residual Variances
    SMP5               0.131       0.010      0.000       0.112       0.152      *
    SMP6               0.133       0.012      0.000       0.112       0.157      *
    SMP7               0.096       0.011      0.000       0.076       0.119      *
    BIS5               0.014       0.001      0.000       0.012       0.016      *
    BIS6               0.013       0.001      0.000       0.011       0.016      *
    BIS7               0.012       0.001      0.000       0.009       0.014      *
    WSM_6              0.880       0.077      0.000       0.704       0.989      *
    WSM_7              0.932       0.087      0.000       0.676       0.997      *
    WMH_6              0.823       0.096      0.000       0.623       0.981      *
    WMH_7              0.895       0.086      0.000       0.675       0.995      *


R-SQUARE

                                Posterior  One-Tailed         95% C.I.
    Variable        Estimate       S.D.      P-Value   Lower 2.5%  Upper 2.5%

    SMP5               0.869       0.010      0.000       0.848       0.888
    SMP6               0.867       0.012      0.000       0.843       0.888
    SMP7               0.904       0.011      0.000       0.881       0.924
    BIS5               0.986       0.001      0.000       0.984       0.988
    BIS6               0.987       0.001      0.000       0.984       0.989
    BIS7               0.988       0.001      0.000       0.986       0.991

                                Posterior  One-Tailed         95% C.I.
    Variable        Estimate       S.D.      P-Value   Lower 2.5%  Upper 2.5%

    WSM_6              0.120       0.077      0.000       0.011       0.295
    WSM_7              0.068       0.087      0.000       0.003       0.323
    WMH_6              0.177       0.096      0.000       0.019       0.377
    WMH_7              0.105       0.086      0.000       0.005       0.325


TECHNICAL 1 OUTPUT


     PARAMETER SPECIFICATION


           NU
              SMP5          SMP6          SMP7          BIS5          BIS6
              ________      ________      ________      ________      ________
                    1             2             3             4             5


           NU
              BIS7
              ________
                    6


           LAMBDA
              RISM          RIMH          WSM_5         WSM_6         WSM_7
              ________      ________      ________      ________      ________
 SMP5               0             0             0             0             0
 SMP6               0             0             0             0             0
 SMP7               0             0             0             0             0
 BIS5               0             0             0             0             0
 BIS6               0             0             0             0             0
 BIS7               0             0             0             0             0


           LAMBDA
              WMH_5         WMH_6         WMH_7
              ________      ________      ________
 SMP5               0             0             0
 SMP6               0             0             0
 SMP7               0             0             0
 BIS5               0             0             0
 BIS6               0             0             0
 BIS7               0             0             0


           THETA
              SMP5          SMP6          SMP7          BIS5          BIS6
              ________      ________      ________      ________      ________
 SMP5               0
 SMP6               0             0
 SMP7               0             0             0
 BIS5               0             0             0             0
 BIS6               0             0             0             0             0
 BIS7               0             0             0             0             0


           THETA
              BIS7
              ________
 BIS7               0


           ALPHA
              RISM          RIMH          WSM_5         WSM_6         WSM_7
              ________      ________      ________      ________      ________
                    0             0             0             0             0


           ALPHA
              WMH_5         WMH_6         WMH_7
              ________      ________      ________
                    0             0             0


           BETA
              RISM          RIMH          WSM_5         WSM_6         WSM_7
              ________      ________      ________      ________      ________
 RISM               0             0             0             0             0
 RIMH               0             0             0             0             0
 WSM_5              0             0             0             0             0
 WSM_6              0             0             7             0             0
 WSM_7              0             0             0             9             0
 WMH_5              0             0             0             0             0
 WMH_6              0             0            11             0             0
 WMH_7              0             0             0            13             0


           BETA
              WMH_5         WMH_6         WMH_7
              ________      ________      ________
 RISM               0             0             0
 RIMH               0             0             0
 WSM_5              0             0             0
 WSM_6              8             0             0
 WSM_7              0            10             0
 WMH_5              0             0             0
 WMH_6             12             0             0
 WMH_7              0            14             0


           PSI
              RISM          RIMH          WSM_5         WSM_6         WSM_7
              ________      ________      ________      ________      ________
 RISM              15
 RIMH              16            17
 WSM_5              0             0            18
 WSM_6              0             0             0            19
 WSM_7              0             0             0             0            20
 WMH_5              0             0            21             0             0
 WMH_6              0             0             0            23             0
 WMH_7              0             0             0             0            25


           PSI
              WMH_5         WMH_6         WMH_7
              ________      ________      ________
 WMH_5             22
 WMH_6              0            24
 WMH_7              0             0            26


     STARTING VALUES


           NU
              SMP5          SMP6          SMP7          BIS5          BIS6
              ________      ________      ________      ________      ________
                1.349         1.506         1.981        18.621        18.345


           NU
              BIS7
              ________
               19.444


           LAMBDA
              RISM          RIMH          WSM_5         WSM_6         WSM_7
              ________      ________      ________      ________      ________
 SMP5           1.000         0.000         1.000         0.000         0.000
 SMP6           1.000         0.000         0.000         1.000         0.000
 SMP7           1.000         0.000         0.000         0.000         1.000
 BIS5           0.000         1.000         0.000         0.000         0.000
 BIS6           0.000         1.000         0.000         0.000         0.000
 BIS7           0.000         1.000         0.000         0.000         0.000


           LAMBDA
              WMH_5         WMH_6         WMH_7
              ________      ________      ________
 SMP5           0.000         0.000         0.000
 SMP6           0.000         0.000         0.000
 SMP7           0.000         0.000         0.000
 BIS5           1.000         0.000         0.000
 BIS6           0.000         1.000         0.000
 BIS7           0.000         0.000         1.000


           THETA
              SMP5          SMP6          SMP7          BIS5          BIS6
              ________      ________      ________      ________      ________
 SMP5           0.200
 SMP6           0.000         0.200
 SMP7           0.000         0.000         0.200
 BIS5           0.000         0.000         0.000         0.200
 BIS6           0.000         0.000         0.000         0.000         0.200
 BIS7           0.000         0.000         0.000         0.000         0.000


           THETA
              BIS7
              ________
 BIS7           0.200


           ALPHA
              RISM          RIMH          WSM_5         WSM_6         WSM_7
              ________      ________      ________      ________      ________
                0.000         0.000         0.000         0.000         0.000


           ALPHA
              WMH_5         WMH_6         WMH_7
              ________      ________      ________
                0.000         0.000         0.000


           BETA
              RISM          RIMH          WSM_5         WSM_6         WSM_7
              ________      ________      ________      ________      ________
 RISM           0.000         0.000         0.000         0.000         0.000
 RIMH           0.000         0.000         0.000         0.000         0.000
 WSM_5          0.000         0.000         0.000         0.000         0.000
 WSM_6          0.000         0.000         0.000         0.000         0.000
 WSM_7          0.000         0.000         0.000         0.000         0.000
 WMH_5          0.000         0.000         0.000         0.000         0.000
 WMH_6          0.000         0.000         0.000         0.000         0.000
 WMH_7          0.000         0.000         0.000         0.000         0.000


           BETA
              WMH_5         WMH_6         WMH_7
              ________      ________      ________
 RISM           0.000         0.000         0.000
 RIMH           0.000         0.000         0.000
 WSM_5          0.000         0.000         0.000
 WSM_6          0.000         0.000         0.000
 WSM_7          0.000         0.000         0.000
 WMH_5          0.000         0.000         0.000
 WMH_6          0.000         0.000         0.000
 WMH_7          0.000         0.000         0.000


           PSI
              RISM          RIMH          WSM_5         WSM_6         WSM_7
              ________      ________      ________      ________      ________
 RISM           1.000
 RIMH           0.000         1.000
 WSM_5          0.000         0.000         1.000
 WSM_6          0.000         0.000         0.000         1.000
 WSM_7          0.000         0.000         0.000         0.000         1.000
 WMH_5          0.000         0.000         0.000         0.000         0.000
 WMH_6          0.000         0.000         0.000         0.000         0.000
 WMH_7          0.000         0.000         0.000         0.000         0.000


           PSI
              WMH_5         WMH_6         WMH_7
              ________      ________      ________
 WMH_5          1.000
 WMH_6          0.000         1.000
 WMH_7          0.000         0.000         1.000



     PRIORS FOR ALL PARAMETERS            PRIOR MEAN      PRIOR VARIANCE     PRIOR STD. DEV.

     Parameter 1~N(0.000,infinity)           0.0000            infinity            infinity
     Parameter 2~N(0.000,infinity)           0.0000            infinity            infinity
     Parameter 3~N(0.000,infinity)           0.0000            infinity            infinity
     Parameter 4~N(0.000,infinity)           0.0000            infinity            infinity
     Parameter 5~N(0.000,infinity)           0.0000            infinity            infinity
     Parameter 6~N(0.000,infinity)           0.0000            infinity            infinity
     Parameter 7~N(0.000,infinity)           0.0000            infinity            infinity
     Parameter 8~N(0.000,infinity)           0.0000            infinity            infinity
     Parameter 9~N(0.000,infinity)           0.0000            infinity            infinity
     Parameter 10~N(0.000,infinity)          0.0000            infinity            infinity
     Parameter 11~N(0.000,infinity)          0.0000            infinity            infinity
     Parameter 12~N(0.000,infinity)          0.0000            infinity            infinity
     Parameter 13~N(0.000,infinity)          0.0000            infinity            infinity
     Parameter 14~N(0.000,infinity)          0.0000            infinity            infinity
     Parameter 15~IW(0.000,-3)             infinity            infinity            infinity
     Parameter 16~IW(0.000,-3)             infinity            infinity            infinity
     Parameter 17~IW(0.000,-3)             infinity            infinity            infinity
     Parameter 18~IW(0.000,-3)             infinity            infinity            infinity
     Parameter 19~IW(0.000,-3)             infinity            infinity            infinity
     Parameter 20~IW(0.000,-3)             infinity            infinity            infinity
     Parameter 21~IW(0.000,-3)             infinity            infinity            infinity
     Parameter 22~IW(0.000,-3)             infinity            infinity            infinity
     Parameter 23~IW(0.000,-3)             infinity            infinity            infinity
     Parameter 24~IW(0.000,-3)             infinity            infinity            infinity
     Parameter 25~IW(0.000,-3)             infinity            infinity            infinity
     Parameter 26~IW(0.000,-3)             infinity            infinity            infinity


TECHNICAL 8 OUTPUT


   TECHNICAL 8 OUTPUT FOR BAYES ESTIMATION

     CHAIN    BSEED
     1        0
     2        285380

                     POTENTIAL       PARAMETER WITH
     ITERATION    SCALE REDUCTION      HIGHEST PSR
     100              2.272               6
     200              1.590               6
     300              1.405               13
     400              1.279               6
     500              1.359               14
     600              1.331               17
     700              1.241               16
     800              1.169               4
     900              1.123               5
     1000             1.115               5
     1100             1.042               5
     1200             1.019               5
     1300             1.016               5
     1400             1.049               6
     1500             1.027               6
     1600             1.050               15
     1700             1.032               15
     1800             1.021               4
     1900             1.019               4
     2000             1.029               26
     2100             1.023               26
     2200             1.030               26
     2300             1.046               26
     2400             1.037               26
     2500             1.043               26
     2600             1.046               26
     2700             1.050               26
     2800             1.068               26
     2900             1.066               26
     3000             1.053               26
     3100             1.050               26
     3200             1.046               26
     3300             1.043               26
     3400             1.036               5
     3500             1.038               5
     3600             1.028               26
     3700             1.027               10
     3800             1.024               10
     3900             1.020               10
     4000             1.020               16
     4100             1.024               16
     4200             1.029               16
     4300             1.025               16
     4400             1.021               5
     4500             1.025               5
     4600             1.022               4
     4700             1.018               4
     4800             1.017               4
     4900             1.015               16
     5000             1.016               17
     5100             1.014               17
     5200             1.011               17
     5300             1.012               17
     5400             1.014               17
     5500             1.012               17
     5600             1.011               17
     5700             1.015               17
     5800             1.011               17
     5900             1.009               17
     6000             1.006               17
     6100             1.003               17
     6200             1.003               17
     6300             1.005               26
     6400             1.004               26
     6500             1.005               26
     6600             1.006               26
     6700             1.007               26
     6800             1.004               26
     6900             1.005               26
     7000             1.005               26
     7100             1.004               26
     7200             1.004               26
     7300             1.004               17
     7400             1.005               26
     7500             1.004               26
     7600             1.005               26
     7700             1.006               26
     7800             1.006               26
     7900             1.005               26
     8000             1.004               26
     8100             1.003               14
     8200             1.004               14
     8300             1.004               14
     8400             1.004               14
     8500             1.005               14
     8600             1.005               14
     8700             1.006               14
     8800             1.007               14
     8900             1.004               14
     9000             1.005               14
     9100             1.003               14
     9200             1.003               6
     9300             1.003               6
     9400             1.005               14
     9500             1.006               14
     9600             1.006               14
     9700             1.008               14
     9800             1.007               14
     9900             1.008               21
     10000            1.007               21


DIAGRAM INFORMATION

  Use View Diagram under the Diagram menu in the Mplus Editor to view the diagram.
  If running Mplus from the Mplus Diagrammer, the diagram opens automatically.

  Diagram output
    c:\users\lg05\owncloud - lukas gunschera@cloud.mrc-cbu.cam.ac.uk\dmh_lukas\projects\2024_cognitive_phenotype\code\lc

     Beginning Time:  08:17:06
        Ending Time:  08:17:30
       Elapsed Time:  00:00:24



MUTHEN & MUTHEN
3463 Stoner Ave.
Los Angeles, CA  90066

Tel: (310) 391-9971
Fax: (310) 391-8971
Web: www.StatModel.com
Support: Support@StatModel.com

Copyright (c) 1998-2023 Muthen & Muthen
